[variant_16] case=3bus.pwf  out=/Users/gabrielrufinomontenegro/pibic-opf-2025/powerflow/Codes/PF_Formulation/resultados_csv/16/3bus
1. Lendo arquivo PWF: /Users/gabrielrufinomontenegro/pibic-opf-2025/powerflow/Codes/data/3bus.pwf
[info | PWF]: Populating defaults
[warn | PWF]: DGER not found, setting pmin as 0.0 MW and pmax as 99999.0 MW
[warn | PWF]: DC line will not be parsed due to the absence of at least one those sections: DCBA, DCLI, DCNV, DCCV, DELO
-> Demovendo 1 barras slack para PV.
[info | PowerModels]: updated generator 1 cost function with order 2 to a function of order 3: [0.0, 100.0, 0.0]
[info | PowerModels]: updated generator 2 cost function with order 2 to a function of order 3: [0.0, 100.0, 0.0]

******************************************************************************
This program contains Ipopt, a library for large-scale nonlinear optimization.
 Ipopt is released as open source code under the Eclipse Public License (EPL).
         For more information visit https://github.com/coin-or/Ipopt
******************************************************************************

This is Ipopt version 3.14.4, running with linear solver MUMPS 5.4.1.

Number of nonzeros in equality constraint Jacobian...:       38
Number of nonzeros in inequality constraint Jacobian.:        0
Number of nonzeros in Lagrangian Hessian.............:       77

Total number of variables............................:       11
                     variables with only lower bounds:        0
                variables with lower and upper bounds:        5
                     variables with only upper bounds:        0
Total number of equality constraints.................:        8
Total number of inequality constraints...............:        0
        inequality constraints with only lower bounds:        0
   inequality constraints with lower and upper bounds:        0
        inequality constraints with only upper bounds:        0

iter    objective    inf_pr   inf_du lg(mu)  ||d||  lg(rg) alpha_du alpha_pr  ls
   0  0.0000000e+00 3.86e-01 0.00e+00  -1.0 0.00e+00    -  0.00e+00 0.00e+00   0
   1  5.2620637e-06 1.50e-02 1.09e-01  -1.0 2.42e-01    -  8.74e-01 1.00e+00h  1
   2  1.8963266e-07 3.08e-05 2.85e-03  -1.0 1.34e-02    -  9.91e-01 1.00e+00h  1
   3  1.8953941e-07 1.45e-10 8.14e-09  -1.0 3.48e-05    -  1.00e+00 1.00e+00h  1
   4  1.5182332e-10 5.01e-14 1.89e-08  -2.5 3.09e-07    -  1.00e+00 1.00e+00h  1
   5  4.2890200e-13 1.94e-15 1.43e-11  -3.8 8.52e-09    -  1.00e+00 1.00e+00h  1
   6  6.4516362e-17 1.72e-15 4.42e-14  -5.7 4.73e-10    -  1.00e+00 1.00e+00h  1

Number of Iterations....: 6

                                   (scaled)                 (unscaled)
Objective...............:   6.4516362142885245e-17    6.4516362142885245e-17
Dual infeasibility......:   4.4215272312604983e-14    4.4215272312604983e-14
Constraint violation....:   1.7208456881689926e-15    1.7208456881689926e-15
Variable bound violation:   0.0000000000000000e+00    0.0000000000000000e+00
Complementarity.........:   1.8449154530884888e-06    1.8449154530884888e-06
Overall NLP error.......:   1.8449154530884888e-06    1.8449154530884888e-06


Number of objective function evaluations             = 7
Number of objective gradient evaluations             = 7
Number of equality constraint evaluations            = 7
Number of inequality constraint evaluations          = 0
Number of equality constraint Jacobian evaluations   = 7
Number of inequality constraint Jacobian evaluations = 0
Number of Lagrangian Hessian evaluations             = 6
Total seconds in IPOPT                               = 2.236

EXIT: Optimal Solution Found.
2. Criando variáveis...
3. Montando equações de fluxo (AC Polar)...
4. Montando balanço nodal (Kirchhoff)...
5. Resolvendo...
Status=LOCALLY_SOLVED  solve_time=2.2372748851776123
[variant_16] OK  barras=3  ramos=3  p_loss_total=0.008900417263698834
