[variant_16] case=9bus_transformer_fields.pwf  out=/Users/gabrielrufinomontenegro/pibic-opf-2025/powerflow/Codes/PF_Formulation/resultados_csv/16/9bus_transformer_fields
1. Lendo arquivo PWF: /Users/gabrielrufinomontenegro/pibic-opf-2025/powerflow/Codes/data/9bus_transformer_fields.pwf
[info | PWF]: Populating defaults
[warn | PWF]: DGER not found, setting pmin as 0.0 MW and pmax as 99999.0 MW
[warn | PWF]: DC line will not be parsed due to the absence of at least one those sections: DCBA, DCLI, DCNV, DCCV, DELO
[info | PowerModels]: updated generator 1 cost function with order 2 to a function of order 3: [0.0, 100.0, 0.0]
[info | PowerModels]: updated generator 2 cost function with order 2 to a function of order 3: [0.0, 100.0, 0.0]
[info | PowerModels]: updated generator 3 cost function with order 2 to a function of order 3: [0.0, 100.0, 0.0]

******************************************************************************
This program contains Ipopt, a library for large-scale nonlinear optimization.
 Ipopt is released as open source code under the Eclipse Public License (EPL).
         For more information visit https://github.com/coin-or/Ipopt
******************************************************************************

This is Ipopt version 3.14.4, running with linear solver MUMPS 5.4.1.

Number of nonzeros in equality constraint Jacobian...:      117
Number of nonzeros in inequality constraint Jacobian.:        0
Number of nonzeros in Lagrangian Hessian.............:      296

Total number of variables............................:       27
                     variables with only lower bounds:        0
                variables with lower and upper bounds:       12
                     variables with only upper bounds:        0
Total number of equality constraints.................:       21
Total number of inequality constraints...............:        0
        inequality constraints with only lower bounds:        0
   inequality constraints with lower and upper bounds:        0
        inequality constraints with only upper bounds:        0

iter    objective    inf_pr   inf_du lg(mu)  ||d||  lg(rg) alpha_du alpha_pr  ls
   0  0.0000000e+00 3.20e-02 0.00e+00  -1.0 0.00e+00    -  0.00e+00 0.00e+00   0
   1  1.3318556e-05 2.28e-05 4.88e-03  -1.0 1.10e-03    -  1.00e+00 1.00e+00h  1
   2  1.0710052e-08 4.79e-11 3.04e-06  -2.5 3.34e-05    -  1.00e+00 1.00e+00h  1
   3  3.0122302e-11 1.42e-14 1.51e-09  -3.8 1.03e-07    -  1.00e+00 1.00e+00h  1
   4  4.5307963e-15 9.12e-15 4.62e-12  -5.7 5.69e-09    -  1.00e+00 1.00e+00h  1

Number of Iterations....: 4

                                   (scaled)                 (unscaled)
Objective...............:   4.5307963001237029e-15    4.5307963001237029e-15
Dual infeasibility......:   4.6238894061290808e-12    4.6238894061290808e-12
Constraint violation....:   9.1177065897340981e-15    9.1177065897340981e-15
Variable bound violation:   0.0000000000000000e+00    0.0000000000000000e+00
Complementarity.........:   1.8449339680450394e-06    1.8449339680450394e-06
Overall NLP error.......:   1.8449339680450394e-06    1.8449339680450394e-06


Number of objective function evaluations             = 5
Number of objective gradient evaluations             = 5
Number of equality constraint evaluations            = 5
Number of inequality constraint evaluations          = 0
Number of equality constraint Jacobian evaluations   = 5
Number of inequality constraint Jacobian evaluations = 0
Number of Lagrangian Hessian evaluations             = 4
Total seconds in IPOPT                               = 3.146

EXIT: Optimal Solution Found.
2. Criando variáveis...
3. Montando equações de fluxo (AC Polar)...
4. Montando balanço nodal (Kirchhoff)...
5. Resolvendo...
Status=LOCALLY_SOLVED  solve_time=3.1479830741882324
[variant_16] OK  barras=9  ramos=9  p_loss_total=0.024913923702485574
