[variant_16] case=5busfrank.pwf  out=/Users/gabrielrufinomontenegro/pibic-opf-2025/powerflow/Codes/PF_Formulation/resultados_csv/16/5busfrank
1. Lendo arquivo PWF: /Users/gabrielrufinomontenegro/pibic-opf-2025/powerflow/Codes/data/5busfrank.pwf
[info | PWF]: Populating defaults
[warn | PWF]: DGER not found, setting pmin as 0.0 MW and pmax as 99999.0 MW
[warn | PWF]: DC line will not be parsed due to the absence of at least one those sections: DCBA, DCLI, DCNV, DCCV, DELO
[warn | PWF]: Active generator with QMIN = QMAX = 0 found in PQ bus 3. Adding generator power to load power and changing generator status to off
[info | PowerModels]: updated generator 1 cost function with order 2 to a function of order 3: [0.0, 100.0, 0.0]
[info | PowerModels]: updated generator 2 cost function with order 2 to a function of order 3: [0.0, 100.0, 0.0]
[info | PowerModels]: updated generator 3 cost function with order 2 to a function of order 3: [0.0, 100.0, 0.0]

******************************************************************************
This program contains Ipopt, a library for large-scale nonlinear optimization.
 Ipopt is released as open source code under the Eclipse Public License (EPL).
         For more information visit https://github.com/coin-or/Ipopt
******************************************************************************

This is Ipopt version 3.14.4, running with linear solver MUMPS 5.4.1.

Number of nonzeros in equality constraint Jacobian...:       64
Number of nonzeros in inequality constraint Jacobian.:        0
Number of nonzeros in Lagrangian Hessian.............:      147

Total number of variables............................:       17
                     variables with only lower bounds:        0
                variables with lower and upper bounds:        7
                     variables with only upper bounds:        0
Total number of equality constraints.................:       12
Total number of inequality constraints...............:        0
        inequality constraints with only lower bounds:        0
   inequality constraints with lower and upper bounds:        0
        inequality constraints with only upper bounds:        0

iter    objective    inf_pr   inf_du lg(mu)  ||d||  lg(rg) alpha_du alpha_pr  ls
   0  0.0000000e+00 5.26e-01 0.00e+00  -1.0 0.00e+00    -  0.00e+00 0.00e+00   0
   1  1.6949361e-05 3.56e-02 3.29e-01  -1.0 2.18e-01    -  8.98e-01 1.00e+00h  1
   2  1.6234043e-07 2.37e-04 2.41e-02  -1.7 3.46e-02    -  1.00e+00 1.00e+00h  1
   3  5.8440057e-12 1.20e-08 4.76e-05  -3.8 2.88e-04    -  1.00e+00 1.00e+00h  1
   4  5.2076959e-16 1.39e-15 2.29e-11  -5.7 2.25e-08    -  1.00e+00 1.00e+00h  1

Number of Iterations....: 4

                                   (scaled)                 (unscaled)
Objective...............:   5.2076958911130249e-16    5.2076958911130249e-16
Dual infeasibility......:   2.2937937343265290e-11    2.2937937343265290e-11
Constraint violation....:   1.3877787807814457e-15    1.3877787807814457e-15
Variable bound violation:   0.0000000000000000e+00    0.0000000000000000e+00
Complementarity.........:   1.8449314398431352e-06    1.8449314398431352e-06
Overall NLP error.......:   1.8449314398431352e-06    1.8449314398431352e-06


Number of objective function evaluations             = 5
Number of objective gradient evaluations             = 5
Number of equality constraint evaluations            = 5
Number of inequality constraint evaluations          = 0
Number of equality constraint Jacobian evaluations   = 5
Number of inequality constraint Jacobian evaluations = 0
Number of Lagrangian Hessian evaluations             = 4
Total seconds in IPOPT                               = 3.341

EXIT: Optimal Solution Found.
2. Criando variáveis...
3. Montando equações de fluxo (AC Polar)...
4. Montando balanço nodal (Kirchhoff)...
5. Resolvendo...
Status=LOCALLY_SOLVED  solve_time=3.3421640396118164
[variant_16] OK  barras=5  ramos=5  p_loss_total=0.03129671298052683
