[variant_16] case=3bus_DBSH.pwf  out=/Users/gabrielrufinomontenegro/pibic-opf-2025/powerflow/Codes/PF_Formulation/resultados_csv/16/3bus_DBSH
1. Lendo arquivo PWF: /Users/gabrielrufinomontenegro/pibic-opf-2025/powerflow/Codes/data/3bus_DBSH.pwf
[info | PWF]: Populating defaults
[warn | PWF]: DGER not found, setting pmin as 0.0 MW and pmax as 99999.0 MW
[warn | PWF]: DC line will not be parsed due to the absence of at least one those sections: DCBA, DCLI, DCNV, DCCV, DELO
-> Demovendo 1 barras slack para PV.
[info | PowerModels]: updated generator 1 cost function with order 2 to a function of order 3: [0.0, 100.0, 0.0]
[info | PowerModels]: updated generator 2 cost function with order 2 to a function of order 3: [0.0, 100.0, 0.0]

******************************************************************************
This program contains Ipopt, a library for large-scale nonlinear optimization.
 Ipopt is released as open source code under the Eclipse Public License (EPL).
         For more information visit https://github.com/coin-or/Ipopt
******************************************************************************

This is Ipopt version 3.14.4, running with linear solver MUMPS 5.4.1.

Number of nonzeros in equality constraint Jacobian...:       38
Number of nonzeros in inequality constraint Jacobian.:        0
Number of nonzeros in Lagrangian Hessian.............:       77

Total number of variables............................:       11
                     variables with only lower bounds:        0
                variables with lower and upper bounds:        5
                     variables with only upper bounds:        0
Total number of equality constraints.................:        8
Total number of inequality constraints...............:        0
        inequality constraints with only lower bounds:        0
   inequality constraints with lower and upper bounds:        0
        inequality constraints with only upper bounds:        0

iter    objective    inf_pr   inf_du lg(mu)  ||d||  lg(rg) alpha_du alpha_pr  ls
   0  0.0000000e+00 4.29e-01 0.00e+00  -1.0 0.00e+00    -  0.00e+00 0.00e+00   0
   1  1.1830169e-07 2.57e-02 8.96e-02  -1.0 2.33e-01    -  9.89e-01 1.00e+00h  1
   2  4.1375636e-08 1.30e-04 1.72e-03  -1.0 2.82e-02    -  9.99e-01 1.00e+00h  1
   3  2.8736081e-11 3.90e-09 4.46e-05  -2.5 1.93e-04    -  1.00e+00 1.00e+00h  1
   4  8.6517513e-14 6.66e-16 2.30e-11  -3.8 4.98e-08    -  1.00e+00 1.00e+00h  1
   5  1.3014146e-17 1.33e-15 1.59e-13  -5.7 2.79e-09    -  1.00e+00 1.00e+00h  1

Number of Iterations....: 5

                                   (scaled)                 (unscaled)
Objective...............:   1.3014146330341770e-17    1.3014146330341770e-17
Dual infeasibility......:   1.5921008475884395e-13    1.5921008475884395e-13
Constraint violation....:   1.3322676295501878e-15    1.3322676295501878e-15
Variable bound violation:   0.0000000000000000e+00    0.0000000000000000e+00
Complementarity.........:   1.8449150507061147e-06    1.8449150507061147e-06
Overall NLP error.......:   1.8449150507061147e-06    1.8449150507061147e-06


Number of objective function evaluations             = 6
Number of objective gradient evaluations             = 6
Number of equality constraint evaluations            = 6
Number of inequality constraint evaluations          = 0
Number of equality constraint Jacobian evaluations   = 6
Number of inequality constraint Jacobian evaluations = 0
Number of Lagrangian Hessian evaluations             = 5
Total seconds in IPOPT                               = 2.667

EXIT: Optimal Solution Found.
2. Criando variáveis...
3. Montando equações de fluxo (AC Polar)...
4. Montando balanço nodal (Kirchhoff)...
5. Resolvendo...
Status=LOCALLY_SOLVED  solve_time=2.668415069580078
[variant_16] OK  barras=3  ramos=3  p_loss_total=0.029185215729453873
