[variant_16] case=3bus_shunt_fields.pwf  out=/Users/gabrielrufinomontenegro/pibic-opf-2025/powerflow/Codes/PF_Formulation/resultados_csv/16/3bus_shunt_fields
1. Lendo arquivo PWF: /Users/gabrielrufinomontenegro/pibic-opf-2025/powerflow/Codes/data/3bus_shunt_fields.pwf
[info | PWF]: Populating defaults
[warn | PWF]: DGER not found, setting pmin as 0.0 MW and pmax as 99999.0 MW
[warn | PWF]: DC line will not be parsed due to the absence of at least one those sections: DCBA, DCLI, DCNV, DCCV, DELO
[info | PowerModels]: updated generator 1 cost function with order 2 to a function of order 3: [0.0, 100.0, 0.0]
[info | PowerModels]: updated generator 2 cost function with order 2 to a function of order 3: [0.0, 100.0, 0.0]

******************************************************************************
This program contains Ipopt, a library for large-scale nonlinear optimization.
 Ipopt is released as open source code under the Eclipse Public License (EPL).
         For more information visit https://github.com/coin-or/Ipopt
******************************************************************************

This is Ipopt version 3.14.4, running with linear solver MUMPS 5.4.1.

Number of nonzeros in equality constraint Jacobian...:       37
Number of nonzeros in inequality constraint Jacobian.:        0
Number of nonzeros in Lagrangian Hessian.............:       77

Total number of variables............................:       10
                     variables with only lower bounds:        0
                variables with lower and upper bounds:        4
                     variables with only upper bounds:        0
Total number of equality constraints.................:        8
Total number of inequality constraints...............:        0
        inequality constraints with only lower bounds:        0
   inequality constraints with lower and upper bounds:        0
        inequality constraints with only upper bounds:        0

iter    objective    inf_pr   inf_du lg(mu)  ||d||  lg(rg) alpha_du alpha_pr  ls
   0  0.0000000e+00 4.98e-01 0.00e+00  -1.0 0.00e+00    -  0.00e+00 0.00e+00   0
   1  9.1918896e+02 2.04e-02 3.95e+03  -1.0 5.10e-02    -  1.00e+00 1.00e+00h  1
   2  1.1058900e+03 6.08e-05 3.26e+01  -1.0 3.39e-02    -  1.00e+00 1.00e+00h  1
   3  1.1062828e+03 6.45e-10 2.27e-04  -1.7 1.11e-04    -  1.00e+00 1.00e+00h  1
   4  1.1062828e+03 5.77e-15 1.47e-08  -3.8 9.89e-08    -  1.00e+00 1.00e+00h  1
   5  1.1062828e+03 1.05e-15 8.58e-12  -5.7 7.38e-10    -  1.00e+00 1.00e+00h  1

Number of Iterations....: 5

                                   (scaled)                 (unscaled)
Objective...............:   1.1062828008748397e+03    1.1062828008748397e+03
Dual infeasibility......:   8.5771596056616502e-12    8.5771596056616502e-12
Constraint violation....:   1.0547118733938987e-15    1.0547118733938987e-15
Variable bound violation:   0.0000000000000000e+00    0.0000000000000000e+00
Complementarity.........:   1.8449166884409428e-06    1.8449166884409428e-06
Overall NLP error.......:   1.8449166884409428e-06    1.8449166884409428e-06


Number of objective function evaluations             = 6
Number of objective gradient evaluations             = 6
Number of equality constraint evaluations            = 6
Number of inequality constraint evaluations          = 0
Number of equality constraint Jacobian evaluations   = 6
Number of inequality constraint Jacobian evaluations = 0
Number of Lagrangian Hessian evaluations             = 5
Total seconds in IPOPT                               = 2.941

EXIT: Optimal Solution Found.
2. Criando variáveis...
3. Montando equações de fluxo (AC Polar)...
4. Montando balanço nodal (Kirchhoff)...
5. Resolvendo...
Status=LOCALLY_SOLVED  solve_time=2.9426708221435547
[variant_16] OK  barras=3  ramos=3  p_loss_total=0.0262443949563389
