[variant_16] case=3busfrank_continuous_shunt.pwf  out=/Users/gabrielrufinomontenegro/pibic-opf-2025/powerflow/Codes/PF_Formulation/resultados_csv/16/3busfrank_continuous_shunt
1. Lendo arquivo PWF: /Users/gabrielrufinomontenegro/pibic-opf-2025/powerflow/Codes/data/3busfrank_continuous_shunt.pwf
[warn | PWF]: Currently there is no support for BASE   100. DASE   100. TEPA     .1 EXST     .4 TETP     5. TBPA     5. parsing
[info | PWF]: Populating defaults
[warn | PWF]: Parser doesn't have default values for section BASE   100. DASE   100. TEPA     .1 EXST     .4 TETP     5. TBPA     5.
[warn | PWF]: DGER not found, setting pmin as 0.0 MW and pmax as 99999.0 MW
[warn | PWF]: DC line will not be parsed due to the absence of at least one those sections: DCBA, DCLI, DCNV, DCCV, DELO
[warn | PWF]: Active generator with QMIN = QMAX = 0 found in PQ bus 3. Adding generator power to load power and changing generator status to off
[info | PowerModels]: updated generator 1 cost function with order 2 to a function of order 3: [0.0, 100.0, 0.0]
[info | PowerModels]: updated generator 2 cost function with order 2 to a function of order 3: [0.0, 100.0, 0.0]
[info | PowerModels]: updated generator 3 cost function with order 2 to a function of order 3: [0.0, 100.0, 0.0]

******************************************************************************
This program contains Ipopt, a library for large-scale nonlinear optimization.
 Ipopt is released as open source code under the Eclipse Public License (EPL).
         For more information visit https://github.com/coin-or/Ipopt
******************************************************************************

This is Ipopt version 3.14.4, running with linear solver MUMPS 5.4.1.

Number of nonzeros in equality constraint Jacobian...:       38
Number of nonzeros in inequality constraint Jacobian.:        0
Number of nonzeros in Lagrangian Hessian.............:       77

Total number of variables............................:       11
                     variables with only lower bounds:        0
                variables with lower and upper bounds:        5
                     variables with only upper bounds:        0
Total number of equality constraints.................:        8
Total number of inequality constraints...............:        0
        inequality constraints with only lower bounds:        0
   inequality constraints with lower and upper bounds:        0
        inequality constraints with only upper bounds:        0

iter    objective    inf_pr   inf_du lg(mu)  ||d||  lg(rg) alpha_du alpha_pr  ls
   0  0.0000000e+00 6.08e-01 0.00e+00  -1.0 0.00e+00    -  0.00e+00 0.00e+00   0
   1  6.8499160e-05 2.33e-02 3.97e-01  -1.0 2.99e-01    -  8.61e-01 1.00e+00h  1
   2  4.5527898e-08 4.30e-05 1.69e-02  -1.7 2.14e-02    -  1.00e+00 1.00e+00h  1
   3  7.9084026e-13 1.63e-10 1.85e-06  -3.8 5.31e-05    -  1.00e+00 1.00e+00h  1
   4  1.1411812e-16 1.72e-15 1.92e-12  -5.7 1.74e-08    -  1.00e+00 1.00e+00h  1

Number of Iterations....: 4

                                   (scaled)                 (unscaled)
Objective...............:   1.1411811538137309e-16    1.1411811538137309e-16
Dual infeasibility......:   1.9189125725145757e-12    1.9189125725145757e-12
Constraint violation....:   1.7208456881689926e-15    1.7208456881689926e-15
Variable bound violation:   0.0000000000000000e+00    0.0000000000000000e+00
Complementarity.........:   1.8449171844089418e-06    1.8449171844089418e-06
Overall NLP error.......:   1.8449171844089418e-06    1.8449171844089418e-06


Number of objective function evaluations             = 5
Number of objective gradient evaluations             = 5
Number of equality constraint evaluations            = 5
Number of inequality constraint evaluations          = 0
Number of equality constraint Jacobian evaluations   = 5
Number of inequality constraint Jacobian evaluations = 0
Number of Lagrangian Hessian evaluations             = 4
Total seconds in IPOPT                               = 4.108

EXIT: Optimal Solution Found.
2. Criando variáveis...
3. Montando equações de fluxo (AC Polar)...
4. Montando balanço nodal (Kirchhoff)...
5. Resolvendo...
Status=LOCALLY_SOLVED  solve_time=4.109399080276489
[variant_16] OK  barras=3  ramos=6  p_loss_total=0.018892880663200273
