[variant_16] case=3bus_DCSC.pwf  out=/Users/gabrielrufinomontenegro/pibic-opf-2025/powerflow/Codes/PF_Formulation/resultados_csv/16/3bus_DCSC
1. Lendo arquivo PWF: /Users/gabrielrufinomontenegro/pibic-opf-2025/powerflow/Codes/data/3bus_DCSC.pwf
[info | PWF]: Populating defaults
[warn | PWF]: DGER not found, setting pmin as 0.0 MW and pmax as 99999.0 MW
[warn | PWF]: DC line will not be parsed due to the absence of at least one those sections: DCBA, DCLI, DCNV, DCCV, DELO
-> Demovendo 1 barras slack para PV.
[info | PowerModels]: updated generator 1 cost function with order 2 to a function of order 3: [0.0, 100.0, 0.0]
[info | PowerModels]: updated generator 2 cost function with order 2 to a function of order 3: [0.0, 100.0, 0.0]
[info | PowerModels]: updated generator 3 cost function with order 2 to a function of order 3: [0.0, 100.0, 0.0]

******************************************************************************
This program contains Ipopt, a library for large-scale nonlinear optimization.
 Ipopt is released as open source code under the Eclipse Public License (EPL).
         For more information visit https://github.com/coin-or/Ipopt
******************************************************************************

This is Ipopt version 3.14.4, running with linear solver MUMPS 5.4.1.

Number of nonzeros in equality constraint Jacobian...:       40
Number of nonzeros in inequality constraint Jacobian.:        0
Number of nonzeros in Lagrangian Hessian.............:       78

Total number of variables............................:       12
                     variables with only lower bounds:        0
                variables with lower and upper bounds:        5
                     variables with only upper bounds:        0
Total number of equality constraints.................:        9
Total number of inequality constraints...............:        0
        inequality constraints with only lower bounds:        0
   inequality constraints with lower and upper bounds:        0
        inequality constraints with only upper bounds:        0

iter    objective    inf_pr   inf_du lg(mu)  ||d||  lg(rg) alpha_du alpha_pr  ls
   0  0.0000000e+00 2.56e-01 0.00e+00  -1.0 0.00e+00    -  0.00e+00 0.00e+00   0
   1  2.1293706e+02 4.02e-03 6.78e+02  -1.0 1.75e-01    -  9.90e-01 1.00e+00h  1
   2  2.2619538e+02 2.14e-06 1.17e+00  -1.0 5.86e-03    -  1.00e+00 1.00e+00h  1
   3  2.2619952e+02 1.18e-09 1.41e-05  -2.5 5.47e-04    -  1.00e+00 1.00e+00h  1
   4  2.2619952e+02 9.99e-13 1.41e-08  -3.8 1.69e-05    -  1.00e+00 1.00e+00h  1
   5  2.2619952e+02 4.40e-14 3.72e-11  -5.7 8.45e-07    -  1.00e+00 1.00e+00h  1

Number of Iterations....: 5

                                   (scaled)                 (unscaled)
Objective...............:   2.2619952066371886e+02    2.2619952066371886e+02
Dual infeasibility......:   3.7174616873301633e-11    3.7174616873301633e-11
Constraint violation....:   2.7267870501240012e-14    4.4048098502003086e-14
Variable bound violation:   0.0000000000000000e+00    0.0000000000000000e+00
Complementarity.........:   1.8450255325099583e-06    1.8450255325099583e-06
Overall NLP error.......:   1.8450255325099583e-06    1.8450255325099583e-06


Number of objective function evaluations             = 6
Number of objective gradient evaluations             = 6
Number of equality constraint evaluations            = 6
Number of inequality constraint evaluations          = 0
Number of equality constraint Jacobian evaluations   = 6
Number of inequality constraint Jacobian evaluations = 0
Number of Lagrangian Hessian evaluations             = 5
Total seconds in IPOPT                               = 2.703

EXIT: Optimal Solution Found.
2. Criando variáveis...
3. Montando equações de fluxo (AC Polar)...
4. Montando balanço nodal (Kirchhoff)...
5. Resolvendo...
Status=LOCALLY_SOLVED  solve_time=2.7038819789886475
[variant_16] OK  barras=3  ramos=3  p_loss_total=0.0027112209969759604
