[variant_16] case=3busfrank_qlim.pwf  out=/Users/gabrielrufinomontenegro/pibic-opf-2025/powerflow/Codes/PF_Formulation/resultados_csv/16/3busfrank_qlim
1. Lendo arquivo PWF: /Users/gabrielrufinomontenegro/pibic-opf-2025/powerflow/Codes/data/3busfrank_qlim.pwf
[info | PWF]: Populating defaults
[warn | PWF]: DGER not found, setting pmin as 0.0 MW and pmax as 99999.0 MW
[warn | PWF]: DC line will not be parsed due to the absence of at least one those sections: DCBA, DCLI, DCNV, DCCV, DELO
[info | PowerModels]: updated generator 1 cost function with order 2 to a function of order 3: [0.0, 100.0, 0.0]
[info | PowerModels]: updated generator 2 cost function with order 2 to a function of order 3: [0.0, 100.0, 0.0]

******************************************************************************
This program contains Ipopt, a library for large-scale nonlinear optimization.
 Ipopt is released as open source code under the Eclipse Public License (EPL).
         For more information visit https://github.com/coin-or/Ipopt
******************************************************************************

This is Ipopt version 3.14.4, running with linear solver MUMPS 5.4.1.

Number of nonzeros in equality constraint Jacobian...:       38
Number of nonzeros in inequality constraint Jacobian.:        0
Number of nonzeros in Lagrangian Hessian.............:       77

Total number of variables............................:       11
                     variables with only lower bounds:        0
                variables with lower and upper bounds:        5
                     variables with only upper bounds:        0
Total number of equality constraints.................:        8
Total number of inequality constraints...............:        0
        inequality constraints with only lower bounds:        0
   inequality constraints with lower and upper bounds:        0
        inequality constraints with only upper bounds:        0

iter    objective    inf_pr   inf_du lg(mu)  ||d||  lg(rg) alpha_du alpha_pr  ls
   0  0.0000000e+00 9.25e-01 0.00e+00  -1.0 0.00e+00    -  0.00e+00 0.00e+00   0
   1  6.4375345e-05 1.28e-01 2.24e+00  -1.0 6.44e-01    -  5.57e-01 9.90e-01h  1
   2  8.9371622e-05 1.21e-01 9.86e+01  -1.0 1.59e-01    -  1.00e+00 5.31e-02h  1
   3  2.9412141e-03 1.21e-01 5.04e+04  -1.0 1.38e-01    -  1.00e+00 2.40e-03h  1
   4  1.3820084e+02 6.94e-02 3.80e+04  -1.0 1.36e-01    -  1.00e+00 4.26e-01h  1
   5  1.5866530e+02 6.57e-02 3.45e+04  -1.0 7.78e-02    -  1.00e+00 5.29e-02h  1
   6  7.9234194e+02 9.62e-04 5.76e+02  -1.0 7.34e-02    -  1.00e+00 1.00e+00h  1
   7  7.9242084e+02 1.10e-09 2.23e-03  -1.0 9.17e-04    -  1.00e+00 1.00e+00h  1
   8  7.9222138e+02 1.00e-09 2.47e-04  -3.8 1.24e-04    -  1.00e+00 1.00e+00f  1
   9  7.9222089e+02 9.99e-15 2.57e-09  -6.0 4.09e-07    -  1.00e+00 1.00e+00f  1

Number of Iterations....: 9

                                   (scaled)                 (unscaled)
Objective...............:   7.9222089427149967e+02    7.9222089427149967e+02
Dual infeasibility......:   2.5746552248515141e-09    2.5746552248515141e-09
Constraint violation....:   9.9920072216264089e-15    9.9920072216264089e-15
Variable bound violation:   9.9856777291407184e-09    9.9856777291407184e-09
Complementarity.........:   9.1088342068916647e-07    9.1088342068916647e-07
Overall NLP error.......:   1.4171384102554363e-08    9.1088342068916647e-07


Number of objective function evaluations             = 10
Number of objective gradient evaluations             = 10
Number of equality constraint evaluations            = 10
Number of inequality constraint evaluations          = 0
Number of equality constraint Jacobian evaluations   = 10
Number of inequality constraint Jacobian evaluations = 0
Number of Lagrangian Hessian evaluations             = 9
Total seconds in IPOPT                               = 3.725

EXIT: Optimal Solution Found.
2. Criando variáveis...
3. Montando equações de fluxo (AC Polar)...
4. Montando balanço nodal (Kirchhoff)...
5. Resolvendo...
Status=LOCALLY_SOLVED  solve_time=3.726452112197876
[variant_16] OK  barras=3  ramos=3  p_loss_total=0.14665045142878433
