[variant_16] case=3bus_DSHL.pwf  out=/Users/gabrielrufinomontenegro/pibic-opf-2025/powerflow/Codes/PF_Formulation/resultados_csv/16/3bus_DSHL
1. Lendo arquivo PWF: /Users/gabrielrufinomontenegro/pibic-opf-2025/powerflow/Codes/data/3bus_DSHL.pwf
[info | PWF]: Populating defaults
[warn | PWF]: DGER not found, setting pmin as 0.0 MW and pmax as 99999.0 MW
[warn | PWF]: DC line will not be parsed due to the absence of at least one those sections: DCBA, DCLI, DCNV, DCCV, DELO
[warn | PWF]: Active generator with QMIN = QMAX = 0 found in PQ bus 2. Adding generator power to load power and changing generator status to off
[info | PowerModels]: updated generator 1 cost function with order 2 to a function of order 3: [0.0, 100.0, 0.0]
[info | PowerModels]: updated generator 2 cost function with order 2 to a function of order 3: [0.0, 100.0, 0.0]

******************************************************************************
This program contains Ipopt, a library for large-scale nonlinear optimization.
 Ipopt is released as open source code under the Eclipse Public License (EPL).
         For more information visit https://github.com/coin-or/Ipopt
******************************************************************************

This is Ipopt version 3.14.4, running with linear solver MUMPS 5.4.1.

Number of nonzeros in equality constraint Jacobian...:       36
Number of nonzeros in inequality constraint Jacobian.:        0
Number of nonzeros in Lagrangian Hessian.............:       77

Total number of variables............................:       10
                     variables with only lower bounds:        0
                variables with lower and upper bounds:        4
                     variables with only upper bounds:        0
Total number of equality constraints.................:        7
Total number of inequality constraints...............:        0
        inequality constraints with only lower bounds:        0
   inequality constraints with lower and upper bounds:        0
        inequality constraints with only upper bounds:        0

iter    objective    inf_pr   inf_du lg(mu)  ||d||  lg(rg) alpha_du alpha_pr  ls
   0  0.0000000e+00 3.52e+00 0.00e+00  -1.0 0.00e+00    -  0.00e+00 0.00e+00   0
   1  1.2976623e-05 2.15e+00 1.23e+00  -1.0 2.45e+00    -  3.11e-01 4.31e-01h  1
   2  6.1464291e-05 2.14e+00 1.53e+02  -1.0 1.63e+00    -  6.84e-01 6.50e-03h  1
   3  2.1463839e-01 2.13e+00 2.48e+04  -1.0 3.34e-01    -  2.71e-01 1.70e-03h  1
   4  2.6567823e+02 2.01e+00 8.99e+04  -1.0 3.40e-01    -  1.00e+00 5.71e-02h  1
   5  2.7127312e+02 2.01e+00 6.59e+05  -1.0 3.02e-01    -  3.40e-01 6.40e-04h  1
   6  3.2313178e+03 1.96e+00 7.36e+06  -1.0 1.66e+00    -  2.96e-01 2.56e-02h  1
   7  6.0104345e+05 1.25e+00 4.36e+06  -1.0 1.62e+00    -  3.38e-01 3.63e-01h  1
   8  4.1908859e+06 4.78e-03 4.65e+05  -1.0 1.06e+00    -  1.00e+00 1.00e+00h  1
   9  4.2073470e+06 3.66e-05 1.11e+03  -1.0 1.41e-02    -  1.00e+00 1.00e+00h  1
iter    objective    inf_pr   inf_du lg(mu)  ||d||  lg(rg) alpha_du alpha_pr  ls
  10  4.2074238e+06 2.95e-10 4.24e-03  -2.5 3.50e-05    -  1.00e+00 1.00e+00h  1
  11  4.2074238e+06 1.17e-15 2.72e-09  -6.0 3.28e-09    -  1.00e+00 1.00e+00f  1

Number of Iterations....: 11

                                   (scaled)                 (unscaled)
Objective...............:   4.2074238122433843e+06    4.2074238122433843e+06
Dual infeasibility......:   2.7237235036836616e-09    2.7237235036836616e-09
Constraint violation....:   1.1657341758564144e-15    1.1657341758564144e-15
Variable bound violation:   1.3039599622288733e-08    1.3039599622288733e-08
Complementarity.........:   9.0926459348955975e-07    9.0926459348955975e-07
Overall NLP error.......:   2.6180901833769627e-11    9.0926459348955975e-07


Number of objective function evaluations             = 12
Number of objective gradient evaluations             = 12
Number of equality constraint evaluations            = 12
Number of inequality constraint evaluations          = 0
Number of equality constraint Jacobian evaluations   = 12
Number of inequality constraint Jacobian evaluations = 0
Number of Lagrangian Hessian evaluations             = 11
Total seconds in IPOPT                               = 2.659

EXIT: Optimal Solution Found.
2. Criando variáveis...
3. Montando equações de fluxo (AC Polar)...
4. Montando balanço nodal (Kirchhoff)...
5. Resolvendo...
Status=LOCALLY_SOLVED  solve_time=2.660904884338379
[variant_16] OK  barras=3  ramos=3  p_loss_total=0.17738749648675878
