[variant_16] case=5busfrank_ctap.pwf  out=/Users/gabrielrufinomontenegro/pibic-opf-2025/powerflow/Codes/PF_Formulation/resultados_csv/16/5busfrank_ctap
1. Lendo arquivo PWF: /Users/gabrielrufinomontenegro/pibic-opf-2025/powerflow/Codes/data/5busfrank_ctap.pwf
[info | PWF]: Populating defaults
[warn | PWF]: DGER not found, setting pmin as 0.0 MW and pmax as 99999.0 MW
[warn | PWF]: DC line will not be parsed due to the absence of at least one those sections: DCBA, DCLI, DCNV, DCCV, DELO
[info | PowerModels]: updated generator 1 cost function with order 2 to a function of order 3: [0.0, 100.0, 0.0]
[info | PowerModels]: updated generator 2 cost function with order 2 to a function of order 3: [0.0, 100.0, 0.0]

******************************************************************************
This program contains Ipopt, a library for large-scale nonlinear optimization.
 Ipopt is released as open source code under the Eclipse Public License (EPL).
         For more information visit https://github.com/coin-or/Ipopt
******************************************************************************

This is Ipopt version 3.14.4, running with linear solver MUMPS 5.4.1.

Number of nonzeros in equality constraint Jacobian...:       64
Number of nonzeros in inequality constraint Jacobian.:        0
Number of nonzeros in Lagrangian Hessian.............:      147

Total number of variables............................:       17
                     variables with only lower bounds:        0
                variables with lower and upper bounds:        7
                     variables with only upper bounds:        0
Total number of equality constraints.................:       12
Total number of inequality constraints...............:        0
        inequality constraints with only lower bounds:        0
   inequality constraints with lower and upper bounds:        0
        inequality constraints with only upper bounds:        0

iter    objective    inf_pr   inf_du lg(mu)  ||d||  lg(rg) alpha_du alpha_pr  ls
   0  0.0000000e+00 3.00e-01 0.00e+00  -1.0 0.00e+00    -  0.00e+00 0.00e+00   0
   1  3.6011247e-05 1.57e-02 5.60e-01  -1.0 4.28e-01    -  7.94e-01 1.00e+00h  1
   2  1.6322633e-06 1.81e-04 3.36e-02  -1.7 3.90e-02    -  1.00e+00 1.00e+00h  1
   3  2.6466722e-08 4.71e-08 5.23e-04  -2.5 4.62e-04    -  1.00e+00 1.00e+00h  1
   4  6.4253553e-11 7.35e-14 8.32e-08  -3.8 6.26e-07    -  1.00e+00 1.00e+00h  1
   5  9.6609503e-15 1.78e-15 1.65e-10  -5.7 2.87e-08    -  1.00e+00 1.00e+00h  1

Number of Iterations....: 5

                                   (scaled)                 (unscaled)
Objective...............:   9.6609502531215140e-15    9.6609502531215140e-15
Dual infeasibility......:   1.6458436208951349e-10    1.6458436208951349e-10
Constraint violation....:   1.7763568394002505e-15    1.7763568394002505e-15
Variable bound violation:   0.0000000000000000e+00    0.0000000000000000e+00
Complementarity.........:   1.8450070522131881e-06    1.8450070522131881e-06
Overall NLP error.......:   1.8450070522131881e-06    1.8450070522131881e-06


Number of objective function evaluations             = 6
Number of objective gradient evaluations             = 6
Number of equality constraint evaluations            = 6
Number of inequality constraint evaluations          = 0
Number of equality constraint Jacobian evaluations   = 6
Number of inequality constraint Jacobian evaluations = 0
Number of Lagrangian Hessian evaluations             = 5
Total seconds in IPOPT                               = 3.813

EXIT: Optimal Solution Found.
2. Criando variáveis...
3. Montando equações de fluxo (AC Polar)...
4. Montando balanço nodal (Kirchhoff)...
5. Resolvendo...
Status=LOCALLY_SOLVED  solve_time=3.8140499591827393
[variant_16] OK  barras=5  ramos=5  p_loss_total=0.0459058989697807
