[variant_16] case=5busfrank_csca.pwf  out=/Users/gabrielrufinomontenegro/pibic-opf-2025/powerflow/Codes/PF_Formulation/resultados_csv/16/5busfrank_csca
1. Lendo arquivo PWF: /Users/gabrielrufinomontenegro/pibic-opf-2025/powerflow/Codes/data/5busfrank_csca.pwf
[info | PWF]: Populating defaults
[warn | PWF]: DGER not found, setting pmin as 0.0 MW and pmax as 99999.0 MW
[warn | PWF]: DC line will not be parsed due to the absence of at least one those sections: DCBA, DCLI, DCNV, DCCV, DELO
[info | PowerModels]: updated generator 1 cost function with order 2 to a function of order 3: [0.0, 100.0, 0.0]
[info | PowerModels]: updated generator 2 cost function with order 2 to a function of order 3: [0.0, 100.0, 0.0]

******************************************************************************
This program contains Ipopt, a library for large-scale nonlinear optimization.
 Ipopt is released as open source code under the Eclipse Public License (EPL).
         For more information visit https://github.com/coin-or/Ipopt
******************************************************************************

This is Ipopt version 3.14.4, running with linear solver MUMPS 5.4.1.

Number of nonzeros in equality constraint Jacobian...:       64
Number of nonzeros in inequality constraint Jacobian.:        0
Number of nonzeros in Lagrangian Hessian.............:      147

Total number of variables............................:       17
                     variables with only lower bounds:        0
                variables with lower and upper bounds:        7
                     variables with only upper bounds:        0
Total number of equality constraints.................:       12
Total number of inequality constraints...............:        0
        inequality constraints with only lower bounds:        0
   inequality constraints with lower and upper bounds:        0
        inequality constraints with only upper bounds:        0

iter    objective    inf_pr   inf_du lg(mu)  ||d||  lg(rg) alpha_du alpha_pr  ls
   0  0.0000000e+00 1.58e+00 0.00e+00  -1.0 0.00e+00    -  0.00e+00 0.00e+00   0
   1  2.2107758e-05 1.21e+00 5.37e-01  -1.0 1.52e+00    -  1.39e-01 2.44e-01h  1
   2  2.6767844e-05 1.21e+00 3.08e+02  -1.0 1.52e+00    -  4.38e-01 2.40e-03h  1
   3  2.1845552e-02 1.21e+00 3.66e+05  -1.0 1.41e+00    -  3.24e-01 2.75e-04h  1
   4  1.7898618e+04 9.13e-01 6.83e+05  -1.0 1.40e+00    -  6.86e-01 2.31e-01h  1
   5  1.8292002e+04 9.10e-01 7.56e+05  -1.0 1.12e+00    -  5.93e-01 3.33e-03h  1
   6  1.8393687e+04 9.09e-01 7.60e+05  -1.0 6.04e-01    -  4.72e-03 8.48e-04h  1
   7  2.0166959e+04 8.96e-01 7.39e+05  -1.0 5.81e-01    -  5.16e-03 1.40e-02h  1
   8  2.5748434e+04 8.63e-01 1.92e+06  -1.0 5.83e-01    -  1.00e+00 3.74e-02h  1
   9  1.9865229e+05 4.74e-01 1.03e+06  -1.0 5.70e-01    -  5.36e-02 4.71e-01h  1
iter    objective    inf_pr   inf_du lg(mu)  ||d||  lg(rg) alpha_du alpha_pr  ls
  10  2.0167373e+05 4.69e-01 1.40e+06  -1.0 2.89e-01    -  1.00e+00 9.29e-03h  1
  11  2.0181035e+05 4.69e-01 3.45e+06  -1.0 3.44e-01    -  9.94e-01 4.27e-04h  1
  12  3.8158326e+05 2.65e-01 1.50e+06  -1.0 3.81e-01    -  3.46e-02 4.42e-01h  1
  13  3.8385259e+05 2.62e-01 1.48e+06  -1.0 2.00e-01    -  8.08e-04 7.90e-03h  1
  14  3.8387757e+05 2.62e-01 1.72e+06  -1.0 1.81e-01    -  1.00e+00 8.72e-05h  1
  15  4.0166471e+05 2.46e-01 5.58e+06  -1.0 3.08e-01    -  1.00e+00 6.18e-02h  1
  16  7.8415377e+05 7.74e-04 4.66e+04  -1.0 2.89e-01    -  1.00e+00 1.00e+00h  1
  17  7.8614859e+05 1.28e-07 2.38e+01  -1.0 1.59e-03    -  1.00e+00 1.00e+00h  1
  18  7.8614837e+05 5.20e-12 4.08e-05  -3.8 4.02e-06    -  1.00e+00 1.00e+00f  1
  19  7.8614837e+05 2.11e-15 4.33e-09  -6.0 1.04e-08    -  1.00e+00 1.00e+00f  1

Number of Iterations....: 19

                                   (scaled)                 (unscaled)
Objective...............:   7.8614836744521360e+05    7.8614836744521360e+05
Dual infeasibility......:   4.3250990894218994e-09    4.3250990894218994e-09
Constraint violation....:   2.1094237467877974e-15    2.1094237467877974e-15
Variable bound violation:   1.0999859467730744e-08    1.0999859467730744e-08
Complementarity.........:   9.0964285158208322e-07    9.0964285158208322e-07
Overall NLP error.......:   9.4153544277607549e-11    9.0964285158208322e-07


Number of objective function evaluations             = 20
Number of objective gradient evaluations             = 20
Number of equality constraint evaluations            = 20
Number of inequality constraint evaluations          = 0
Number of equality constraint Jacobian evaluations   = 20
Number of inequality constraint Jacobian evaluations = 0
Number of Lagrangian Hessian evaluations             = 19
Total seconds in IPOPT                               = 4.694

EXIT: Optimal Solution Found.
2. Criando variáveis...
3. Montando equações de fluxo (AC Polar)...
4. Montando balanço nodal (Kirchhoff)...
5. Resolvendo...
Status=LOCALLY_SOLVED  solve_time=4.69522500038147
[variant_16] OK  barras=5  ramos=5  p_loss_total=0.22963134423636908
