[variant_17] case=3busfrank_qlim.pwf  out=/Users/gabrielrufinomontenegro/pibic-opf-2025/powerflow/Codes/PF_Formulation/resultados_csv/17/3busfrank_qlim
1. Lendo arquivo PWF: /Users/gabrielrufinomontenegro/pibic-opf-2025/powerflow/Codes/data/3busfrank_qlim.pwf
[info | PWF]: Populating defaults
[warn | PWF]: DGER not found, setting pmin as 0.0 MW and pmax as 99999.0 MW
[warn | PWF]: DC line will not be parsed due to the absence of at least one those sections: DCBA, DCLI, DCNV, DCCV, DELO
[info | PowerModels]: updated generator 1 cost function with order 2 to a function of order 3: [0.0, 100.0, 0.0]
[info | PowerModels]: updated generator 2 cost function with order 2 to a function of order 3: [0.0, 100.0, 0.0]

******************************************************************************
This program contains Ipopt, a library for large-scale nonlinear optimization.
 Ipopt is released as open source code under the Eclipse Public License (EPL).
         For more information visit https://github.com/coin-or/Ipopt
******************************************************************************

This is Ipopt version 3.14.4, running with linear solver MUMPS 5.4.1.

Number of nonzeros in equality constraint Jacobian...:       34
Number of nonzeros in inequality constraint Jacobian.:        8
Number of nonzeros in Lagrangian Hessian.............:       81

Total number of variables............................:       15
                     variables with only lower bounds:        4
                variables with lower and upper bounds:        5
                     variables with only upper bounds:        0
Total number of equality constraints.................:        6
Total number of inequality constraints...............:        4
        inequality constraints with only lower bounds:        2
   inequality constraints with lower and upper bounds:        0
        inequality constraints with only upper bounds:        2

iter    objective    inf_pr   inf_du lg(mu)  ||d||  lg(rg) alpha_du alpha_pr  ls
   0  3.9999920e+02 9.25e-01 2.00e+04  -1.0 0.00e+00    -  0.00e+00 0.00e+00   0
   1  3.1120970e-01 1.42e-01 5.49e+02  -1.0 6.39e-01    -  6.77e-01 9.73e-01f  1
   2  1.6628684e-01 2.96e-02 4.52e+01  -1.0 1.34e-01    -  1.00e+00 7.69e-01h  1
   3  2.0494521e-01 3.83e-03 9.84e-02  -1.0 1.01e-01    -  1.00e+00 1.00e+00f  1
   4  5.3883162e-02 2.43e-06 7.20e-03  -2.5 1.96e-03    -  1.00e+00 1.00e+00f  1
   5  1.3616714e-02 1.68e-07 3.86e-05  -3.8 1.34e-03    -  1.00e+00 1.00e+00f  1
   6  3.5557326e-03 1.12e-04 7.68e-07  -3.8 3.31e-02    -  1.00e+00 1.00e+00f  1
   7  1.0454167e-03 2.49e-08 1.50e-09  -3.8 5.30e-04    -  1.00e+00 1.00e+00h  1
   8  2.6301872e-04 2.39e-11 2.41e-08  -5.7 1.22e-05    -  1.00e+00 1.00e+00f  1
   9  6.7529366e-05 5.82e-12 1.85e-11  -5.7 6.08e-06    -  1.00e+00 1.00e+00f  1
iter    objective    inf_pr   inf_du lg(mu)  ||d||  lg(rg) alpha_du alpha_pr  ls
  10  1.8732116e-05 1.30e-12 1.85e-11  -5.7 2.84e-06    -  1.00e+00 1.00e+00f  1

Number of Iterations....: 10

                                   (scaled)                 (unscaled)
Objective...............:   1.8732116008350065e-05    1.8732116008350065e-05
Dual infeasibility......:   1.8450130312430701e-11    1.8450130312430701e-11
Constraint violation....:   1.3002932064409833e-12    1.3002932064409833e-12
Variable bound violation:   0.0000000000000000e+00    0.0000000000000000e+00
Complementarity.........:   9.4108023205193579e-06    9.4108023205193579e-06
Overall NLP error.......:   9.4108023205193579e-06    9.4108023205193579e-06


Number of objective function evaluations             = 11
Number of objective gradient evaluations             = 11
Number of equality constraint evaluations            = 11
Number of inequality constraint evaluations          = 11
Number of equality constraint Jacobian evaluations   = 11
Number of inequality constraint Jacobian evaluations = 11
Number of Lagrangian Hessian evaluations             = 10
Total seconds in IPOPT                               = 4.211

EXIT: Optimal Solution Found.
2. Criando variáveis...
3. Montando equações de fluxo (AC Polar)...
4. Montando balanço nodal (Kirchhoff)...
5. Resolvendo...
Status=LOCALLY_SOLVED  solve_time=4.212414979934692
[variant_17] OK  barras=3  ramos=3  p_loss_total=0.14161834820693375
