[variant_17] case=3bus_DBSH.pwf  out=/Users/gabrielrufinomontenegro/pibic-opf-2025/powerflow/Codes/PF_Formulation/resultados_csv/17/3bus_DBSH
1. Lendo arquivo PWF: /Users/gabrielrufinomontenegro/pibic-opf-2025/powerflow/Codes/data/3bus_DBSH.pwf
[info | PWF]: Populating defaults
[warn | PWF]: DGER not found, setting pmin as 0.0 MW and pmax as 99999.0 MW
[warn | PWF]: DC line will not be parsed due to the absence of at least one those sections: DCBA, DCLI, DCNV, DCCV, DELO
-> Demovendo 1 barras slack para PV.
[info | PowerModels]: updated generator 1 cost function with order 2 to a function of order 3: [0.0, 100.0, 0.0]
[info | PowerModels]: updated generator 2 cost function with order 2 to a function of order 3: [0.0, 100.0, 0.0]

******************************************************************************
This program contains Ipopt, a library for large-scale nonlinear optimization.
 Ipopt is released as open source code under the Eclipse Public License (EPL).
         For more information visit https://github.com/coin-or/Ipopt
******************************************************************************

This is Ipopt version 3.14.4, running with linear solver MUMPS 5.4.1.

Number of nonzeros in equality constraint Jacobian...:       39
Number of nonzeros in inequality constraint Jacobian.:        8
Number of nonzeros in Lagrangian Hessian.............:       87

Total number of variables............................:       20
                     variables with only lower bounds:        6
                variables with lower and upper bounds:        6
                     variables with only upper bounds:        0
Total number of equality constraints.................:        8
Total number of inequality constraints...............:        4
        inequality constraints with only lower bounds:        2
   inequality constraints with lower and upper bounds:        0
        inequality constraints with only upper bounds:        2

iter    objective    inf_pr   inf_du lg(mu)  ||d||  lg(rg) alpha_du alpha_pr  ls
   0  5.9999880e+02 4.29e-01 2.00e+04  -1.0 0.00e+00    -  0.00e+00 0.00e+00   0
   1  8.9943305e-02 1.76e-02 2.33e+02  -1.0 2.62e-01    -  9.88e-01 9.88e-01f  1
   2  1.3563221e-01 1.60e-02 4.97e+02  -1.0 3.00e-01    -  9.98e-01 9.55e-02h  1
   3  3.4974392e-01 9.60e-05 4.96e-01  -1.0 5.60e-02    -  1.00e+00 1.00e+00f  1
   4  1.2504609e-01 2.20e-06 4.40e-02  -1.7 4.65e-03    -  1.00e+00 1.00e+00f  1
   5  3.2654455e-02 4.62e-07 2.06e-02  -2.5 1.82e-03    -  1.00e+00 1.00e+00f  1
   6  7.4518645e-03 8.09e-08 4.63e-03  -3.8 7.19e-04    -  1.00e+00 1.00e+00f  1
   7  2.0276888e-03 1.37e-08 2.60e-04  -3.8 3.68e-04    -  1.00e+00 1.00e+00f  1
   8  5.0425995e-04 4.75e-10 1.04e-05  -5.7 6.70e-05    -  1.00e+00 1.00e+00f  1
   9  1.2863559e-04 5.47e-09 8.50e-07  -5.7 3.28e-04    -  1.00e+00 1.00e+00f  1
iter    objective    inf_pr   inf_du lg(mu)  ||d||  lg(rg) alpha_du alpha_pr  ls
  10  3.4919461e-05 4.91e-08 3.26e-08  -5.7 9.86e-04    -  1.00e+00 1.00e+00h  1
  11  1.0105054e-05 2.70e-11 8.71e-09  -6.0 2.29e-05    -  1.00e+00 1.00e+00h  1

Number of Iterations....: 11

                                   (scaled)                 (unscaled)
Objective...............:   1.0105053833979774e-05    1.0105053833979774e-05
Dual infeasibility......:   8.7136836544126748e-09    8.7136836544126748e-09
Constraint violation....:   2.7032931448900399e-11    2.7032931448900399e-11
Variable bound violation:   0.0000000000000000e+00    0.0000000000000000e+00
Complementarity.........:   3.4216400730717229e-06    3.4216400730717229e-06
Overall NLP error.......:   3.4216400730717229e-06    3.4216400730717229e-06


Number of objective function evaluations             = 12
Number of objective gradient evaluations             = 12
Number of equality constraint evaluations            = 12
Number of inequality constraint evaluations          = 12
Number of equality constraint Jacobian evaluations   = 12
Number of inequality constraint Jacobian evaluations = 12
Number of Lagrangian Hessian evaluations             = 11
Total seconds in IPOPT                               = 2.756

EXIT: Optimal Solution Found.
2. Criando variáveis...
3. Montando equações de fluxo (AC Polar)...
4. Montando balanço nodal (Kirchhoff)...
5. Resolvendo...
Status=LOCALLY_SOLVED  solve_time=2.757256031036377
[variant_17] OK  barras=3  ramos=3  p_loss_total=0.030138848494866366
