[variant_17] case=9bus_transformer_fields.pwf  out=/Users/gabrielrufinomontenegro/pibic-opf-2025/powerflow/Codes/PF_Formulation/resultados_csv/17/9bus_transformer_fields
1. Lendo arquivo PWF: /Users/gabrielrufinomontenegro/pibic-opf-2025/powerflow/Codes/data/9bus_transformer_fields.pwf
[info | PWF]: Populating defaults
[warn | PWF]: DGER not found, setting pmin as 0.0 MW and pmax as 99999.0 MW
[warn | PWF]: DC line will not be parsed due to the absence of at least one those sections: DCBA, DCLI, DCNV, DCCV, DELO
[info | PowerModels]: updated generator 1 cost function with order 2 to a function of order 3: [0.0, 100.0, 0.0]
[info | PowerModels]: updated generator 2 cost function with order 2 to a function of order 3: [0.0, 100.0, 0.0]
[info | PowerModels]: updated generator 3 cost function with order 2 to a function of order 3: [0.0, 100.0, 0.0]

******************************************************************************
This program contains Ipopt, a library for large-scale nonlinear optimization.
 Ipopt is released as open source code under the Eclipse Public License (EPL).
         For more information visit https://github.com/coin-or/Ipopt
******************************************************************************

This is Ipopt version 3.14.4, running with linear solver MUMPS 5.4.1.

Number of nonzeros in equality constraint Jacobian...:      111
Number of nonzeros in inequality constraint Jacobian.:       12
Number of nonzeros in Lagrangian Hessian.............:      302

Total number of variables............................:       33
                     variables with only lower bounds:        6
                variables with lower and upper bounds:       12
                     variables with only upper bounds:        0
Total number of equality constraints.................:       18
Total number of inequality constraints...............:        6
        inequality constraints with only lower bounds:        3
   inequality constraints with lower and upper bounds:        0
        inequality constraints with only upper bounds:        3

iter    objective    inf_pr   inf_du lg(mu)  ||d||  lg(rg) alpha_du alpha_pr  ls
   0  5.9999880e+02 3.20e-02 2.00e+04  -1.0 0.00e+00    -  0.00e+00 0.00e+00   0
   1  6.0194655e-02 1.16e-02 1.88e+02  -1.0 1.07e-01    -  9.85e-01 9.91e-01f  1
   2  1.3775162e+00 4.92e-04 1.22e-02  -1.0 4.38e-02    -  1.00e+00 1.00e+00h  1
   3  3.7480351e-01 3.28e-07 2.45e-04  -1.7 1.73e-03    -  1.00e+00 1.00e+00f  1
   4  9.7958906e-02 1.08e-07 2.70e-05  -2.5 6.89e-04    -  1.00e+00 1.00e+00f  1
   5  2.8917259e-02 4.05e-06 7.04e-08  -2.5 4.28e-03    -  1.00e+00 1.00e+00f  1
   6  7.4542339e-03 9.76e-11 2.23e-07  -3.8 3.90e-05    -  1.00e+00 1.00e+00f  1
   7  2.0954777e-03 2.86e-11 1.50e-09  -3.8 2.00e-05    -  1.00e+00 1.00e+00f  1
   8  5.2633675e-04 7.04e-12 3.30e-09  -5.7 1.07e-05    -  1.00e+00 1.00e+00f  1
   9  1.3422290e-04 1.69e-12 1.85e-11  -5.7 5.29e-06    -  1.00e+00 1.00e+00f  1
iter    objective    inf_pr   inf_du lg(mu)  ||d||  lg(rg) alpha_du alpha_pr  ls
  10  3.6303435e-05 4.04e-13 1.85e-11  -5.7 2.59e-06    -  1.00e+00 1.00e+00f  1
  11  1.0448200e-05 1.05e-13 9.09e-12  -6.0 1.30e-06    -  1.00e+00 1.00e+00f  1

Number of Iterations....: 11

                                   (scaled)                 (unscaled)
Objective...............:   1.0448199645049222e-05    1.0448199645049222e-05
Dual infeasibility......:   9.0918383932603319e-12    9.0918383932603319e-12
Constraint violation....:   1.0547118733938987e-13    1.0547118733938987e-13
Variable bound violation:   0.0000000000000000e+00    0.0000000000000000e+00
Complementarity.........:   3.5140741393658681e-06    3.5140741393658681e-06
Overall NLP error.......:   3.5140741393658681e-06    3.5140741393658681e-06


Number of objective function evaluations             = 12
Number of objective gradient evaluations             = 12
Number of equality constraint evaluations            = 12
Number of inequality constraint evaluations          = 12
Number of equality constraint Jacobian evaluations   = 12
Number of inequality constraint Jacobian evaluations = 12
Number of Lagrangian Hessian evaluations             = 11
Total seconds in IPOPT                               = 4.564

EXIT: Optimal Solution Found.
2. Criando variáveis...
3. Montando equações de fluxo (AC Polar)...
4. Montando balanço nodal (Kirchhoff)...
5. Resolvendo...
Status=LOCALLY_SOLVED  solve_time=4.566468000411987
[variant_17] OK  barras=9  ramos=9  p_loss_total=0.027769631434165998
