[variant_17] case=3bus_DCSC.pwf  out=/Users/gabrielrufinomontenegro/pibic-opf-2025/powerflow/Codes/PF_Formulation/resultados_csv/17/3bus_DCSC
1. Lendo arquivo PWF: /Users/gabrielrufinomontenegro/pibic-opf-2025/powerflow/Codes/data/3bus_DCSC.pwf
[info | PWF]: Populating defaults
[warn | PWF]: DGER not found, setting pmin as 0.0 MW and pmax as 99999.0 MW
[warn | PWF]: DC line will not be parsed due to the absence of at least one those sections: DCBA, DCLI, DCNV, DCCV, DELO
-> Demovendo 1 barras slack para PV.
[info | PowerModels]: updated generator 1 cost function with order 2 to a function of order 3: [0.0, 100.0, 0.0]
[info | PowerModels]: updated generator 2 cost function with order 2 to a function of order 3: [0.0, 100.0, 0.0]
[info | PowerModels]: updated generator 3 cost function with order 2 to a function of order 3: [0.0, 100.0, 0.0]

******************************************************************************
This program contains Ipopt, a library for large-scale nonlinear optimization.
 Ipopt is released as open source code under the Eclipse Public License (EPL).
         For more information visit https://github.com/coin-or/Ipopt
******************************************************************************

This is Ipopt version 3.14.4, running with linear solver MUMPS 5.4.1.

Number of nonzeros in equality constraint Jacobian...:       34
Number of nonzeros in inequality constraint Jacobian.:       12
Number of nonzeros in Lagrangian Hessian.............:       84

Total number of variables............................:       18
                     variables with only lower bounds:        6
                variables with lower and upper bounds:        5
                     variables with only upper bounds:        0
Total number of equality constraints.................:        6
Total number of inequality constraints...............:        6
        inequality constraints with only lower bounds:        3
   inequality constraints with lower and upper bounds:        0
        inequality constraints with only upper bounds:        3

iter    objective    inf_pr   inf_du lg(mu)  ||d||  lg(rg) alpha_du alpha_pr  ls
   0  5.9999880e+02 2.56e-01 2.00e+04  -1.0 0.00e+00    -  0.00e+00 0.00e+00   0
   1  6.0074089e-02 1.72e-02 1.88e+02  -1.0 2.16e-01    -  9.90e-01 9.91e-01f  1
   2  1.3794228e+00 1.67e-04 1.00e-03  -1.0 2.03e-01    -  1.00e+00 1.00e+00h  1
   3  3.4876572e-01 1.58e-09 2.18e-06  -2.5 6.51e-04    -  1.00e+00 1.00e+00f  1
   4  9.1486870e-02 1.97e-06 2.83e-08  -2.5 2.24e-02    -  1.00e+00 1.00e+00f  1
   5  2.3093688e-02 1.49e-13 1.50e-09  -3.8 6.15e-05    -  1.00e+00 1.00e+00f  1
   6  6.0003682e-03 3.87e-12 1.50e-09  -3.8 3.11e-05    -  1.00e+00 1.00e+00f  1
   7  1.7337063e-03 4.91e-14 1.50e-09  -3.8 1.46e-05    -  1.00e+00 1.00e+00f  1
   8  4.3592303e-04 1.56e-14 1.85e-11  -5.7 8.48e-06    -  1.00e+00 1.00e+00f  1
   9  1.1163481e-04 3.57e-14 1.84e-11  -5.7 4.21e-06    -  1.00e+00 1.00e+00f  1
iter    objective    inf_pr   inf_du lg(mu)  ||d||  lg(rg) alpha_du alpha_pr  ls
  10  3.0673590e-05 2.90e-14 1.85e-11  -5.7 2.05e-06    -  1.00e+00 1.00e+00f  1
  11  9.0525771e-06 3.70e-14 9.09e-12  -6.0 1.03e-06    -  1.00e+00 1.00e+00f  1

Number of Iterations....: 11

                                   (scaled)                 (unscaled)
Objective...............:   9.0525771424989132e-06    9.0525771424989132e-06
Dual infeasibility......:   9.0913943040504819e-12    9.0913943040504819e-12
Constraint violation....:   2.2872817448043553e-14    3.6984304507825527e-14
Variable bound violation:   0.0000000000000000e+00    0.0000000000000000e+00
Complementarity.........:   3.0442099677105830e-06    3.0442099677105830e-06
Overall NLP error.......:   3.0442099677105830e-06    3.0442099677105830e-06


Number of objective function evaluations             = 12
Number of objective gradient evaluations             = 12
Number of equality constraint evaluations            = 12
Number of inequality constraint evaluations          = 12
Number of equality constraint Jacobian evaluations   = 12
Number of inequality constraint Jacobian evaluations = 12
Number of Lagrangian Hessian evaluations             = 11
Total seconds in IPOPT                               = 3.201

EXIT: Optimal Solution Found.
2. Criando variáveis...
3. Montando equações de fluxo (AC Polar)...
4. Montando balanço nodal (Kirchhoff)...
5. Resolvendo...
Status=LOCALLY_SOLVED  solve_time=3.2026169300079346
[variant_17] OK  barras=3  ramos=3  p_loss_total=0.002882538484683561
