[variant_17] case=3bus_DSHL.pwf  out=/Users/gabrielrufinomontenegro/pibic-opf-2025/powerflow/Codes/PF_Formulation/resultados_csv/17/3bus_DSHL
1. Lendo arquivo PWF: /Users/gabrielrufinomontenegro/pibic-opf-2025/powerflow/Codes/data/3bus_DSHL.pwf
[info | PWF]: Populating defaults
[warn | PWF]: DGER not found, setting pmin as 0.0 MW and pmax as 99999.0 MW
[warn | PWF]: DC line will not be parsed due to the absence of at least one those sections: DCBA, DCLI, DCNV, DCCV, DELO
[warn | PWF]: Active generator with QMIN = QMAX = 0 found in PQ bus 2. Adding generator power to load power and changing generator status to off
[info | PowerModels]: updated generator 1 cost function with order 2 to a function of order 3: [0.0, 100.0, 0.0]
[info | PowerModels]: updated generator 2 cost function with order 2 to a function of order 3: [0.0, 100.0, 0.0]

******************************************************************************
This program contains Ipopt, a library for large-scale nonlinear optimization.
 Ipopt is released as open source code under the Eclipse Public License (EPL).
         For more information visit https://github.com/coin-or/Ipopt
******************************************************************************

This is Ipopt version 3.14.4, running with linear solver MUMPS 5.4.1.

Number of nonzeros in equality constraint Jacobian...:       34
Number of nonzeros in inequality constraint Jacobian.:        4
Number of nonzeros in Lagrangian Hessian.............:       79

Total number of variables............................:       12
                     variables with only lower bounds:        2
                variables with lower and upper bounds:        4
                     variables with only upper bounds:        0
Total number of equality constraints.................:        6
Total number of inequality constraints...............:        2
        inequality constraints with only lower bounds:        1
   inequality constraints with lower and upper bounds:        0
        inequality constraints with only upper bounds:        1

iter    objective    inf_pr   inf_du lg(mu)  ||d||  lg(rg) alpha_du alpha_pr  ls
   0  1.9999960e+02 3.52e+00 2.00e+04  -1.0 0.00e+00    -  0.00e+00 0.00e+00   0
   1  7.7000245e+01 2.32e+00 1.24e+04  -1.0 1.55e+00    -  2.24e-01 3.80e-01f  1
   2  6.9348721e+01 2.20e+00 1.18e+04  -1.0 3.48e+00    -  1.94e-01 5.11e-02f  1
   3  5.8735842e+01 2.02e+00 1.08e+04  -1.0 3.72e+00    -  1.10e-01 7.99e-02f  1
   4  5.8513517e+01 2.02e+00 2.31e+04  -1.0 1.57e+00    -  6.99e-01 1.90e-03h  1
   5  6.1798544e+01 2.02e+00 2.45e+07  -1.0 1.59e+00    -  1.00e+00 9.37e-04h  1
   6  4.0837346e+06 2.35e-02 1.29e+06  -1.0 1.66e+00    -  1.00e+00 9.91e-01h  1
   7  4.2064568e+06 3.20e-04 1.02e+04  -1.0 5.90e-02    -  1.00e+00 1.00e+00h  1
   8  4.2071407e+06 1.98e-08 2.85e-01  -1.7 2.90e-04    -  1.00e+00 1.00e+00h  1
   9  4.2071406e+06 8.88e-16 7.24e-09  -6.0 1.28e-04    -  1.00e+00 1.00e+00f  1
iter    objective    inf_pr   inf_du lg(mu)  ||d||  lg(rg) alpha_du alpha_pr  ls
  10  4.2071405e+06 8.88e-16 6.43e-09  -6.0 6.39e-05    -  1.00e+00 1.00e+00f  1
  11  4.2071405e+06 9.99e-16 1.80e-08  -6.0 3.20e-05    -  1.00e+00 1.00e+00f  1
  12  4.2071405e+06 4.44e-16 6.18e-09  -6.0 1.60e-05    -  1.00e+00 1.00e+00f  1
  13  4.2071405e+06 6.66e-16 4.33e-09  -6.0 7.98e-06    -  1.00e+00 1.00e+00f  1
  14  4.2071405e+06 4.44e-16 1.06e-08  -6.0 3.98e-06    -  1.00e+00 1.00e+00f  1

Number of Iterations....: 14

                                   (scaled)                 (unscaled)
Objective...............:   4.2071405397918010e+06    4.2071405397918010e+06
Dual infeasibility......:   1.0575966836244934e-08    1.0575966836244934e-08
Constraint violation....:   4.4408920985006262e-16    4.4408920985006262e-16
Variable bound violation:   1.3039600066377943e-08    1.3039600066377943e-08
Complementarity.........:   3.2536554608432620e-05    3.2536554608432620e-05
Overall NLP error.......:   1.4066390567480176e-09    3.2536554608432620e-05


Number of objective function evaluations             = 15
Number of objective gradient evaluations             = 15
Number of equality constraint evaluations            = 15
Number of inequality constraint evaluations          = 15
Number of equality constraint Jacobian evaluations   = 15
Number of inequality constraint Jacobian evaluations = 15
Number of Lagrangian Hessian evaluations             = 14
Total seconds in IPOPT                               = 2.716

EXIT: Optimal Solution Found.
2. Criando variáveis...
3. Montando equações de fluxo (AC Polar)...
4. Montando balanço nodal (Kirchhoff)...
5. Resolvendo...
Status=LOCALLY_SOLVED  solve_time=2.717482089996338
[variant_17] OK  barras=3  ramos=3  p_loss_total=0.17741921868352417
