[variant_17] case=5busfrank_cphs.pwf  out=/Users/gabrielrufinomontenegro/pibic-opf-2025/powerflow/Codes/PF_Formulation/resultados_csv/17/5busfrank_cphs
1. Lendo arquivo PWF: /Users/gabrielrufinomontenegro/pibic-opf-2025/powerflow/Codes/data/5busfrank_cphs.pwf
[info | PWF]: Populating defaults
[warn | PWF]: DGER not found, setting pmin as 0.0 MW and pmax as 99999.0 MW
[warn | PWF]: DC line will not be parsed due to the absence of at least one those sections: DCBA, DCLI, DCNV, DCCV, DELO
[info | PowerModels]: updated generator 1 cost function with order 2 to a function of order 3: [0.0, 100.0, 0.0]
[info | PowerModels]: updated generator 2 cost function with order 2 to a function of order 3: [0.0, 100.0, 0.0]

******************************************************************************
This program contains Ipopt, a library for large-scale nonlinear optimization.
 Ipopt is released as open source code under the Eclipse Public License (EPL).
         For more information visit https://github.com/coin-or/Ipopt
******************************************************************************

This is Ipopt version 3.14.4, running with linear solver MUMPS 5.4.1.

Number of nonzeros in equality constraint Jacobian...:       63
Number of nonzeros in inequality constraint Jacobian.:        4
Number of nonzeros in Lagrangian Hessian.............:      152

Total number of variables............................:       22
                     variables with only lower bounds:        4
                variables with lower and upper bounds:        7
                     variables with only upper bounds:        0
Total number of equality constraints.................:       12
Total number of inequality constraints...............:        2
        inequality constraints with only lower bounds:        1
   inequality constraints with lower and upper bounds:        0
        inequality constraints with only upper bounds:        1

iter    objective    inf_pr   inf_du lg(mu)  ||d||  lg(rg) alpha_du alpha_pr  ls
   0  3.9999920e+02 3.00e-01 2.00e+04  -1.0 0.00e+00    -  0.00e+00 0.00e+00   0
   1  4.0200357e-02 2.11e-02 1.91e+02  -1.0 4.28e-01    -  8.31e-01 9.91e-01f  1
   2  9.2660187e-01 8.24e-03 5.19e-02  -1.0 2.60e-01    -  1.00e+00 1.00e+00h  1
   3  2.5200459e-01 3.87e-06 3.55e-03  -1.7 1.45e-02    -  1.00e+00 1.00e+00f  1
   4  6.5847991e-02 1.38e-06 3.89e-04  -2.5 3.29e-03    -  1.00e+00 1.00e+00f  1
   5  1.9411683e-02 5.98e-05 8.67e-07  -2.5 2.16e-02    -  1.00e+00 1.00e+00f  1
   6  5.0032663e-03 1.16e-10 6.67e-07  -3.8 5.06e-05    -  1.00e+00 1.00e+00f  1
   7  1.4053836e-03 5.86e-11 1.50e-09  -3.8 2.15e-05    -  1.00e+00 1.00e+00f  1
   8  3.5299668e-04 4.95e-12 5.65e-09  -5.7 9.99e-06    -  1.00e+00 1.00e+00f  1
   9  9.0007941e-05 1.15e-12 1.84e-11  -5.7 4.96e-06    -  1.00e+00 1.00e+00f  1
iter    objective    inf_pr   inf_du lg(mu)  ||d||  lg(rg) alpha_du alpha_pr  ls
  10  2.4333420e-05 2.82e-13 1.84e-11  -5.7 2.43e-06    -  1.00e+00 1.00e+00f  1
  11  6.9980089e-06 7.63e-14 9.09e-12  -6.0 1.22e-06    -  1.00e+00 1.00e+00f  1

Number of Iterations....: 11

                                   (scaled)                 (unscaled)
Objective...............:   6.9980088520902083e-06    6.9980088520902083e-06
Dual infeasibility......:   9.0913943040504819e-12    9.0913943040504819e-12
Constraint violation....:   7.6272321791748254e-14    7.6272321791748254e-14
Variable bound violation:   0.0000000000000000e+00    0.0000000000000000e+00
Complementarity.........:   3.5329141227897480e-06    3.5329141227897480e-06
Overall NLP error.......:   3.5329141227897480e-06    3.5329141227897480e-06


Number of objective function evaluations             = 12
Number of objective gradient evaluations             = 12
Number of equality constraint evaluations            = 12
Number of inequality constraint evaluations          = 12
Number of equality constraint Jacobian evaluations   = 12
Number of inequality constraint Jacobian evaluations = 12
Number of Lagrangian Hessian evaluations             = 11
Total seconds in IPOPT                               = 4.281

EXIT: Optimal Solution Found.
2. Criando variáveis...
3. Montando equações de fluxo (AC Polar)...
4. Montando balanço nodal (Kirchhoff)...
5. Resolvendo...
Status=LOCALLY_SOLVED  solve_time=4.282770156860352
[variant_17] OK  barras=5  ramos=5  p_loss_total=0.050708454601208874
