[variant_17] case=300bus.pwf  out=/Users/gabrielrufinomontenegro/pibic-opf-2025/powerflow/Codes/PF_Formulation/resultados_csv/17/300bus
1. Lendo arquivo PWF: /Users/gabrielrufinomontenegro/pibic-opf-2025/powerflow/Codes/data/300bus.pwf
[info | PWF]: Populating defaults
[warn | PWF]: Only one limit voltage group definded, each bus will be considered as part of the group  A, regardless of its defined group
[warn | PWF]: Only one base voltage group definded, each bus will be considered as part of the group  A, regardless of its defined group
[warn | PowerModels]: this code only supports loss0 values which are consistent with the line flow bounds, changing the value on dcline 1 from 0.0 to 0.0
[info | PowerModels]: removing 3 cost terms from dcline 1: Float64[]
[info | PowerModels]: updated generator 32 cost function with order 2 to a function of order 3: [0.0, 100.0, 0.0]
[info | PowerModels]: updated generator 29 cost function with order 2 to a function of order 3: [0.0, 100.0, 0.0]
[info | PowerModels]: updated generator 1 cost function with order 2 to a function of order 3: [0.0, 100.0, 0.0]
[info | PowerModels]: updated generator 54 cost function with order 2 to a function of order 3: [0.0, 100.0, 0.0]
[info | PowerModels]: updated generator 2 cost function with order 2 to a function of order 3: [0.0, 100.0, 0.0]
[info | PowerModels]: updated generator 41 cost function with order 2 to a function of order 3: [0.0, 100.0, 0.0]
[info | PowerModels]: updated generator 65 cost function with order 2 to a function of order 3: [0.0, 100.0, 0.0]
[info | PowerModels]: updated generator 51 cost function with order 2 to a function of order 3: [0.0, 100.0, 0.0]
[info | PowerModels]: updated generator 53 cost function with order 2 to a function of order 3: [0.0, 100.0, 0.0]
[info | PowerModels]: updated generator 27 cost function with order 2 to a function of order 3: [0.0, 100.0, 0.0]
[info | PowerModels]: updated generator 42 cost function with order 2 to a function of order 3: [0.0, 100.0, 0.0]
[info | PowerModels]: updated generator 33 cost function with order 2 to a function of order 3: [0.0, 100.0, 0.0]
[info | PowerModels]: updated generator 28 cost function with order 2 to a function of order 3: [0.0, 100.0, 0.0]
[info | PowerModels]: updated generator 50 cost function with order 2 to a function of order 3: [0.0, 100.0, 0.0]
[info | PowerModels]: updated generator 52 cost function with order 2 to a function of order 3: [0.0, 100.0, 0.0]
[info | PowerModels]: updated generator 63 cost function with order 2 to a function of order 3: [0.0, 100.0, 0.0]
[info | PowerModels]: updated generator 26 cost function with order 2 to a function of order 3: [0.0, 100.0, 0.0]
[info | PowerModels]: updated generator 10 cost function with order 2 to a function of order 3: [0.0, 100.0, 0.0]
[info | PowerModels]: updated generator 24 cost function with order 2 to a function of order 3: [0.0, 100.0, 0.0]
[info | PowerModels]: updated generator 58 cost function with order 2 to a function of order 3: [0.0, 100.0, 0.0]
[info | PowerModels]: updated generator 25 cost function with order 2 to a function of order 3: [0.0, 100.0, 0.0]
[info | PowerModels]: updated generator 23 cost function with order 2 to a function of order 3: [0.0, 100.0, 0.0]
[info | PowerModels]: updated generator 49 cost function with order 2 to a function of order 3: [0.0, 100.0, 0.0]
[info | PowerModels]: updated generator 59 cost function with order 2 to a function of order 3: [0.0, 100.0, 0.0]
[info | PowerModels]: updated generator 5 cost function with order 2 to a function of order 3: [0.0, 100.0, 0.0]
[info | PowerModels]: updated generator 31 cost function with order 2 to a function of order 3: [0.0, 100.0, 0.0]
[info | PowerModels]: updated generator 62 cost function with order 2 to a function of order 3: [0.0, 100.0, 0.0]
[info | PowerModels]: updated generator 43 cost function with order 2 to a function of order 3: [0.0, 100.0, 0.0]
[info | PowerModels]: updated generator 39 cost function with order 2 to a function of order 3: [0.0, 100.0, 0.0]
[info | PowerModels]: updated generator 34 cost function with order 2 to a function of order 3: [0.0, 100.0, 0.0]
[info | PowerModels]: updated generator 44 cost function with order 2 to a function of order 3: [0.0, 100.0, 0.0]
[info | PowerModels]: updated generator 55 cost function with order 2 to a function of order 3: [0.0, 100.0, 0.0]
[info | PowerModels]: updated generator 17 cost function with order 2 to a function of order 3: [0.0, 100.0, 0.0]
[info | PowerModels]: updated generator 37 cost function with order 2 to a function of order 3: [0.0, 100.0, 0.0]
[info | PowerModels]: updated generator 47 cost function with order 2 to a function of order 3: [0.0, 100.0, 0.0]
[info | PowerModels]: updated generator 9 cost function with order 2 to a function of order 3: [0.0, 100.0, 0.0]
[info | PowerModels]: updated generator 12 cost function with order 2 to a function of order 3: [0.0, 100.0, 0.0]
[info | PowerModels]: updated generator 20 cost function with order 2 to a function of order 3: [0.0, 100.0, 0.0]
[info | PowerModels]: updated generator 6 cost function with order 2 to a function of order 3: [0.0, 100.0, 0.0]
[info | PowerModels]: updated generator 14 cost function with order 2 to a function of order 3: [0.0, 100.0, 0.0]
[info | PowerModels]: updated generator 7 cost function with order 2 to a function of order 3: [0.0, 100.0, 0.0]
[info | PowerModels]: updated generator 57 cost function with order 2 to a function of order 3: [0.0, 100.0, 0.0]
[info | PowerModels]: updated generator 8 cost function with order 2 to a function of order 3: [0.0, 100.0, 0.0]
[info | PowerModels]: updated generator 64 cost function with order 2 to a function of order 3: [0.0, 100.0, 0.0]
[info | PowerModels]: updated generator 19 cost function with order 2 to a function of order 3: [0.0, 100.0, 0.0]
[info | PowerModels]: updated generator 69 cost function with order 2 to a function of order 3: [0.0, 100.0, 0.0]
[info | PowerModels]: updated generator 60 cost function with order 2 to a function of order 3: [0.0, 100.0, 0.0]
[info | PowerModels]: updated generator 4 cost function with order 2 to a function of order 3: [0.0, 100.0, 0.0]
[info | PowerModels]: updated generator 22 cost function with order 2 to a function of order 3: [0.0, 100.0, 0.0]
[info | PowerModels]: updated generator 11 cost function with order 2 to a function of order 3: [0.0, 100.0, 0.0]
[info | PowerModels]: updated generator 35 cost function with order 2 to a function of order 3: [0.0, 100.0, 0.0]
[info | PowerModels]: updated generator 13 cost function with order 2 to a function of order 3: [0.0, 100.0, 0.0]
[info | PowerModels]: updated generator 15 cost function with order 2 to a function of order 3: [0.0, 100.0, 0.0]
[info | PowerModels]: updated generator 61 cost function with order 2 to a function of order 3: [0.0, 100.0, 0.0]
[info | PowerModels]: updated generator 67 cost function with order 2 to a function of order 3: [0.0, 100.0, 0.0]
[info | PowerModels]: updated generator 16 cost function with order 2 to a function of order 3: [0.0, 100.0, 0.0]
[info | PowerModels]: updated generator 40 cost function with order 2 to a function of order 3: [0.0, 100.0, 0.0]
[info | PowerModels]: updated generator 21 cost function with order 2 to a function of order 3: [0.0, 100.0, 0.0]
[info | PowerModels]: updated generator 38 cost function with order 2 to a function of order 3: [0.0, 100.0, 0.0]
[info | PowerModels]: updated generator 46 cost function with order 2 to a function of order 3: [0.0, 100.0, 0.0]
[info | PowerModels]: updated generator 45 cost function with order 2 to a function of order 3: [0.0, 100.0, 0.0]
[info | PowerModels]: updated generator 68 cost function with order 2 to a function of order 3: [0.0, 100.0, 0.0]
[info | PowerModels]: updated generator 56 cost function with order 2 to a function of order 3: [0.0, 100.0, 0.0]
[info | PowerModels]: updated generator 36 cost function with order 2 to a function of order 3: [0.0, 100.0, 0.0]
[info | PowerModels]: updated generator 66 cost function with order 2 to a function of order 3: [0.0, 100.0, 0.0]
[info | PowerModels]: updated generator 48 cost function with order 2 to a function of order 3: [0.0, 100.0, 0.0]
[info | PowerModels]: updated generator 18 cost function with order 2 to a function of order 3: [0.0, 100.0, 0.0]
[info | PowerModels]: updated generator 30 cost function with order 2 to a function of order 3: [0.0, 100.0, 0.0]
[info | PowerModels]: updated generator 3 cost function with order 2 to a function of order 3: [0.0, 100.0, 0.0]
[info | PowerModels]: updated dcline 1 cost function with order 0 to a function of order 3: [0.0, 0.0, 0.0]

******************************************************************************
This program contains Ipopt, a library for large-scale nonlinear optimization.
 Ipopt is released as open source code under the Eclipse Public License (EPL).
         For more information visit https://github.com/coin-or/Ipopt
******************************************************************************

This is Ipopt version 3.14.4, running with linear solver MUMPS 5.4.1.

Number of nonzeros in equality constraint Jacobian...:     4818
Number of nonzeros in inequality constraint Jacobian.:      268
Number of nonzeros in Lagrangian Hessian.............:    13720

Total number of variables............................:     1152
                     variables with only lower bounds:      138
                variables with lower and upper bounds:      368
                     variables with only upper bounds:        0
Total number of equality constraints.................:      616
Total number of inequality constraints...............:      134
        inequality constraints with only lower bounds:       67
   inequality constraints with lower and upper bounds:        0
        inequality constraints with only upper bounds:       67

iter    objective    inf_pr   inf_du lg(mu)  ||d||  lg(rg) alpha_du alpha_pr  ls
   0  1.3799972e+04 9.52e+00 2.00e+04  -1.0 0.00e+00    -  0.00e+00 0.00e+00   0
   1  1.3398663e+04 9.38e+00 1.97e+04  -1.0 1.10e+01    -  2.95e-01 1.47e-02f  1
   2  1.2281110e+04 8.96e+00 1.89e+04  -1.0 1.11e+01    -  1.14e-01 4.26e-02f  1
   3  1.0292744e+04 8.14e+00 1.73e+04  -1.0 1.07e+01    -  4.79e-02 8.46e-02f  1
   4  1.0194410e+04 8.10e+00 1.72e+04  -1.0 1.63e+01    -  4.72e-02 4.79e-03f  1
   5  9.7804418e+03 7.93e+00 1.68e+04  -1.0 1.53e+01    -  6.69e-02 2.05e-02f  1
   6  9.4357284e+03 7.79e+00 1.65e+04  -1.0 1.87e+01    -  2.35e-02 1.78e-02f  1
   7  9.3233371e+03 7.75e+00 1.64e+04  -1.0 2.62e+01    -  4.15e-02 6.01e-03f  1
   8  9.0245716e+03 7.62e+00 1.62e+04  -1.0 1.62e+01    -  1.56e-02 1.65e-02f  1
   9  8.8376900e+03 7.53e+00 1.60e+04  -1.0 1.47e+01    -  1.87e-02 1.09e-02f  1
iter    objective    inf_pr   inf_du lg(mu)  ||d||  lg(rg) alpha_du alpha_pr  ls
  10  8.7601527e+03 7.50e+00 1.59e+04  -1.0 9.25e+00    -  8.75e-03 4.74e-03f  1
  11  8.4508790e+03 7.35e+00 1.56e+04  -1.0 9.14e+00    -  4.55e-03 1.99e-02f  1
  12  8.2963206e+03 7.27e+00 2.70e+04  -1.0 8.23e+00    -  6.65e-02 1.09e-02f  1
  13  7.7566001e+03 6.95e+00 3.32e+04  -1.0 8.14e+00    -  6.25e-02 4.37e-02f  1
  14  6.9814350e+03 6.23e+00 6.14e+04  -1.0 7.35e+00    -  1.89e-01 1.04e-01f  1
  15  6.8287035e+03 5.82e+00 1.23e+05  -1.0 6.54e+00    -  2.81e-01 6.50e-02f  1
  16  6.8280858e+03 5.82e+00 1.24e+05  -1.0 5.97e+00    -  7.13e-03 9.23e-04f  1
  17  6.9471414e+03 5.28e+00 9.32e+04  -1.0 5.99e+00    -  1.79e-03 9.22e-02h  1
  18  6.9660291e+03 5.25e+00 1.02e+05  -1.0 1.21e+01    -  4.78e-02 6.11e-03h  1
  19  7.0368096e+03 5.14e+00 9.91e+04  -1.0 1.30e+01    -  1.76e-02 2.00e-02h  1
iter    objective    inf_pr   inf_du lg(mu)  ||d||  lg(rg) alpha_du alpha_pr  ls
  20  7.3598757e+03 4.81e+00 1.29e+05  -1.0 4.80e+00    -  2.43e-01 6.53e-02h  1
  21  7.3691526e+03 4.80e+00 1.30e+05  -1.0 6.32e+00    -  4.61e-03 1.59e-03h  1
  22  7.6992181e+03 4.57e+00 1.15e+05  -1.0 4.41e+00    -  1.83e-04 4.77e-02h  1
  23  8.4687645e+03 4.16e+00 1.06e+05  -1.0 4.12e+00    -  9.97e-02 9.05e-02h  1
  24  8.7262600e+03 4.04e+00 1.06e+05  -1.0 4.55e+00    -  4.70e-02 2.77e-02h  1
  25  8.8311322e+03 4.00e+00 1.16e+05  -1.0 5.35e+00    -  8.99e-02 1.10e-02h  1
  26  8.9981693e+03 3.93e+00 1.14e+05  -1.0 2.72e+01    -  2.21e-02 1.73e-02h  1
  27  9.0551121e+03 3.90e+00 1.14e+05  -1.0 1.87e+01    -  9.01e-03 5.83e-03h  1
  28  9.0989708e+03 3.89e+00 1.14e+05  -1.0 7.63e+00    -  5.07e-03 4.43e-03h  1
  29  9.3772492e+03 3.78e+00 1.10e+05  -1.0 1.36e+01    -  2.17e-02 2.74e-02h  1
iter    objective    inf_pr   inf_du lg(mu)  ||d||  lg(rg) alpha_du alpha_pr  ls
  30  9.9212941e+03 3.59e+00 9.85e+04  -1.0 3.26e+00    -  4.04e-03 5.08e-02h  1
  31  1.0352553e+04 3.45e+00 1.01e+05  -1.0 3.11e+00    -  9.04e-02 3.91e-02h  1
  32  1.0360070e+04 3.45e+00 1.03e+05  -1.0 1.94e+01    -  2.13e-02 6.90e-04h  1
  33  1.2243936e+04 2.92e+00 7.09e+04  -1.0 3.41e+00    -  1.20e-03 1.53e-01h  1
  34  1.2745731e+04 2.79e+00 9.29e+04  -1.0 2.40e+00    -  2.72e-01 4.22e-02h  1
  35  1.2753994e+04 2.79e+00 9.35e+04  -1.0 5.39e+00    -  8.96e-03 7.11e-04h  1
  36  1.2852834e+04 2.77e+00 9.22e+04  -1.0 2.25e+00    -  1.55e-03 8.40e-03h  1
  37  1.2865508e+04 2.77e+00 9.26e+04  -1.0 4.57e+00    -  8.51e-03 1.08e-03h  1
  38  1.3974262e+04 2.52e+00 7.73e+04  -1.0 2.11e+00    -  1.06e-03 9.04e-02h  1
  39  1.4155811e+04 2.48e+00 8.12e+04  -1.0 1.93e+00    -  8.07e-02 1.54e-02h  1
iter    objective    inf_pr   inf_du lg(mu)  ||d||  lg(rg) alpha_du alpha_pr  ls
  40  1.6397410e+04 2.03e+00 5.81e+04  -1.0 2.12e+00    -  6.12e-02 1.80e-01h  1
  41  1.6440618e+04 2.02e+00 6.34e+04  -1.0 9.77e+00    -  8.47e-02 3.91e-03h  1
  42  1.7018319e+04 1.92e+00 7.63e+04  -1.0 9.54e+00    -  3.09e-01 5.17e-02h  1
  43  1.8623871e+04 1.65e+00 8.98e+04  -1.0 1.33e+00    -  7.02e-01 1.43e-01h  1
  44  1.8826181e+04 1.61e+00 9.16e+04  -1.0 7.32e+00  -2.0 2.96e-01 1.99e-02h  1
  45  1.9437249e+04 1.52e+00 8.56e+04  -1.0 1.15e+00    -  3.82e-03 5.99e-02h  1
  46  1.9445399e+04 1.52e+00 8.56e+04  -1.0 2.42e+01    -  1.65e-02 8.38e-04h  1
  47  1.9451187e+04 1.51e+00 8.56e+04  -1.0 4.51e+01   1.1 2.08e-04 5.78e-04h  1
  48  1.9452892e+04 1.51e+00 8.57e+04  -1.0 6.14e+01    -  4.18e-02 1.77e-04h  1
  49  1.9787173e+04 1.47e+00 8.32e+04  -1.0 2.16e+01    -  8.26e-03 2.85e-02h  1
iter    objective    inf_pr   inf_du lg(mu)  ||d||  lg(rg) alpha_du alpha_pr  ls
  50  1.9789070e+04 1.47e+00 8.32e+04  -1.0 2.69e+02    -  8.88e-06 8.79e-05h  1
  51  1.9789450e+04 1.47e+00 8.33e+04  -1.0 2.57e+01    -  8.06e-03 2.80e-05h  1
  52  1.9813119e+04 1.47e+00 8.31e+04  -1.0 2.99e+01    -  4.91e-03 1.75e-03h  1
  53  1.9814004e+04 1.47e+00 8.31e+04  -1.0 5.45e+01    -  1.04e-04 6.54e-05h  1
  54  1.9987620e+04 1.45e+00 8.21e+04  -1.0 2.95e+01    -  1.27e-04 1.20e-02h  1
  55  1.9991178e+04 1.45e+00 8.21e+04  -1.0 1.50e+01    -  7.13e-03 2.36e-04h  1
  56  2.0038730e+04 1.45e+00 8.16e+04  -1.0 5.74e+01    -  3.29e-05 2.41e-03h  3
  57r 2.0038730e+04 1.45e+00 1.00e+03   0.1 0.00e+00    -  0.00e+00 3.06e-07R 10
  58r 1.0046388e+05 1.06e+00 1.00e+03   0.1 6.85e+02    -  6.28e-04 1.95e-03f  1
  59  1.0045940e+05 1.06e+00 2.78e+05  -1.0 8.08e+00    -  1.67e-02 2.35e-05f  1
iter    objective    inf_pr   inf_du lg(mu)  ||d||  lg(rg) alpha_du alpha_pr  ls
  60  1.0002868e+05 1.05e+00 2.77e+05  -1.0 1.73e+01    -  1.30e-02 3.10e-03f  1
  61  9.6725888e+04 1.03e+00 2.70e+05  -1.0 1.88e+01    -  2.15e-02 2.43e-02f  1
  62  9.6204911e+04 1.02e+00 2.69e+05  -1.0 1.24e+01    -  5.46e-02 3.92e-03f  1
  63  9.6078028e+04 1.02e+00 2.69e+05  -1.0 1.38e+01    -  2.13e-03 1.23e-03f  1
  64  9.5900647e+04 1.02e+00 2.68e+05  -1.0 1.81e+01    -  3.28e-03 1.86e-03f  1
  65  9.5845613e+04 1.02e+00 2.68e+05  -1.0 1.27e+01    -  5.71e-03 6.89e-04f  1
  66  9.5383091e+04 1.01e+00 2.66e+05  -1.0 8.24e+00    -  2.15e-03 6.47e-03f  1
  67  9.4351759e+04 9.99e-01 2.63e+05  -1.0 1.70e+01    -  1.51e-03 1.33e-02f  1
  68  9.2780482e+04 9.78e-01 2.57e+05  -1.0 1.78e+01    -  4.74e-02 2.16e-02f  1
  69  8.4902951e+04 8.37e-01 2.21e+05  -1.0 1.86e+01    -  4.58e-02 1.39e-01f  1
iter    objective    inf_pr   inf_du lg(mu)  ||d||  lg(rg) alpha_du alpha_pr  ls
  70  8.4831261e+04 8.35e-01 2.21e+05  -1.0 2.20e+01    -  2.11e-01 1.81e-03f  1
  71  8.2618727e+04 7.81e-01 2.07e+05  -1.0 2.18e+01    -  6.23e-04 6.36e-02f  1
  72  8.2599059e+04 7.80e-01 2.07e+05  -1.0 2.20e+01    -  8.27e-02 6.51e-04f  1
  73  8.2585460e+04 7.78e-01 8.77e+05  -1.0 7.85e-01    -  5.49e-01 3.57e-03f  1
  74  8.2711423e+04 7.19e-01 9.43e+05  -1.0 7.82e-01    -  2.84e-01 7.58e-02h  1
  75  8.2806207e+04 7.14e-01 9.32e+05  -1.0 2.30e+00    -  2.55e-04 6.60e-03h  1
  76  8.2841665e+04 7.13e-01 1.03e+06  -1.0 6.95e-01   3.4 7.97e-02 1.52e-03h  1
  77  8.3873152e+04 6.86e-01 9.54e+05  -1.0 2.93e+00   2.9 5.85e-03 3.75e-02h  1
  78  8.4132660e+04 6.81e-01 1.11e+06  -1.0 9.54e-01   3.3 1.27e-01 7.70e-03h  1
  79  8.6586451e+04 6.39e-01 9.66e+05  -1.0 6.69e-01   3.7 1.55e-03 6.11e-02h  1
iter    objective    inf_pr   inf_du lg(mu)  ||d||  lg(rg) alpha_du alpha_pr  ls
  80  8.8812606e+04 6.08e-01 9.51e+05  -1.0 1.43e+00   3.3 7.74e-02 4.91e-02h  1
  81  9.0497688e+04 5.87e-01 9.57e+05  -1.0 5.94e-01   3.7 6.72e-02 3.43e-02h  1
  82  9.0836104e+04 5.83e-01 1.02e+06  -1.0 3.68e+00   3.2 8.25e-02 7.11e-03h  1
  83  9.2126414e+04 5.68e-01 1.27e+06  -1.0 6.42e-01    -  2.95e-01 2.46e-02h  1
  84  9.6187051e+04 5.28e-01 1.72e+06  -1.0 6.68e-01    -  7.63e-01 7.10e-02h  1
  85  1.0466460e+05 4.58e-01 1.50e+06  -1.0 7.32e-01    -  1.66e-01 1.32e-01h  1
  86  1.1786088e+05 3.69e-01 1.41e+06  -1.0 9.25e-01    -  1.00e+00 1.94e-01h  1
  87  1.2580026e+05 3.24e-01 1.24e+06  -1.0 1.49e+00    -  5.50e-01 1.24e-01h  1
  88  1.2599238e+05 3.22e-01 1.29e+06  -1.0 1.46e+00    -  2.12e-01 3.25e-03h  1
  89  1.3607533e+05 2.71e-01 1.02e+06  -1.0 8.75e-01    -  1.44e-03 1.61e-01h  1
iter    objective    inf_pr   inf_du lg(mu)  ||d||  lg(rg) alpha_du alpha_pr  ls
  90  1.3668995e+05 2.68e-01 1.01e+06  -1.0 8.10e-01    -  7.32e-02 1.09e-02h  1
  91  1.3954186e+05 2.54e-01 9.44e+05  -1.0 2.30e-01    -  1.11e-03 5.05e-02h  1
  92  1.4090427e+05 2.48e-01 9.58e+05  -1.0 2.24e-01    -  1.26e-01 2.50e-02h  1
  93  1.4867982e+05 2.13e-01 7.88e+05  -1.0 2.10e-01    -  1.51e-03 1.40e-01h  1
  94  1.5304544e+05 1.95e-01 8.42e+05  -1.0 4.18e+00    -  7.36e-03 8.30e-02h  1
  95  1.5309036e+05 1.95e-01 7.41e+05  -1.0 2.89e+00    -  7.20e-02 1.06e-03h  1
  96  1.5334833e+05 1.94e-01 9.66e+05  -1.0 1.80e-01    -  6.79e-01 5.80e-03h  1
  97  1.6692213e+05 1.38e-01 7.68e+05  -1.0 1.79e-01    -  1.00e+00 2.91e-01h  1
  98  1.6751418e+05 1.35e-01 7.90e+05  -1.0 1.27e-01    -  1.00e+00 1.68e-02h  1
  99  1.7769157e+05 9.69e-02 5.80e+05  -1.0 1.24e-01    -  1.00e+00 2.83e-01h  1
iter    objective    inf_pr   inf_du lg(mu)  ||d||  lg(rg) alpha_du alpha_pr  ls
 100  2.0233215e+05 1.37e-02 8.38e+04  -1.0 8.90e-02    -  1.00e+00 8.59e-01h  1
 101  2.0684616e+05 5.06e-06 1.19e+02  -1.0 1.23e-02    -  1.00e+00 1.00e+00h  1
 102  2.0683432e+05 3.07e-09 7.68e-04  -2.5 2.24e-04    -  1.00e+00 1.00e+00f  1
 103  2.0683248e+05 1.18e-11 3.61e-01  -5.7 8.14e-05    -  1.00e+00 9.97e-01f  1
 104  2.0683208e+05 3.15e-13 2.56e-07  -5.7 4.08e-05    -  1.00e+00 1.00e+00f  1
 105  2.0683198e+05 3.14e-13 3.97e-07  -6.0 2.04e-05    -  1.00e+00 1.00e+00f  1
 106  2.0683196e+05 6.85e-13 1.99e-07  -6.0 1.02e-05    -  1.00e+00 1.00e+00f  1
 107  2.0683195e+05 4.32e-13 2.21e-07  -6.0 5.06e-06    -  1.00e+00 1.00e+00f  1

Number of Iterations....: 107

                                   (scaled)                 (unscaled)
Objective...............:   2.0683194994417013e+05    2.0683194994417013e+05
Dual infeasibility......:   2.2128798077603737e-07    2.2128798077603737e-07
Constraint violation....:   5.1847415249994810e-14    4.3202030494682298e-13
Variable bound violation:   4.1949730800183715e-08    4.1949730800183715e-08
Complementarity.........:   2.6544026640804334e-05    2.6544026640804334e-05
Overall NLP error.......:   1.8647855652711113e-07    2.6544026640804334e-05


Number of objective function evaluations             = 122
Number of objective gradient evaluations             = 108
Number of equality constraint evaluations            = 122
Number of inequality constraint evaluations          = 122
Number of equality constraint Jacobian evaluations   = 109
Number of inequality constraint Jacobian evaluations = 109
Number of Lagrangian Hessian evaluations             = 107
Total seconds in IPOPT                               = 4.455

EXIT: Optimal Solution Found.
2. Criando variáveis...
3. Montando equações de fluxo (AC Polar)...
4. Montando balanço nodal (Kirchhoff)...
5. Resolvendo...
Status=LOCALLY_SOLVED  solve_time=4.456186056137085
[variant_17] OK  barras=300  ramos=411  p_loss_total=5.673279082583872
