[variant_17] case=500bus.pwf  out=/Users/gabrielrufinomontenegro/pibic-opf-2025/powerflow/Codes/PF_Formulation/resultados_csv/17/500bus
1. Lendo arquivo PWF: /Users/gabrielrufinomontenegro/pibic-opf-2025/powerflow/Codes/data/500bus.pwf
[info | PWF]: Populating defaults
[warn | PWF]: Only one limit voltage group definded, each bus will be considered as part of the group  A, regardless of its defined group
[warn | PWF]: Only one base voltage group definded, each bus will be considered as part of the group  A, regardless of its defined group
[warn | PWF]: DC line will not be parsed due to the absence of at least one those sections: DCBA, DCLI, DCNV, DCCV, DELO
[warn | PowerModels]: removing zero rate_a limit on branch 407
[warn | PowerModels]: removing zero rate_b limit on branch 407
[warn | PowerModels]: removing zero rate_c limit on branch 407
[warn | PowerModels]: removing zero rate_a limit on branch 416
[warn | PowerModels]: removing zero rate_b limit on branch 416
[warn | PowerModels]: removing zero rate_c limit on branch 416
[warn | PowerModels]: removing zero rate_a limit on branch 300
[warn | PowerModels]: removing zero rate_b limit on branch 300
[warn | PowerModels]: removing zero rate_c limit on branch 300
[warn | PowerModels]: removing zero rate_a limit on branch 35
[warn | PowerModels]: removing zero rate_b limit on branch 35
[warn | PowerModels]: removing zero rate_c limit on branch 35
[warn | PowerModels]: removing zero rate_a limit on branch 461
[warn | PowerModels]: removing zero rate_b limit on branch 461
[warn | PowerModels]: removing zero rate_c limit on branch 461
[warn | PowerModels]: removing zero rate_a limit on branch 4
[warn | PowerModels]: removing zero rate_b limit on branch 4
[warn | PowerModels]: removing zero rate_c limit on branch 4
[warn | PowerModels]: removing zero rate_a limit on branch 382
[warn | PowerModels]: removing zero rate_b limit on branch 382
[warn | PowerModels]: removing zero rate_c limit on branch 382
[warn | PowerModels]: removing zero rate_a limit on branch 313
[warn | PowerModels]: removing zero rate_b limit on branch 313
[warn | PowerModels]: removing zero rate_c limit on branch 313
[warn | PowerModels]: removing zero rate_a limit on branch 156
[warn | PowerModels]: removing zero rate_b limit on branch 156
[warn | PowerModels]: removing zero rate_c limit on branch 156
[info | PowerModels]: updated generator 32 cost function with order 2 to a function of order 3: [0.0, 100.0, 0.0]
[info | PowerModels]: updated generator 29 cost function with order 2 to a function of order 3: [0.0, 100.0, 0.0]
[info | PowerModels]: updated generator 1 cost function with order 2 to a function of order 3: [0.0, 100.0, 0.0]
[info | PowerModels]: updated generator 54 cost function with order 2 to a function of order 3: [0.0, 100.0, 0.0]
[info | PowerModels]: updated generator 78 cost function with order 2 to a function of order 3: [0.0, 100.0, 0.0]
[info | PowerModels]: updated generator 81 cost function with order 2 to a function of order 3: [0.0, 100.0, 0.0]
[info | PowerModels]: updated generator 2 cost function with order 2 to a function of order 3: [0.0, 100.0, 0.0]
[info | PowerModels]: updated generator 74 cost function with order 2 to a function of order 3: [0.0, 100.0, 0.0]
[info | PowerModels]: updated generator 41 cost function with order 2 to a function of order 3: [0.0, 100.0, 0.0]
[info | PowerModels]: updated generator 65 cost function with order 2 to a function of order 3: [0.0, 100.0, 0.0]
[info | PowerModels]: updated generator 51 cost function with order 2 to a function of order 3: [0.0, 100.0, 0.0]
[info | PowerModels]: updated generator 53 cost function with order 2 to a function of order 3: [0.0, 100.0, 0.0]
[info | PowerModels]: updated generator 27 cost function with order 2 to a function of order 3: [0.0, 100.0, 0.0]
[info | PowerModels]: updated generator 75 cost function with order 2 to a function of order 3: [0.0, 100.0, 0.0]
[info | PowerModels]: updated generator 42 cost function with order 2 to a function of order 3: [0.0, 100.0, 0.0]
[info | PowerModels]: updated generator 33 cost function with order 2 to a function of order 3: [0.0, 100.0, 0.0]
[info | PowerModels]: updated generator 28 cost function with order 2 to a function of order 3: [0.0, 100.0, 0.0]
[info | PowerModels]: updated generator 50 cost function with order 2 to a function of order 3: [0.0, 100.0, 0.0]
[info | PowerModels]: updated generator 52 cost function with order 2 to a function of order 3: [0.0, 100.0, 0.0]
[info | PowerModels]: updated generator 63 cost function with order 2 to a function of order 3: [0.0, 100.0, 0.0]
[info | PowerModels]: updated generator 88 cost function with order 2 to a function of order 3: [0.0, 100.0, 0.0]
[info | PowerModels]: updated generator 26 cost function with order 2 to a function of order 3: [0.0, 100.0, 0.0]
[info | PowerModels]: updated generator 10 cost function with order 2 to a function of order 3: [0.0, 100.0, 0.0]
[info | PowerModels]: updated generator 77 cost function with order 2 to a function of order 3: [0.0, 100.0, 0.0]
[info | PowerModels]: updated generator 24 cost function with order 2 to a function of order 3: [0.0, 100.0, 0.0]
[info | PowerModels]: updated generator 87 cost function with order 2 to a function of order 3: [0.0, 100.0, 0.0]
[info | PowerModels]: updated generator 58 cost function with order 2 to a function of order 3: [0.0, 100.0, 0.0]
[info | PowerModels]: updated generator 25 cost function with order 2 to a function of order 3: [0.0, 100.0, 0.0]
[info | PowerModels]: updated generator 23 cost function with order 2 to a function of order 3: [0.0, 100.0, 0.0]
[info | PowerModels]: updated generator 49 cost function with order 2 to a function of order 3: [0.0, 100.0, 0.0]
[info | PowerModels]: updated generator 59 cost function with order 2 to a function of order 3: [0.0, 100.0, 0.0]
[info | PowerModels]: updated generator 5 cost function with order 2 to a function of order 3: [0.0, 100.0, 0.0]
[info | PowerModels]: updated generator 31 cost function with order 2 to a function of order 3: [0.0, 100.0, 0.0]
[info | PowerModels]: updated generator 89 cost function with order 2 to a function of order 3: [0.0, 100.0, 0.0]
[info | PowerModels]: updated generator 62 cost function with order 2 to a function of order 3: [0.0, 100.0, 0.0]
[info | PowerModels]: updated generator 43 cost function with order 2 to a function of order 3: [0.0, 100.0, 0.0]
[info | PowerModels]: updated generator 90 cost function with order 2 to a function of order 3: [0.0, 100.0, 0.0]
[info | PowerModels]: updated generator 39 cost function with order 2 to a function of order 3: [0.0, 100.0, 0.0]
[info | PowerModels]: updated generator 34 cost function with order 2 to a function of order 3: [0.0, 100.0, 0.0]
[info | PowerModels]: updated generator 44 cost function with order 2 to a function of order 3: [0.0, 100.0, 0.0]
[info | PowerModels]: updated generator 55 cost function with order 2 to a function of order 3: [0.0, 100.0, 0.0]
[info | PowerModels]: updated generator 86 cost function with order 2 to a function of order 3: [0.0, 100.0, 0.0]
[info | PowerModels]: updated generator 17 cost function with order 2 to a function of order 3: [0.0, 100.0, 0.0]
[info | PowerModels]: updated generator 71 cost function with order 2 to a function of order 3: [0.0, 100.0, 0.0]
[info | PowerModels]: updated generator 37 cost function with order 2 to a function of order 3: [0.0, 100.0, 0.0]
[info | PowerModels]: updated generator 47 cost function with order 2 to a function of order 3: [0.0, 100.0, 0.0]
[info | PowerModels]: updated generator 9 cost function with order 2 to a function of order 3: [0.0, 100.0, 0.0]
[info | PowerModels]: updated generator 73 cost function with order 2 to a function of order 3: [0.0, 100.0, 0.0]
[info | PowerModels]: updated generator 82 cost function with order 2 to a function of order 3: [0.0, 100.0, 0.0]
[info | PowerModels]: updated generator 12 cost function with order 2 to a function of order 3: [0.0, 100.0, 0.0]
[info | PowerModels]: updated generator 79 cost function with order 2 to a function of order 3: [0.0, 100.0, 0.0]
[info | PowerModels]: updated generator 20 cost function with order 2 to a function of order 3: [0.0, 100.0, 0.0]
[info | PowerModels]: updated generator 6 cost function with order 2 to a function of order 3: [0.0, 100.0, 0.0]
[info | PowerModels]: updated generator 84 cost function with order 2 to a function of order 3: [0.0, 100.0, 0.0]
[info | PowerModels]: updated generator 80 cost function with order 2 to a function of order 3: [0.0, 100.0, 0.0]
[info | PowerModels]: updated generator 70 cost function with order 2 to a function of order 3: [0.0, 100.0, 0.0]
[info | PowerModels]: updated generator 14 cost function with order 2 to a function of order 3: [0.0, 100.0, 0.0]
[info | PowerModels]: updated generator 7 cost function with order 2 to a function of order 3: [0.0, 100.0, 0.0]
[info | PowerModels]: updated generator 57 cost function with order 2 to a function of order 3: [0.0, 100.0, 0.0]
[info | PowerModels]: updated generator 8 cost function with order 2 to a function of order 3: [0.0, 100.0, 0.0]
[info | PowerModels]: updated generator 64 cost function with order 2 to a function of order 3: [0.0, 100.0, 0.0]
[info | PowerModels]: updated generator 19 cost function with order 2 to a function of order 3: [0.0, 100.0, 0.0]
[info | PowerModels]: updated generator 69 cost function with order 2 to a function of order 3: [0.0, 100.0, 0.0]
[info | PowerModels]: updated generator 60 cost function with order 2 to a function of order 3: [0.0, 100.0, 0.0]
[info | PowerModels]: updated generator 4 cost function with order 2 to a function of order 3: [0.0, 100.0, 0.0]
[info | PowerModels]: updated generator 22 cost function with order 2 to a function of order 3: [0.0, 100.0, 0.0]
[info | PowerModels]: updated generator 11 cost function with order 2 to a function of order 3: [0.0, 100.0, 0.0]
[info | PowerModels]: updated generator 35 cost function with order 2 to a function of order 3: [0.0, 100.0, 0.0]
[info | PowerModels]: updated generator 13 cost function with order 2 to a function of order 3: [0.0, 100.0, 0.0]
[info | PowerModels]: updated generator 15 cost function with order 2 to a function of order 3: [0.0, 100.0, 0.0]
[info | PowerModels]: updated generator 61 cost function with order 2 to a function of order 3: [0.0, 100.0, 0.0]
[info | PowerModels]: updated generator 67 cost function with order 2 to a function of order 3: [0.0, 100.0, 0.0]
[info | PowerModels]: updated generator 16 cost function with order 2 to a function of order 3: [0.0, 100.0, 0.0]
[info | PowerModels]: updated generator 40 cost function with order 2 to a function of order 3: [0.0, 100.0, 0.0]
[info | PowerModels]: updated generator 21 cost function with order 2 to a function of order 3: [0.0, 100.0, 0.0]
[info | PowerModels]: updated generator 38 cost function with order 2 to a function of order 3: [0.0, 100.0, 0.0]
[info | PowerModels]: updated generator 46 cost function with order 2 to a function of order 3: [0.0, 100.0, 0.0]
[info | PowerModels]: updated generator 72 cost function with order 2 to a function of order 3: [0.0, 100.0, 0.0]
[info | PowerModels]: updated generator 83 cost function with order 2 to a function of order 3: [0.0, 100.0, 0.0]
[info | PowerModels]: updated generator 45 cost function with order 2 to a function of order 3: [0.0, 100.0, 0.0]
[info | PowerModels]: updated generator 68 cost function with order 2 to a function of order 3: [0.0, 100.0, 0.0]
[info | PowerModels]: updated generator 56 cost function with order 2 to a function of order 3: [0.0, 100.0, 0.0]
[info | PowerModels]: updated generator 36 cost function with order 2 to a function of order 3: [0.0, 100.0, 0.0]
[info | PowerModels]: updated generator 66 cost function with order 2 to a function of order 3: [0.0, 100.0, 0.0]
[info | PowerModels]: updated generator 76 cost function with order 2 to a function of order 3: [0.0, 100.0, 0.0]
[info | PowerModels]: updated generator 85 cost function with order 2 to a function of order 3: [0.0, 100.0, 0.0]
[info | PowerModels]: updated generator 48 cost function with order 2 to a function of order 3: [0.0, 100.0, 0.0]
[info | PowerModels]: updated generator 18 cost function with order 2 to a function of order 3: [0.0, 100.0, 0.0]
[info | PowerModels]: updated generator 30 cost function with order 2 to a function of order 3: [0.0, 100.0, 0.0]
[info | PowerModels]: updated generator 3 cost function with order 2 to a function of order 3: [0.0, 100.0, 0.0]

******************************************************************************
This program contains Ipopt, a library for large-scale nonlinear optimization.
 Ipopt is released as open source code under the Eclipse Public License (EPL).
         For more information visit https://github.com/coin-or/Ipopt
******************************************************************************

This is Ipopt version 3.14.4, running with linear solver MUMPS 5.4.1.

Number of nonzeros in equality constraint Jacobian...:     7179
Number of nonzeros in inequality constraint Jacobian.:      420
Number of nonzeros in Lagrangian Hessian.............:    20106

Total number of variables............................:     1810
                     variables with only lower bounds:      210
                variables with lower and upper bounds:      570
                     variables with only upper bounds:        0
Total number of equality constraints.................:     1015
Total number of inequality constraints...............:      210
        inequality constraints with only lower bounds:      105
   inequality constraints with lower and upper bounds:        0
        inequality constraints with only upper bounds:      105

iter    objective    inf_pr   inf_du lg(mu)  ||d||  lg(rg) alpha_du alpha_pr  ls
   0  2.0999958e+04 9.03e+00 2.00e+04  -1.0 0.00e+00    -  0.00e+00 0.00e+00   0
   1  1.9221434e+04 8.64e+00 1.91e+04  -1.0 2.53e+00    -  8.60e-01 4.33e-02f  1
   2  9.6808558e+03 6.15e+00 1.36e+04  -1.0 2.40e+00    -  9.77e-01 2.91e-01f  1
   3  6.1989321e+03 4.94e+00 1.08e+04  -1.0 1.62e+00    -  5.34e-01 2.00e-01f  1
   4  4.8476183e+03 4.37e+00 9.57e+03  -1.0 4.97e+00    -  2.98e-01 1.16e-01f  1
   5  3.6114053e+03 3.77e+00 8.25e+03  -1.0 3.27e+00    -  2.01e-01 1.38e-01f  1
   6  3.0086044e+03 3.43e+00 7.52e+03  -1.0 2.24e+00    -  2.99e-01 8.89e-02f  1
   7  2.5444008e+03 3.14e+00 6.88e+03  -1.0 1.81e+00    -  1.82e-01 8.50e-02f  1
   8  2.2204180e+03 2.91e+00 6.39e+03  -1.0 2.13e+00    -  1.78e-01 7.20e-02f  1
   9  1.5472642e+03 2.36e+00 8.70e+03  -1.0 1.42e+00    -  5.22e-01 1.89e-01f  1
iter    objective    inf_pr   inf_du lg(mu)  ||d||  lg(rg) alpha_du alpha_pr  ls
  10  9.1617371e+02 1.65e+00 6.55e+03  -1.0 6.13e-01    -  3.79e-01 3.02e-01f  1
  11  7.1126510e+02 1.31e+00 8.75e+03  -1.0 6.24e-01    -  9.92e-01 2.05e-01f  1
  12  5.5386931e+02 9.25e-01 6.15e+03  -1.0 3.65e+00    -  3.73e-01 2.94e-01f  1
  13  4.9372474e+02 6.81e-01 4.40e+03  -1.0 3.92e+00    -  1.00e+00 2.64e-01f  1
  14  4.6408449e+02 4.04e-01 2.54e+03  -1.0 1.75e-01    -  1.00e+00 4.06e-01f  1
  15  4.8552033e+02 5.95e-04 7.50e+01  -1.0 1.81e-01    -  1.00e+00 1.00e+00h  1
  16  4.8828037e+02 2.59e-05 1.72e-03  -1.0 3.76e-02    -  1.00e+00 1.00e+00f  1
  17  4.7687981e+02 3.77e-04 1.78e+01  -2.5 1.29e-01    -  8.32e-01 9.05e-01f  1
  18  4.7402614e+02 1.45e-03 1.13e+01  -2.5 2.18e-01    -  9.12e-01 1.00e+00f  1
  19  4.7343310e+02 4.18e-04 1.90e-03  -2.5 1.15e-01    -  1.00e+00 1.00e+00f  1
iter    objective    inf_pr   inf_du lg(mu)  ||d||  lg(rg) alpha_du alpha_pr  ls
  20  4.7297688e+02 1.89e-04 4.83e-01  -3.8 7.76e-02    -  9.89e-01 1.00e+00f  1
  21  4.7289798e+02 2.56e-05 3.02e-04  -3.8 3.47e-02    -  1.00e+00 1.00e+00f  1
  22  4.7286225e+02 2.96e-05 2.11e+00  -5.7 3.56e-02    -  8.44e-01 1.00e+00f  1
  23  4.7285560e+02 3.11e-05 2.79e+00  -5.7 3.80e-02    -  6.65e-01 1.00e+00h  1
  24  4.7285382e+02 7.53e-06 3.47e-06  -5.7 1.86e-02    -  1.00e+00 1.00e+00h  1
  25  4.7285305e+02 1.68e-06 2.67e-07  -6.0 8.81e-03    -  1.00e+00 1.00e+00h  1

Number of Iterations....: 25

                                   (scaled)                 (unscaled)
Objective...............:   4.7285304577156251e+02    4.7285304577156251e+02
Dual infeasibility......:   2.6736779519265377e-07    2.6736779519265377e-07
Constraint violation....:   1.6806098299682048e-06    1.6806098299682048e-06
Variable bound violation:   8.9185867185349876e-09    8.9185867185349876e-09
Complementarity.........:   3.0318106376156505e-06    3.0318106376156505e-06
Overall NLP error.......:   3.0318106376156505e-06    3.0318106376156505e-06


Number of objective function evaluations             = 26
Number of objective gradient evaluations             = 26
Number of equality constraint evaluations            = 26
Number of inequality constraint evaluations          = 26
Number of equality constraint Jacobian evaluations   = 26
Number of inequality constraint Jacobian evaluations = 26
Number of Lagrangian Hessian evaluations             = 25
Total seconds in IPOPT                               = 4.976

EXIT: Optimal Solution Found.
2. Criando variáveis...
3. Montando equações de fluxo (AC Polar)...
4. Montando balanço nodal (Kirchhoff)...
5. Resolvendo...
Status=LOCALLY_SOLVED  solve_time=4.978157043457031
[variant_17] OK  barras=500  ramos=597  p_loss_total=0.9043109272910566
