[variant_18] case=9bus_transformer_fields.pwf  out=/Users/gabrielrufinomontenegro/pibic-opf-2025/powerflow/Codes/PF_Formulation/resultados_csv/18/9bus_transformer_fields
1. Lendo arquivo PWF: /Users/gabrielrufinomontenegro/pibic-opf-2025/powerflow/Codes/data/9bus_transformer_fields.pwf
[info | PWF]: Populating defaults
[warn | PWF]: DGER not found, setting pmin as 0.0 MW and pmax as 99999.0 MW
[warn | PWF]: DC line will not be parsed due to the absence of at least one those sections: DCBA, DCLI, DCNV, DCCV, DELO
[info | PowerModels]: updated generator 1 cost function with order 2 to a function of order 3: [0.0, 100.0, 0.0]
[info | PowerModels]: updated generator 2 cost function with order 2 to a function of order 3: [0.0, 100.0, 0.0]
[info | PowerModels]: updated generator 3 cost function with order 2 to a function of order 3: [0.0, 100.0, 0.0]

******************************************************************************
This program contains Ipopt, a library for large-scale nonlinear optimization.
 Ipopt is released as open source code under the Eclipse Public License (EPL).
         For more information visit https://github.com/coin-or/Ipopt
******************************************************************************

This is Ipopt version 3.14.4, running with linear solver MUMPS 5.4.1.

Number of nonzeros in equality constraint Jacobian...:      119
Number of nonzeros in inequality constraint Jacobian.:       12
Number of nonzeros in Lagrangian Hessian.............:      338

Total number of variables............................:       35
                     variables with only lower bounds:        6
                variables with lower and upper bounds:       14
                     variables with only upper bounds:        0
Total number of equality constraints.................:       18
Total number of inequality constraints...............:        6
        inequality constraints with only lower bounds:        3
   inequality constraints with lower and upper bounds:        0
        inequality constraints with only upper bounds:        3

iter    objective    inf_pr   inf_du lg(mu)  ||d||  lg(rg) alpha_du alpha_pr  ls
   0  5.9999880e+02 3.20e-02 2.00e+04  -1.0 0.00e+00    -  0.00e+00 0.00e+00   0
   1  6.0147111e-02 2.49e-02 1.88e+02  -1.0 1.18e-01    -  9.77e-01 9.91e-01f  1
   2  1.3791763e+00 6.49e-03 4.16e-02  -1.0 1.06e-01    -  1.00e+00 1.00e+00h  1
   3  3.7523081e-01 6.52e-06 5.60e-04  -1.7 6.69e-03    -  1.00e+00 1.00e+00f  1
   4  9.8067166e-02 2.04e-06 5.05e-05  -2.5 2.66e-03    -  1.00e+00 1.00e+00f  1
   5  2.8943946e-02 7.52e-05 1.19e-07  -2.5 1.59e-02    -  1.00e+00 1.00e+00f  1
   6  7.4609756e-03 2.32e-10 1.51e-07  -3.8 3.82e-05    -  1.00e+00 1.00e+00f  1
   7  2.0971543e-03 1.11e-10 1.50e-09  -3.8 2.30e-05    -  1.00e+00 1.00e+00f  1
   8  5.2675692e-04 4.58e-12 2.12e-09  -5.7 1.04e-05    -  1.00e+00 1.00e+00f  1
   9  1.3432787e-04 1.14e-12 1.85e-11  -5.7 5.17e-06    -  1.00e+00 1.00e+00f  1
iter    objective    inf_pr   inf_du lg(mu)  ||d||  lg(rg) alpha_du alpha_pr  ls
  10  3.6329603e-05 2.62e-13 1.85e-11  -5.7 2.53e-06    -  1.00e+00 1.00e+00f  1
  11  1.0454694e-05 6.86e-14 9.09e-12  -6.0 1.27e-06    -  1.00e+00 1.00e+00f  1

Number of Iterations....: 11

                                   (scaled)                 (unscaled)
Objective...............:   1.0454693606338614e-05    1.0454693606338614e-05
Dual infeasibility......:   9.0913943040504819e-12    9.0913943040504819e-12
Constraint violation....:   6.8556271770603416e-14    6.8556271770603416e-14
Variable bound violation:   0.0000000000000000e+00    0.0000000000000000e+00
Complementarity.........:   3.5152583322190589e-06    3.5152583322190589e-06
Overall NLP error.......:   3.5152583322190589e-06    3.5152583322190589e-06


Number of objective function evaluations             = 12
Number of objective gradient evaluations             = 12
Number of equality constraint evaluations            = 12
Number of inequality constraint evaluations          = 12
Number of equality constraint Jacobian evaluations   = 12
Number of inequality constraint Jacobian evaluations = 12
Number of Lagrangian Hessian evaluations             = 11
Total seconds in IPOPT                               = 2.990

EXIT: Optimal Solution Found.
2. Criando variáveis...
3. Montando equações de fluxo (AC Polar com CTAP)...
4. Montando balanço nodal (Kirchhoff)...
5. Resolvendo...
Status=LOCALLY_SOLVED  solve_time=2.991208076477051
[variant_18] OK  barras=9  ramos=9  p_loss_total=0.027324448159464332
