[variant_18] case=3busfrank_continuous_shunt.pwf  out=/Users/gabrielrufinomontenegro/pibic-opf-2025/powerflow/Codes/PF_Formulation/resultados_csv/18/3busfrank_continuous_shunt
1. Lendo arquivo PWF: /Users/gabrielrufinomontenegro/pibic-opf-2025/powerflow/Codes/data/3busfrank_continuous_shunt.pwf
[warn | PWF]: Currently there is no support for BASE   100. DASE   100. TEPA     .1 EXST     .4 TETP     5. TBPA     5. parsing
[info | PWF]: Populating defaults
[warn | PWF]: Parser doesn't have default values for section BASE   100. DASE   100. TEPA     .1 EXST     .4 TETP     5. TBPA     5.
[warn | PWF]: DGER not found, setting pmin as 0.0 MW and pmax as 99999.0 MW
[warn | PWF]: DC line will not be parsed due to the absence of at least one those sections: DCBA, DCLI, DCNV, DCCV, DELO
[warn | PWF]: Active generator with QMIN = QMAX = 0 found in PQ bus 3. Adding generator power to load power and changing generator status to off
[info | PowerModels]: updated generator 1 cost function with order 2 to a function of order 3: [0.0, 100.0, 0.0]
[info | PowerModels]: updated generator 2 cost function with order 2 to a function of order 3: [0.0, 100.0, 0.0]
[info | PowerModels]: updated generator 3 cost function with order 2 to a function of order 3: [0.0, 100.0, 0.0]

******************************************************************************
This program contains Ipopt, a library for large-scale nonlinear optimization.
 Ipopt is released as open source code under the Eclipse Public License (EPL).
         For more information visit https://github.com/coin-or/Ipopt
******************************************************************************

This is Ipopt version 3.14.4, running with linear solver MUMPS 5.4.1.

Number of nonzeros in equality constraint Jacobian...:       40
Number of nonzeros in inequality constraint Jacobian.:       12
Number of nonzeros in Lagrangian Hessian.............:       90

Total number of variables............................:       22
                     variables with only lower bounds:        6
                variables with lower and upper bounds:        7
                     variables with only upper bounds:        0
Total number of equality constraints.................:        8
Total number of inequality constraints...............:        6
        inequality constraints with only lower bounds:        3
   inequality constraints with lower and upper bounds:        0
        inequality constraints with only upper bounds:        3

iter    objective    inf_pr   inf_du lg(mu)  ||d||  lg(rg) alpha_du alpha_pr  ls
   0  5.9999880e+02 6.08e-01 2.00e+04  -1.0 0.00e+00    -  0.00e+00 0.00e+00   0
   1  6.0217088e-02 4.29e-02 1.88e+02  -1.0 1.96e-01    -  9.98e-01 9.91e-01f  1
   2  1.3769575e+00 2.84e-03 2.40e-02  -1.0 1.13e-01    -  1.00e+00 1.00e+00h  1
   3  3.4798166e-01 1.82e-07 1.02e-04  -2.5 1.23e-03    -  1.00e+00 1.00e+00f  1
   4  9.1292750e-02 5.80e-05 2.05e-05  -2.5 1.48e-02    -  1.00e+00 1.00e+00f  1
   5  2.3044128e-02 4.28e-10 1.57e-07  -3.8 6.46e-05    -  1.00e+00 1.00e+00f  1
   6  5.9880150e-03 1.72e-07 1.69e-08  -3.8 4.56e-04    -  1.00e+00 1.00e+00f  1
   7  1.7306543e-03 6.05e-12 1.50e-09  -3.8 1.56e-05    -  1.00e+00 1.00e+00f  1
   8  4.3515197e-04 5.39e-12 5.56e-09  -5.7 1.03e-05    -  1.00e+00 1.00e+00f  1
   9  1.1144224e-04 1.35e-12 1.85e-11  -5.7 5.14e-06    -  1.00e+00 1.00e+00f  1
iter    objective    inf_pr   inf_du lg(mu)  ||d||  lg(rg) alpha_du alpha_pr  ls
  10  3.0625645e-05 3.01e-13 1.85e-11  -5.7 2.49e-06    -  1.00e+00 1.00e+00f  1
  11  9.0407084e-06 7.61e-14 9.09e-12  -6.0 1.26e-06    -  1.00e+00 1.00e+00f  1

Number of Iterations....: 11

                                   (scaled)                 (unscaled)
Objective...............:   9.0407084351219379e-06    9.0407084351219379e-06
Dual infeasibility......:   9.0913943040504819e-12    9.0913943040504819e-12
Constraint violation....:   7.6050277186823223e-14    7.6050277186823223e-14
Variable bound violation:   0.0000000000000000e+00    0.0000000000000000e+00
Complementarity.........:   3.0429541375997750e-06    3.0429541375997750e-06
Overall NLP error.......:   3.0429541375997750e-06    3.0429541375997750e-06


Number of objective function evaluations             = 12
Number of objective gradient evaluations             = 12
Number of equality constraint evaluations            = 12
Number of inequality constraint evaluations          = 12
Number of equality constraint Jacobian evaluations   = 12
Number of inequality constraint Jacobian evaluations = 12
Number of Lagrangian Hessian evaluations             = 11
Total seconds in IPOPT                               = 4.239

EXIT: Optimal Solution Found.
2. Criando variáveis...
3. Montando equações de fluxo (AC Polar com CTAP)...
4. Montando balanço nodal (Kirchhoff)...
5. Resolvendo...
Status=LOCALLY_SOLVED  solve_time=4.2419960498809814
[variant_18] OK  barras=3  ramos=6  p_loss_total=0.018170849654113752
