[variant_18] case=3bus_shunt_fields.pwf  out=/Users/gabrielrufinomontenegro/pibic-opf-2025/powerflow/Codes/PF_Formulation/resultados_csv/18/3bus_shunt_fields
1. Lendo arquivo PWF: /Users/gabrielrufinomontenegro/pibic-opf-2025/powerflow/Codes/data/3bus_shunt_fields.pwf
[info | PWF]: Populating defaults
[warn | PWF]: DGER not found, setting pmin as 0.0 MW and pmax as 99999.0 MW
[warn | PWF]: DC line will not be parsed due to the absence of at least one those sections: DCBA, DCLI, DCNV, DCCV, DELO
[info | PowerModels]: updated generator 1 cost function with order 2 to a function of order 3: [0.0, 100.0, 0.0]
[info | PowerModels]: updated generator 2 cost function with order 2 to a function of order 3: [0.0, 100.0, 0.0]

******************************************************************************
This program contains Ipopt, a library for large-scale nonlinear optimization.
 Ipopt is released as open source code under the Eclipse Public License (EPL).
         For more information visit https://github.com/coin-or/Ipopt
******************************************************************************

This is Ipopt version 3.14.4, running with linear solver MUMPS 5.4.1.

Number of nonzeros in equality constraint Jacobian...:       44
Number of nonzeros in inequality constraint Jacobian.:        4
Number of nonzeros in Lagrangian Hessian.............:       91

Total number of variables............................:       22
                     variables with only lower bounds:        6
                variables with lower and upper bounds:        6
                     variables with only upper bounds:        0
Total number of equality constraints.................:       11
Total number of inequality constraints...............:        2
        inequality constraints with only lower bounds:        1
   inequality constraints with lower and upper bounds:        0
        inequality constraints with only upper bounds:        1

iter    objective    inf_pr   inf_du lg(mu)  ||d||  lg(rg) alpha_du alpha_pr  ls
   0  5.9999880e+02 4.98e-01 2.00e+04  -1.0 0.00e+00    -  0.00e+00 0.00e+00   0
   1  3.1166183e+02 2.54e-02 1.93e+03  -1.0 1.40e-01    -  9.54e-01 9.91e-01f  1
   2  4.1017260e+02 5.49e-05 2.07e+01  -1.0 3.16e-02    -  1.00e+00 1.00e+00h  1
   3  4.0956635e+02 1.51e-09 3.26e-04  -1.0 1.98e-04    -  1.00e+00 1.00e+00f  1
   4  4.0918715e+02 6.28e-11 9.60e-07  -2.5 1.46e-04    -  1.00e+00 1.00e+00f  1
   5  4.0909253e+02 1.22e-15 2.83e-08  -2.5 6.95e-05    -  1.00e+00 1.00e+00f  1
   6  4.0906472e+02 5.02e-14 1.50e-09  -3.8 3.90e-05    -  1.00e+00 1.00e+00f  1
   7  4.0905777e+02 1.39e-15 1.50e-09  -3.8 1.90e-05    -  1.00e+00 1.00e+00f  1
   8  4.0905581e+02 2.25e-15 1.85e-11  -5.7 1.04e-05    -  1.00e+00 1.00e+00f  1
   9  4.0905532e+02 1.94e-15 1.84e-11  -5.7 5.20e-06    -  1.00e+00 1.00e+00f  1
iter    objective    inf_pr   inf_du lg(mu)  ||d||  lg(rg) alpha_du alpha_pr  ls
  10  4.0905520e+02 1.39e-15 1.84e-11  -5.7 2.56e-06    -  1.00e+00 1.00e+00f  1
  11  4.0905516e+02 5.55e-16 9.09e-12  -6.0 1.28e-06    -  1.00e+00 1.00e+00f  1

Number of Iterations....: 11

                                   (scaled)                 (unscaled)
Objective...............:   4.0905516370412727e+02    4.0905516370412727e+02
Dual infeasibility......:   9.0909502148406318e-12    9.0909502148406318e-12
Constraint violation....:   5.5511151231257827e-16    5.5511151231257827e-16
Variable bound violation:   0.0000000000000000e+00    0.0000000000000000e+00
Complementarity.........:   4.1964734984223118e-06    4.1964734984223118e-06
Overall NLP error.......:   4.1964734984223118e-06    4.1964734984223118e-06


Number of objective function evaluations             = 12
Number of objective gradient evaluations             = 12
Number of equality constraint evaluations            = 12
Number of inequality constraint evaluations          = 12
Number of equality constraint Jacobian evaluations   = 12
Number of inequality constraint Jacobian evaluations = 12
Number of Lagrangian Hessian evaluations             = 11
Total seconds in IPOPT                               = 3.299

EXIT: Optimal Solution Found.
2. Criando variáveis...
3. Montando equações de fluxo (AC Polar com CTAP)...
4. Montando balanço nodal (Kirchhoff)...
5. Resolvendo...
Status=LOCALLY_SOLVED  solve_time=3.300557851791382
[variant_18] OK  barras=3  ramos=3  p_loss_total=0.021895968450417413
