[variant_18] case=4busfrank_vlim.pwf  out=/Users/gabrielrufinomontenegro/pibic-opf-2025/powerflow/Codes/PF_Formulation/resultados_csv/18/4busfrank_vlim
1. Lendo arquivo PWF: /Users/gabrielrufinomontenegro/pibic-opf-2025/powerflow/Codes/data/4busfrank_vlim.pwf
[info | PWF]: Populating defaults
[warn | PWF]: DGER not found, setting pmin as 0.0 MW and pmax as 99999.0 MW
[warn | PWF]: DC line will not be parsed due to the absence of at least one those sections: DCBA, DCLI, DCNV, DCCV, DELO
[info | PowerModels]: updated generator 1 cost function with order 2 to a function of order 3: [0.0, 100.0, 0.0]
[info | PowerModels]: updated generator 2 cost function with order 2 to a function of order 3: [0.0, 100.0, 0.0]

******************************************************************************
This program contains Ipopt, a library for large-scale nonlinear optimization.
 Ipopt is released as open source code under the Eclipse Public License (EPL).
         For more information visit https://github.com/coin-or/Ipopt
******************************************************************************

This is Ipopt version 3.14.4, running with linear solver MUMPS 5.4.1.

Number of nonzeros in equality constraint Jacobian...:       47
Number of nonzeros in inequality constraint Jacobian.:        8
Number of nonzeros in Lagrangian Hessian.............:      116

Total number of variables............................:       18
                     variables with only lower bounds:        4
                variables with lower and upper bounds:        6
                     variables with only upper bounds:        0
Total number of equality constraints.................:        8
Total number of inequality constraints...............:        4
        inequality constraints with only lower bounds:        2
   inequality constraints with lower and upper bounds:        0
        inequality constraints with only upper bounds:        2

iter    objective    inf_pr   inf_du lg(mu)  ||d||  lg(rg) alpha_du alpha_pr  ls
   0  3.9999920e+02 1.00e+00 2.00e+04  -1.0 0.00e+00    -  0.00e+00 0.00e+00   0
   1  1.4044475e+02 6.61e-01 1.18e+04  -1.0 1.29e+00    -  2.43e-01 4.08e-01f  1
   2  1.1634523e+02 6.01e-01 1.08e+04  -1.0 8.57e-01    -  4.51e-01 9.00e-02f  1
   3  1.0938280e+02 5.83e-01 1.04e+04  -1.0 4.51e+00    -  1.86e-01 3.05e-02f  1
   4  1.0480999e+02 5.70e-01 1.02e+04  -1.0 5.92e+00    -  4.86e-01 2.15e-02f  1
   5  1.0474648e+02 5.70e-01 1.28e+06  -1.0 2.44e+00    -  1.00e+00 6.17e-04h  1
   6  7.2829430e+04 3.73e-01 2.36e+06  -1.0 7.47e-01    -  1.00e+00 3.46e-01h  1
   7  1.1527922e+05 3.23e-01 2.16e+06  -1.0 4.90e-01    -  1.00e+00 1.35e-01h  1
   8  1.2634235e+05 3.11e-01 2.81e+06  -1.0 3.58e-01    -  1.52e-01 3.53e-02h  1
   9  1.9176648e+05 2.54e-01 1.90e+06  -1.0 3.54e-01    -  1.71e-03 1.84e-01h  1
iter    objective    inf_pr   inf_du lg(mu)  ||d||  lg(rg) alpha_du alpha_pr  ls
  10  5.0499752e+05 6.30e-02 5.78e+05  -1.0 3.47e-01    -  9.99e-04 7.51e-01h  1
  11  6.4647726e+05 3.04e-04 7.80e+04  -1.0 8.79e-02    -  6.87e-01 1.00e+00h  1
  12  6.4685590e+05 2.06e-08 8.23e-01  -1.0 5.61e-04    -  1.00e+00 1.00e+00h  1
  13  6.4685531e+05 5.14e-13 8.78e-03  -5.7 1.85e-04    -  1.00e+00 1.00e+00f  1
  14  6.4685523e+05 9.99e-16 1.86e-09  -6.0 9.10e-05    -  1.00e+00 1.00e+00f  1
  15  6.4685521e+05 2.44e-15 1.26e-09  -6.0 4.55e-05    -  1.00e+00 1.00e+00f  1
  16  6.4685520e+05 1.78e-15 2.00e-09  -6.0 2.27e-05    -  1.00e+00 1.00e+00f  1
  17  6.4685520e+05 2.22e-16 1.15e-09  -6.0 1.14e-05    -  1.00e+00 1.00e+00f  1
  18  6.4685520e+05 1.55e-15 1.64e-09  -6.0 5.67e-06    -  1.00e+00 1.00e+00f  1

Number of Iterations....: 18

                                   (scaled)                 (unscaled)
Objective...............:   6.4685520263861259e+05    6.4685520263861259e+05
Dual infeasibility......:   1.6442203998910459e-09    1.6442203998910459e-09
Constraint violation....:   1.5543122344752192e-15    1.5543122344752192e-15
Variable bound violation:   1.0999802180222673e-08    1.0999802180222673e-08
Complementarity.........:   6.5189433415213470e-05    6.5189433415213470e-05
Overall NLP error.......:   1.5587543715850265e-08    6.5189433415213470e-05


Number of objective function evaluations             = 19
Number of objective gradient evaluations             = 19
Number of equality constraint evaluations            = 19
Number of inequality constraint evaluations          = 19
Number of equality constraint Jacobian evaluations   = 19
Number of inequality constraint Jacobian evaluations = 19
Number of Lagrangian Hessian evaluations             = 18
Total seconds in IPOPT                               = 2.954

EXIT: Optimal Solution Found.
2. Criando variáveis...
3. Montando equações de fluxo (AC Polar com CTAP)...
4. Montando balanço nodal (Kirchhoff)...
5. Resolvendo...
Status=LOCALLY_SOLVED  solve_time=2.9556620121002197
[variant_18] OK  barras=4  ramos=4  p_loss_total=0.1457401323976062
