[variant_18] case=3bus.pwf  out=/Users/gabrielrufinomontenegro/pibic-opf-2025/powerflow/Codes/PF_Formulation/resultados_csv/18/3bus
1. Lendo arquivo PWF: /Users/gabrielrufinomontenegro/pibic-opf-2025/powerflow/Codes/data/3bus.pwf
[info | PWF]: Populating defaults
[warn | PWF]: DGER not found, setting pmin as 0.0 MW and pmax as 99999.0 MW
[warn | PWF]: DC line will not be parsed due to the absence of at least one those sections: DCBA, DCLI, DCNV, DCCV, DELO
-> Demovendo 1 barras slack para PV.
[info | PowerModels]: updated generator 1 cost function with order 2 to a function of order 3: [0.0, 100.0, 0.0]
[info | PowerModels]: updated generator 2 cost function with order 2 to a function of order 3: [0.0, 100.0, 0.0]

******************************************************************************
This program contains Ipopt, a library for large-scale nonlinear optimization.
 Ipopt is released as open source code under the Eclipse Public License (EPL).
         For more information visit https://github.com/coin-or/Ipopt
******************************************************************************

This is Ipopt version 3.14.4, running with linear solver MUMPS 5.4.1.

Number of nonzeros in equality constraint Jacobian...:       34
Number of nonzeros in inequality constraint Jacobian.:        8
Number of nonzeros in Lagrangian Hessian.............:       81

Total number of variables............................:       15
                     variables with only lower bounds:        4
                variables with lower and upper bounds:        5
                     variables with only upper bounds:        0
Total number of equality constraints.................:        6
Total number of inequality constraints...............:        4
        inequality constraints with only lower bounds:        2
   inequality constraints with lower and upper bounds:        0
        inequality constraints with only upper bounds:        2

iter    objective    inf_pr   inf_du lg(mu)  ||d||  lg(rg) alpha_du alpha_pr  ls
   0  3.9999920e+02 3.86e-01 2.00e+04  -1.0 0.00e+00    -  0.00e+00 0.00e+00   0
   1  4.0046272e-02 3.11e-02 1.88e+02  -1.0 1.63e-01    -  9.90e-01 9.91e-01f  1
   2  9.1965610e-01 2.02e-03 6.13e-03  -1.0 1.90e-01    -  1.00e+00 1.00e+00h  1
   3  2.5020806e-01 9.31e-07 7.57e-05  -1.7 4.73e-03    -  1.00e+00 1.00e+00f  1
   4  6.5391823e-02 2.66e-08 2.22e-06  -2.5 4.54e-04    -  1.00e+00 1.00e+00f  1
   5  1.9299345e-02 8.25e-07 2.83e-08  -2.5 2.76e-03    -  1.00e+00 1.00e+00f  1
   6  4.9748373e-03 3.54e-12 3.20e-08  -3.8 3.61e-05    -  1.00e+00 1.00e+00f  1
   7  1.3983151e-03 1.19e-11 1.50e-09  -3.8 1.80e-05    -  1.00e+00 1.00e+00f  1
   8  3.5122447e-04 1.50e-13 4.76e-10  -5.7 9.84e-06    -  1.00e+00 1.00e+00f  1
   9  8.9565203e-05 3.65e-14 1.85e-11  -5.7 4.89e-06    -  1.00e+00 1.00e+00f  1
iter    objective    inf_pr   inf_du lg(mu)  ||d||  lg(rg) alpha_du alpha_pr  ls
  10  2.4223048e-05 9.92e-15 1.84e-11  -5.7 2.39e-06    -  1.00e+00 1.00e+00f  1
  11  6.9706177e-06 2.94e-15 9.09e-12  -6.0 1.20e-06    -  1.00e+00 1.00e+00f  1

Number of Iterations....: 11

                                   (scaled)                 (unscaled)
Objective...............:   6.9706177368152715e-06    6.9706177368152715e-06
Dual infeasibility......:   9.0909502148406318e-12    9.0909502148406318e-12
Constraint violation....:   2.9420910152566648e-15    2.9420910152566648e-15
Variable bound violation:   0.0000000000000000e+00    0.0000000000000000e+00
Complementarity.........:   3.5137706678701927e-06    3.5137706678701927e-06
Overall NLP error.......:   3.5137706678701927e-06    3.5137706678701927e-06


Number of objective function evaluations             = 12
Number of objective gradient evaluations             = 12
Number of equality constraint evaluations            = 12
Number of inequality constraint evaluations          = 12
Number of equality constraint Jacobian evaluations   = 12
Number of inequality constraint Jacobian evaluations = 12
Number of Lagrangian Hessian evaluations             = 11
Total seconds in IPOPT                               = 3.443

EXIT: Optimal Solution Found.
2. Criando variáveis...
3. Montando equações de fluxo (AC Polar com CTAP)...
4. Montando balanço nodal (Kirchhoff)...
5. Resolvendo...
Status=LOCALLY_SOLVED  solve_time=3.4442849159240723
[variant_18] OK  barras=3  ramos=3  p_loss_total=0.009278048167097097
