[variant_18] case=3busfrank.pwf  out=/Users/gabrielrufinomontenegro/pibic-opf-2025/powerflow/Codes/PF_Formulation/resultados_csv/18/3busfrank
1. Lendo arquivo PWF: /Users/gabrielrufinomontenegro/pibic-opf-2025/powerflow/Codes/data/3busfrank.pwf
[info | PWF]: Populating defaults
[warn | PWF]: DGER not found, setting pmin as 0.0 MW and pmax as 99999.0 MW
[warn | PWF]: DC line will not be parsed due to the absence of at least one those sections: DCBA, DCLI, DCNV, DCCV, DELO
[warn | PWF]: Active generator with QMIN = QMAX = 0 found in PQ bus 3. Adding generator power to load power and changing generator status to off
[info | PowerModels]: updated generator 1 cost function with order 2 to a function of order 3: [0.0, 100.0, 0.0]
[info | PowerModels]: updated generator 2 cost function with order 2 to a function of order 3: [0.0, 100.0, 0.0]
[info | PowerModels]: updated generator 3 cost function with order 2 to a function of order 3: [0.0, 100.0, 0.0]

******************************************************************************
This program contains Ipopt, a library for large-scale nonlinear optimization.
 Ipopt is released as open source code under the Eclipse Public License (EPL).
         For more information visit https://github.com/coin-or/Ipopt
******************************************************************************

This is Ipopt version 3.14.4, running with linear solver MUMPS 5.4.1.

Number of nonzeros in equality constraint Jacobian...:       34
Number of nonzeros in inequality constraint Jacobian.:        8
Number of nonzeros in Lagrangian Hessian.............:       81

Total number of variables............................:       15
                     variables with only lower bounds:        4
                variables with lower and upper bounds:        5
                     variables with only upper bounds:        0
Total number of equality constraints.................:        6
Total number of inequality constraints...............:        4
        inequality constraints with only lower bounds:        2
   inequality constraints with lower and upper bounds:        0
        inequality constraints with only upper bounds:        2

iter    objective    inf_pr   inf_du lg(mu)  ||d||  lg(rg) alpha_du alpha_pr  ls
   0  3.9999920e+02 5.26e-01 2.00e+04  -1.0 0.00e+00    -  0.00e+00 0.00e+00   0
   1  4.0067496e-02 4.75e-02 1.88e+02  -1.0 1.95e-01    -  1.00e+00 9.91e-01f  1
   2  9.1855234e-01 1.84e-03 3.15e-03  -1.0 1.55e-01    -  1.00e+00 1.00e+00h  1
   3  2.4992909e-01 2.25e-07 1.01e-04  -1.7 2.69e-03    -  1.00e+00 1.00e+00f  1
   4  6.5321729e-02 1.78e-08 4.91e-06  -2.5 4.21e-04    -  1.00e+00 1.00e+00f  1
   5  1.9281999e-02 1.03e-06 2.83e-08  -2.5 2.76e-03    -  1.00e+00 1.00e+00f  1
   6  4.9704834e-03 5.86e-11 1.49e-07  -3.8 3.81e-05    -  1.00e+00 1.00e+00f  1
   7  1.3972314e-03 1.27e-12 1.50e-09  -3.8 1.79e-05    -  1.00e+00 1.00e+00f  1
   8  3.5095332e-04 4.12e-12 2.26e-09  -5.7 1.04e-05    -  1.00e+00 1.00e+00f  1
   9  8.9497461e-05 9.87e-13 1.84e-11  -5.7 5.17e-06    -  1.00e+00 1.00e+00f  1
iter    objective    inf_pr   inf_du lg(mu)  ||d||  lg(rg) alpha_du alpha_pr  ls
  10  2.4206159e-05 2.38e-13 1.85e-11  -5.7 2.53e-06    -  1.00e+00 1.00e+00f  1
  11  6.9664264e-06 6.06e-14 9.09e-12  -6.0 1.27e-06    -  1.00e+00 1.00e+00f  1

Number of Iterations....: 11

                                   (scaled)                 (unscaled)
Objective...............:   6.9664264155409082e-06    6.9664264155409082e-06
Dual infeasibility......:   9.0909502148406318e-12    9.0909502148406318e-12
Constraint violation....:   6.0632054932341362e-14    6.0632054932341362e-14
Variable bound violation:   0.0000000000000000e+00    0.0000000000000000e+00
Complementarity.........:   3.5123414180460586e-06    3.5123414180460586e-06
Overall NLP error.......:   3.5123414180460586e-06    3.5123414180460586e-06


Number of objective function evaluations             = 12
Number of objective gradient evaluations             = 12
Number of equality constraint evaluations            = 12
Number of inequality constraint evaluations          = 12
Number of equality constraint Jacobian evaluations   = 12
Number of inequality constraint Jacobian evaluations = 12
Number of Lagrangian Hessian evaluations             = 11
Total seconds in IPOPT                               = 3.021

EXIT: Optimal Solution Found.
2. Criando variáveis...
3. Montando equações de fluxo (AC Polar com CTAP)...
4. Montando balanço nodal (Kirchhoff)...
5. Resolvendo...
Status=LOCALLY_SOLVED  solve_time=3.022481918334961
[variant_18] OK  barras=3  ramos=3  p_loss_total=0.026552465014590076
