[variant_18] case=5busfrank_csca.pwf  out=/Users/gabrielrufinomontenegro/pibic-opf-2025/powerflow/Codes/PF_Formulation/resultados_csv/18/5busfrank_csca
1. Lendo arquivo PWF: /Users/gabrielrufinomontenegro/pibic-opf-2025/powerflow/Codes/data/5busfrank_csca.pwf
[info | PWF]: Populating defaults
[warn | PWF]: DGER not found, setting pmin as 0.0 MW and pmax as 99999.0 MW
[warn | PWF]: DC line will not be parsed due to the absence of at least one those sections: DCBA, DCLI, DCNV, DCCV, DELO
[info | PowerModels]: updated generator 1 cost function with order 2 to a function of order 3: [0.0, 100.0, 0.0]
[info | PowerModels]: updated generator 2 cost function with order 2 to a function of order 3: [0.0, 100.0, 0.0]

******************************************************************************
This program contains Ipopt, a library for large-scale nonlinear optimization.
 Ipopt is released as open source code under the Eclipse Public License (EPL).
         For more information visit https://github.com/coin-or/Ipopt
******************************************************************************

This is Ipopt version 3.14.4, running with linear solver MUMPS 5.4.1.

Number of nonzeros in equality constraint Jacobian...:       74
Number of nonzeros in inequality constraint Jacobian.:       12
Number of nonzeros in Lagrangian Hessian.............:      170

Total number of variables............................:       37
                     variables with only lower bounds:       10
                variables with lower and upper bounds:       10
                     variables with only upper bounds:        0
Total number of equality constraints.................:       16
Total number of inequality constraints...............:        6
        inequality constraints with only lower bounds:        3
   inequality constraints with lower and upper bounds:        0
        inequality constraints with only upper bounds:        3

iter    objective    inf_pr   inf_du lg(mu)  ||d||  lg(rg) alpha_du alpha_pr  ls
   0  9.9999800e+02 1.57e+00 2.00e+04  -1.0 0.00e+00    -  0.00e+00 0.00e+00   0
   1  8.0039580e+02 1.40e+00 1.79e+04  -1.0 6.61e+00    -  9.61e-02 1.05e-01f  1
   2  7.9831406e+02 1.40e+00 1.79e+04  -1.0 5.33e+00    -  6.85e-02 1.31e-03f  1
   3  7.6688695e+02 1.35e+00 1.73e+04  -1.0 7.28e-01    -  5.80e-01 3.17e-02f  1
   4  1.7178331e+04 1.24e-01 3.26e+04  -1.0 6.95e-01    -  4.86e-02 9.91e-01h  1
   5  1.7312947e+04 7.60e-02 2.08e+04  -1.0 2.70e-01    -  3.54e-01 3.79e-01h  1
   6  1.7321159e+04 7.54e-02 2.07e+04  -1.0 1.51e-01    -  1.00e+00 7.80e-03h  1
   7  1.9259489e+04 5.95e-04 1.03e+04  -1.0 7.84e-02    -  6.84e-02 1.00e+00h  1
   8  1.9256433e+04 5.20e-04 2.69e+03  -1.0 5.82e-03    -  1.00e+00 1.25e-01f  1
   9  1.9243707e+04 1.97e-06 6.68e-01  -1.0 3.76e-03    -  1.00e+00 1.00e+00f  1
iter    objective    inf_pr   inf_du lg(mu)  ||d||  lg(rg) alpha_du alpha_pr  ls
  10  1.9243244e+04 1.07e-10 6.03e-05  -3.8 1.19e-04    -  1.00e+00 1.00e+00f  1
  11  1.9243159e+04 2.27e-15 1.50e-09  -3.8 5.57e-05    -  1.00e+00 1.00e+00f  1
  12  1.9243138e+04 1.67e-15 1.90e-10  -5.7 2.82e-05    -  1.00e+00 1.00e+00f  1
  13  1.9243132e+04 1.67e-15 8.64e-11  -5.7 1.41e-05    -  1.00e+00 1.00e+00f  1
  14  1.9243131e+04 9.99e-16 5.53e-11  -5.7 7.02e-06    -  1.00e+00 1.00e+00f  1
  15  1.9243131e+04 1.64e-15 8.82e-11  -5.7 3.48e-06    -  1.00e+00 1.00e+00f  1

Number of Iterations....: 15

                                   (scaled)                 (unscaled)
Objective...............:   1.9243130570535392e+04    1.9243130570535392e+04
Dual infeasibility......:   8.8196654794760209e-11    8.8196654794760209e-11
Constraint violation....:   1.6375789613221059e-15    1.6375789613221059e-15
Variable bound violation:   9.6621248779626967e-09    9.6621248779626967e-09
Complementarity.........:   2.6016418473185191e-05    2.6016418473185191e-05
Overall NLP error.......:   5.5678641778800618e-06    2.6016418473185191e-05


Number of objective function evaluations             = 16
Number of objective gradient evaluations             = 16
Number of equality constraint evaluations            = 16
Number of inequality constraint evaluations          = 16
Number of equality constraint Jacobian evaluations   = 16
Number of inequality constraint Jacobian evaluations = 16
Number of Lagrangian Hessian evaluations             = 15
Total seconds in IPOPT                               = 4.614

EXIT: Optimal Solution Found.
2. Criando variáveis...
3. Montando equações de fluxo (AC Polar com CTAP)...
4. Montando balanço nodal (Kirchhoff)...
5. Resolvendo...
Status=LOCALLY_SOLVED  solve_time=4.616479158401489
[variant_18] OK  barras=5  ramos=5  p_loss_total=0.17392834944698968
