[variant_18] case=9bus.pwf  out=/Users/gabrielrufinomontenegro/pibic-opf-2025/powerflow/Codes/PF_Formulation/resultados_csv/18/9bus
1. Lendo arquivo PWF: /Users/gabrielrufinomontenegro/pibic-opf-2025/powerflow/Codes/data/9bus.pwf
[info | PWF]: Populating defaults
[warn | PWF]: DGER not found, setting pmin as 0.0 MW and pmax as 99999.0 MW
[warn | PWF]: DC line will not be parsed due to the absence of at least one those sections: DCBA, DCLI, DCNV, DCCV, DELO
[info | PowerModels]: updated generator 1 cost function with order 2 to a function of order 3: [0.0, 100.0, 0.0]
[info | PowerModels]: updated generator 2 cost function with order 2 to a function of order 3: [0.0, 100.0, 0.0]
[info | PowerModels]: updated generator 3 cost function with order 2 to a function of order 3: [0.0, 100.0, 0.0]

******************************************************************************
This program contains Ipopt, a library for large-scale nonlinear optimization.
 Ipopt is released as open source code under the Eclipse Public License (EPL).
         For more information visit https://github.com/coin-or/Ipopt
******************************************************************************

This is Ipopt version 3.14.4, running with linear solver MUMPS 5.4.1.

Number of nonzeros in equality constraint Jacobian...:      111
Number of nonzeros in inequality constraint Jacobian.:       12
Number of nonzeros in Lagrangian Hessian.............:      302

Total number of variables............................:       33
                     variables with only lower bounds:        6
                variables with lower and upper bounds:       12
                     variables with only upper bounds:        0
Total number of equality constraints.................:       18
Total number of inequality constraints...............:        6
        inequality constraints with only lower bounds:        3
   inequality constraints with lower and upper bounds:        0
        inequality constraints with only upper bounds:        3

iter    objective    inf_pr   inf_du lg(mu)  ||d||  lg(rg) alpha_du alpha_pr  ls
   0  5.9999880e+02 3.20e-02 2.00e+04  -1.0 0.00e+00    -  0.00e+00 0.00e+00   0
   1  6.0055163e-02 1.72e-02 1.88e+02  -1.0 1.18e-01    -  9.77e-01 9.91e-01f  1
   2  1.3811157e+00 4.79e-05 6.93e-03  -1.0 1.69e-02    -  1.00e+00 1.00e+00h  1
   3  3.7571567e-01 1.18e-08 1.66e-05  -1.7 3.60e-04    -  1.00e+00 1.00e+00f  1
   4  9.8188571e-02 3.84e-09 1.95e-06  -2.5 1.76e-04    -  1.00e+00 1.00e+00f  1
   5  2.8974037e-02 1.65e-07 2.83e-08  -2.5 1.06e-03    -  1.00e+00 1.00e+00f  1
   6  7.4685088e-03 6.86e-12 2.39e-08  -3.8 3.55e-05    -  1.00e+00 1.00e+00f  1
   7  2.0990300e-03 1.44e-12 1.50e-09  -3.8 1.72e-05    -  1.00e+00 1.00e+00f  1
   8  5.2722593e-04 5.12e-13 3.62e-10  -5.7 9.68e-06    -  1.00e+00 1.00e+00f  1
   9  1.3444505e-04 1.23e-13 1.85e-11  -5.7 4.81e-06    -  1.00e+00 1.00e+00f  1
iter    objective    inf_pr   inf_du lg(mu)  ||d||  lg(rg) alpha_du alpha_pr  ls
  10  3.6358818e-05 2.98e-14 1.85e-11  -5.7 2.35e-06    -  1.00e+00 1.00e+00f  1
  11  1.0461944e-05 7.33e-15 9.09e-12  -6.0 1.18e-06    -  1.00e+00 1.00e+00f  1

Number of Iterations....: 11

                                   (scaled)                 (unscaled)
Objective...............:   1.0461943832636933e-05    1.0461943832636933e-05
Dual infeasibility......:   9.0918383932603319e-12    9.0918383932603319e-12
Constraint violation....:   7.3274719625260332e-15    7.3274719625260332e-15
Variable bound violation:   0.0000000000000000e+00    0.0000000000000000e+00
Complementarity.........:   3.5153814759301647e-06    3.5153814759301647e-06
Overall NLP error.......:   3.5153814759301647e-06    3.5153814759301647e-06


Number of objective function evaluations             = 12
Number of objective gradient evaluations             = 12
Number of equality constraint evaluations            = 12
Number of inequality constraint evaluations          = 12
Number of equality constraint Jacobian evaluations   = 12
Number of inequality constraint Jacobian evaluations = 12
Number of Lagrangian Hessian evaluations             = 11
Total seconds in IPOPT                               = 5.069

EXIT: Optimal Solution Found.
2. Criando variáveis...
3. Montando equações de fluxo (AC Polar com CTAP)...
4. Montando balanço nodal (Kirchhoff)...
5. Resolvendo...
Status=LOCALLY_SOLVED  solve_time=5.071043014526367
[variant_18] OK  barras=9  ramos=9  p_loss_total=0.029169962124781623
