[variant_18] case=300bus.pwf  out=/Users/gabrielrufinomontenegro/pibic-opf-2025/powerflow/Codes/PF_Formulation/resultados_csv/18/300bus
1. Lendo arquivo PWF: /Users/gabrielrufinomontenegro/pibic-opf-2025/powerflow/Codes/data/300bus.pwf
[info | PWF]: Populating defaults
[warn | PWF]: Only one limit voltage group definded, each bus will be considered as part of the group  A, regardless of its defined group
[warn | PWF]: Only one base voltage group definded, each bus will be considered as part of the group  A, regardless of its defined group
[warn | PowerModels]: this code only supports loss0 values which are consistent with the line flow bounds, changing the value on dcline 1 from 0.0 to 0.0
[info | PowerModels]: removing 3 cost terms from dcline 1: Float64[]
[info | PowerModels]: updated generator 32 cost function with order 2 to a function of order 3: [0.0, 100.0, 0.0]
[info | PowerModels]: updated generator 29 cost function with order 2 to a function of order 3: [0.0, 100.0, 0.0]
[info | PowerModels]: updated generator 1 cost function with order 2 to a function of order 3: [0.0, 100.0, 0.0]
[info | PowerModels]: updated generator 54 cost function with order 2 to a function of order 3: [0.0, 100.0, 0.0]
[info | PowerModels]: updated generator 2 cost function with order 2 to a function of order 3: [0.0, 100.0, 0.0]
[info | PowerModels]: updated generator 41 cost function with order 2 to a function of order 3: [0.0, 100.0, 0.0]
[info | PowerModels]: updated generator 65 cost function with order 2 to a function of order 3: [0.0, 100.0, 0.0]
[info | PowerModels]: updated generator 51 cost function with order 2 to a function of order 3: [0.0, 100.0, 0.0]
[info | PowerModels]: updated generator 53 cost function with order 2 to a function of order 3: [0.0, 100.0, 0.0]
[info | PowerModels]: updated generator 27 cost function with order 2 to a function of order 3: [0.0, 100.0, 0.0]
[info | PowerModels]: updated generator 42 cost function with order 2 to a function of order 3: [0.0, 100.0, 0.0]
[info | PowerModels]: updated generator 33 cost function with order 2 to a function of order 3: [0.0, 100.0, 0.0]
[info | PowerModels]: updated generator 28 cost function with order 2 to a function of order 3: [0.0, 100.0, 0.0]
[info | PowerModels]: updated generator 50 cost function with order 2 to a function of order 3: [0.0, 100.0, 0.0]
[info | PowerModels]: updated generator 52 cost function with order 2 to a function of order 3: [0.0, 100.0, 0.0]
[info | PowerModels]: updated generator 63 cost function with order 2 to a function of order 3: [0.0, 100.0, 0.0]
[info | PowerModels]: updated generator 26 cost function with order 2 to a function of order 3: [0.0, 100.0, 0.0]
[info | PowerModels]: updated generator 10 cost function with order 2 to a function of order 3: [0.0, 100.0, 0.0]
[info | PowerModels]: updated generator 24 cost function with order 2 to a function of order 3: [0.0, 100.0, 0.0]
[info | PowerModels]: updated generator 58 cost function with order 2 to a function of order 3: [0.0, 100.0, 0.0]
[info | PowerModels]: updated generator 25 cost function with order 2 to a function of order 3: [0.0, 100.0, 0.0]
[info | PowerModels]: updated generator 23 cost function with order 2 to a function of order 3: [0.0, 100.0, 0.0]
[info | PowerModels]: updated generator 49 cost function with order 2 to a function of order 3: [0.0, 100.0, 0.0]
[info | PowerModels]: updated generator 59 cost function with order 2 to a function of order 3: [0.0, 100.0, 0.0]
[info | PowerModels]: updated generator 5 cost function with order 2 to a function of order 3: [0.0, 100.0, 0.0]
[info | PowerModels]: updated generator 31 cost function with order 2 to a function of order 3: [0.0, 100.0, 0.0]
[info | PowerModels]: updated generator 62 cost function with order 2 to a function of order 3: [0.0, 100.0, 0.0]
[info | PowerModels]: updated generator 43 cost function with order 2 to a function of order 3: [0.0, 100.0, 0.0]
[info | PowerModels]: updated generator 39 cost function with order 2 to a function of order 3: [0.0, 100.0, 0.0]
[info | PowerModels]: updated generator 34 cost function with order 2 to a function of order 3: [0.0, 100.0, 0.0]
[info | PowerModels]: updated generator 44 cost function with order 2 to a function of order 3: [0.0, 100.0, 0.0]
[info | PowerModels]: updated generator 55 cost function with order 2 to a function of order 3: [0.0, 100.0, 0.0]
[info | PowerModels]: updated generator 17 cost function with order 2 to a function of order 3: [0.0, 100.0, 0.0]
[info | PowerModels]: updated generator 37 cost function with order 2 to a function of order 3: [0.0, 100.0, 0.0]
[info | PowerModels]: updated generator 47 cost function with order 2 to a function of order 3: [0.0, 100.0, 0.0]
[info | PowerModels]: updated generator 9 cost function with order 2 to a function of order 3: [0.0, 100.0, 0.0]
[info | PowerModels]: updated generator 12 cost function with order 2 to a function of order 3: [0.0, 100.0, 0.0]
[info | PowerModels]: updated generator 20 cost function with order 2 to a function of order 3: [0.0, 100.0, 0.0]
[info | PowerModels]: updated generator 6 cost function with order 2 to a function of order 3: [0.0, 100.0, 0.0]
[info | PowerModels]: updated generator 14 cost function with order 2 to a function of order 3: [0.0, 100.0, 0.0]
[info | PowerModels]: updated generator 7 cost function with order 2 to a function of order 3: [0.0, 100.0, 0.0]
[info | PowerModels]: updated generator 57 cost function with order 2 to a function of order 3: [0.0, 100.0, 0.0]
[info | PowerModels]: updated generator 8 cost function with order 2 to a function of order 3: [0.0, 100.0, 0.0]
[info | PowerModels]: updated generator 64 cost function with order 2 to a function of order 3: [0.0, 100.0, 0.0]
[info | PowerModels]: updated generator 19 cost function with order 2 to a function of order 3: [0.0, 100.0, 0.0]
[info | PowerModels]: updated generator 69 cost function with order 2 to a function of order 3: [0.0, 100.0, 0.0]
[info | PowerModels]: updated generator 60 cost function with order 2 to a function of order 3: [0.0, 100.0, 0.0]
[info | PowerModels]: updated generator 4 cost function with order 2 to a function of order 3: [0.0, 100.0, 0.0]
[info | PowerModels]: updated generator 22 cost function with order 2 to a function of order 3: [0.0, 100.0, 0.0]
[info | PowerModels]: updated generator 11 cost function with order 2 to a function of order 3: [0.0, 100.0, 0.0]
[info | PowerModels]: updated generator 35 cost function with order 2 to a function of order 3: [0.0, 100.0, 0.0]
[info | PowerModels]: updated generator 13 cost function with order 2 to a function of order 3: [0.0, 100.0, 0.0]
[info | PowerModels]: updated generator 15 cost function with order 2 to a function of order 3: [0.0, 100.0, 0.0]
[info | PowerModels]: updated generator 61 cost function with order 2 to a function of order 3: [0.0, 100.0, 0.0]
[info | PowerModels]: updated generator 67 cost function with order 2 to a function of order 3: [0.0, 100.0, 0.0]
[info | PowerModels]: updated generator 16 cost function with order 2 to a function of order 3: [0.0, 100.0, 0.0]
[info | PowerModels]: updated generator 40 cost function with order 2 to a function of order 3: [0.0, 100.0, 0.0]
[info | PowerModels]: updated generator 21 cost function with order 2 to a function of order 3: [0.0, 100.0, 0.0]
[info | PowerModels]: updated generator 38 cost function with order 2 to a function of order 3: [0.0, 100.0, 0.0]
[info | PowerModels]: updated generator 46 cost function with order 2 to a function of order 3: [0.0, 100.0, 0.0]
[info | PowerModels]: updated generator 45 cost function with order 2 to a function of order 3: [0.0, 100.0, 0.0]
[info | PowerModels]: updated generator 68 cost function with order 2 to a function of order 3: [0.0, 100.0, 0.0]
[info | PowerModels]: updated generator 56 cost function with order 2 to a function of order 3: [0.0, 100.0, 0.0]
[info | PowerModels]: updated generator 36 cost function with order 2 to a function of order 3: [0.0, 100.0, 0.0]
[info | PowerModels]: updated generator 66 cost function with order 2 to a function of order 3: [0.0, 100.0, 0.0]
[info | PowerModels]: updated generator 48 cost function with order 2 to a function of order 3: [0.0, 100.0, 0.0]
[info | PowerModels]: updated generator 18 cost function with order 2 to a function of order 3: [0.0, 100.0, 0.0]
[info | PowerModels]: updated generator 30 cost function with order 2 to a function of order 3: [0.0, 100.0, 0.0]
[info | PowerModels]: updated generator 3 cost function with order 2 to a function of order 3: [0.0, 100.0, 0.0]
[info | PowerModels]: updated dcline 1 cost function with order 0 to a function of order 3: [0.0, 0.0, 0.0]

******************************************************************************
This program contains Ipopt, a library for large-scale nonlinear optimization.
 Ipopt is released as open source code under the Eclipse Public License (EPL).
         For more information visit https://github.com/coin-or/Ipopt
******************************************************************************

This is Ipopt version 3.14.4, running with linear solver MUMPS 5.4.1.

Number of nonzeros in equality constraint Jacobian...:     5058
Number of nonzeros in inequality constraint Jacobian.:      268
Number of nonzeros in Lagrangian Hessian.............:    14920

Total number of variables............................:     1212
                     variables with only lower bounds:      138
                variables with lower and upper bounds:      428
                     variables with only upper bounds:        0
Total number of equality constraints.................:      616
Total number of inequality constraints...............:      134
        inequality constraints with only lower bounds:       67
   inequality constraints with lower and upper bounds:        0
        inequality constraints with only upper bounds:       67

iter    objective    inf_pr   inf_du lg(mu)  ||d||  lg(rg) alpha_du alpha_pr  ls
   0  1.3799972e+04 9.52e+00 2.00e+04  -1.0 0.00e+00    -  0.00e+00 0.00e+00   0
   1  7.1726321e+03 6.84e+00 1.44e+04  -1.0 1.11e+01    -  2.34e-01 2.79e-01f  1
   2  4.7531955e+03 5.55e+00 1.17e+04  -1.0 6.98e+00    -  4.16e-01 1.86e-01f  1
   3  2.3472380e+03 3.88e+00 8.23e+03  -1.0 5.38e+00    -  4.17e-01 2.98e-01f  1
   4  1.3999105e+03 2.98e+00 6.34e+03  -1.0 3.52e+00    -  6.17e-01 2.29e-01f  1
   5  8.1522640e+02 2.26e+00 4.80e+03  -1.0 2.98e+00    -  1.00e+00 2.39e-01f  1
   6  3.9088389e+02 1.52e+00 3.29e+03  -1.0 2.98e+00    -  3.17e-01 3.14e-01f  1
   7  2.8249306e+02 1.28e+00 2.77e+03  -1.0 4.82e+00    -  2.09e-01 1.56e-01f  1
   8  2.1462191e+02 1.10e+00 2.39e+03  -1.0 5.63e+00    -  1.31e-01 1.37e-01f  1
   9  1.7013339e+02 9.70e-01 2.10e+03  -1.0 5.73e+00    -  1.87e-01 1.21e-01f  1
iter    objective    inf_pr   inf_du lg(mu)  ||d||  lg(rg) alpha_du alpha_pr  ls
  10  1.5782041e+02 9.26e-01 9.06e+03  -1.0 1.20e+01    -  3.04e-01 4.62e-02f  1
  11  1.3081092e+02 7.53e-01 1.35e+04  -1.0 7.05e+00    -  3.44e-01 1.86e-01f  1
  12  1.3303957e+02 6.77e-01 1.15e+04  -1.0 1.11e+01    -  8.11e-02 1.00e-01h  1
  13  1.3308195e+02 6.76e-01 1.18e+04  -1.0 8.67e+00   0.0 1.32e-02 1.38e-03h  3
  14  1.3963147e+02 6.25e-01 1.79e+04  -1.0 6.28e+00    -  2.80e-01 7.66e-02h  1
  15  1.9237585e+02 4.54e-01 2.32e+04  -1.0 1.30e+00    -  6.51e-01 2.73e-01h  1
  16  2.6263712e+02 3.31e-01 1.71e+04  -1.0 1.14e+00    -  2.90e-01 2.72e-01h  1
  17  2.6897130e+02 3.21e-01 1.68e+04  -1.0 2.02e+01    -  5.67e-02 2.85e-02h  1
  18  2.9582587e+02 2.83e-01 1.55e+04  -1.0 2.87e+00    -  2.18e-01 1.18e-01h  1
  19  3.1145259e+02 2.63e-01 1.47e+04  -1.0 1.63e+00    -  1.17e-01 7.05e-02h  1
iter    objective    inf_pr   inf_du lg(mu)  ||d||  lg(rg) alpha_du alpha_pr  ls
  20  3.1668745e+02 2.57e-01 1.48e+04  -1.0 4.02e+00    -  8.53e-02 2.34e-02h  1
  21  3.4091030e+02 2.28e-01 1.33e+04  -1.0 1.42e+00    -  1.42e-01 1.11e-01h  1
  22  3.5054288e+02 2.18e-01 1.27e+04  -1.0 9.26e-01    -  4.57e-02 4.40e-02h  1
  23  4.0111236e+02 1.73e-01 9.49e+03  -1.0 5.22e-01    -  1.28e-01 2.09e-01h  1
  24  4.5612735e+02 1.86e-01 6.40e+03  -1.0 5.66e-01   1.3 1.19e-01 2.32e-01h  1
  25  4.9172951e+02 1.71e-01 5.29e+03  -1.0 4.47e-01   1.8 1.67e-01 1.70e-01h  1
  26  5.3447253e+02 1.63e-01 8.00e+03  -1.0 3.66e-01   2.2 8.05e-01 2.26e-01h  1
  27  5.4376519e+02 1.53e-01 7.54e+03  -1.0 1.25e+00   1.7 1.12e-01 6.37e-02h  1
  28  5.5995015e+02 1.36e-01 6.72e+03  -1.0 5.30e-01   2.1 1.47e-01 1.12e-01h  1
  29  5.8206194e+02 1.14e-01 1.19e+04  -1.0 2.54e-01   2.6 5.55e-01 1.59e-01h  1
iter    objective    inf_pr   inf_du lg(mu)  ||d||  lg(rg) alpha_du alpha_pr  ls
  30  6.1451933e+02 7.68e-02 9.36e+03  -1.0 8.94e-01   2.1 1.96e-01 3.28e-01h  1
  31  6.1633676e+02 7.50e-02 8.81e+03  -1.0 1.23e-01   2.5 5.74e-01 2.32e-02h  1
  32  6.4162410e+02 5.32e-02 6.91e+03  -1.0 3.42e-01   2.0 1.79e-01 2.91e-01h  1
  33  6.7614250e+02 9.07e-02 9.78e+03  -1.0 6.08e-01   1.6 9.08e-02 6.15e-01H  1
  34  6.7703358e+02 7.61e-02 5.18e+03  -1.0 3.31e-01   2.0 4.05e-01 2.49e-01h  1
  35  6.8186623e+02 4.63e-02 3.84e+03  -1.0 2.03e-01    -  1.96e-01 3.92e-01h  1
  36  6.8431099e+02 3.20e-02 5.24e+02  -1.0 3.24e-01   1.5 7.32e-01 5.22e-01h  1
  37  6.8835797e+02 2.55e-03 5.85e+02  -1.0 5.15e-02    -  6.30e-01 1.00e+00h  1
  38  6.8865940e+02 7.39e-03 5.83e+00  -1.0 5.15e-02   1.9 1.00e+00 1.00e+00f  1
  39  6.8842935e+02 2.60e-02 2.36e+01  -1.0 1.38e-01   1.4 2.65e-01 3.58e-01f  2
iter    objective    inf_pr   inf_du lg(mu)  ||d||  lg(rg) alpha_du alpha_pr  ls
  40  6.8820832e+02 2.76e-02 1.46e+02  -1.0 7.35e-02   1.9 1.00e+00 1.74e-01f  2
  41  6.8654012e+02 6.84e-03 1.12e+02  -1.0 3.37e-01   1.4 4.46e-01 1.00e+00f  1
  42  6.8632316e+02 6.67e-03 3.19e+02  -1.0 3.93e-01    -  6.11e-01 2.56e-02h  1
  43  6.8524247e+02 7.06e-03 1.08e+02  -1.0 1.19e-01    -  7.14e-01 4.81e-01f  1
  44  6.8424164e+02 1.07e-03 4.95e-01  -1.0 2.21e-02    -  1.00e+00 1.00e+00f  1
  45  6.8019376e+02 1.86e-03 1.21e+02  -2.5 1.24e-01    -  3.65e-01 1.99e-01f  1
  46  6.6942421e+02 5.95e-03 3.15e+02  -2.5 5.07e-02    -  4.04e-01 7.11e-01f  1
  47  6.6572137e+02 1.65e-03 6.72e+01  -2.5 2.77e-02    -  8.00e-01 7.23e-01f  1
  48  6.6399379e+02 4.00e-04 7.34e-02  -2.5 1.39e-02    -  1.00e+00 1.00e+00f  1
  49  6.6337944e+02 1.79e-04 2.42e+00  -3.8 6.48e-03    -  9.32e-01 8.84e-01f  1
iter    objective    inf_pr   inf_du lg(mu)  ||d||  lg(rg) alpha_du alpha_pr  ls
  50  6.6323607e+02 5.13e-05 4.57e-03  -3.8 2.01e-03    -  1.00e+00 1.00e+00f  1
  51  6.6319140e+02 1.58e-05 1.76e+00  -5.7 7.35e-04    -  9.80e-01 8.70e-01f  1
  52  6.6318001e+02 4.04e-06 1.05e+00  -5.7 3.59e-04    -  1.00e+00 8.88e-01f  1
  53  6.6317688e+02 3.47e-07 6.30e-05  -5.7 1.24e-04    -  1.00e+00 1.00e+00f  1
  54  6.6317611e+02 5.31e-09 9.11e-07  -6.0 1.54e-05    -  1.00e+00 1.00e+00h  1

Number of Iterations....: 54

                                   (scaled)                 (unscaled)
Objective...............:   6.6317610581633460e+02    6.6317610581633460e+02
Dual infeasibility......:   9.1117570643251580e-07    9.1117570643251580e-07
Constraint violation....:   5.3129449755542337e-09    5.3129449755542337e-09
Variable bound violation:   3.3711602398511786e-08    3.3711602398511786e-08
Complementarity.........:   3.3565357675360514e-06    3.3565357675360514e-06
Overall NLP error.......:   1.6337489317445573e-06    3.3565357675360514e-06


Number of objective function evaluations             = 65
Number of objective gradient evaluations             = 55
Number of equality constraint evaluations            = 65
Number of inequality constraint evaluations          = 65
Number of equality constraint Jacobian evaluations   = 55
Number of inequality constraint Jacobian evaluations = 55
Number of Lagrangian Hessian evaluations             = 54
Total seconds in IPOPT                               = 3.392

EXIT: Optimal Solution Found.
2. Criando variáveis...
3. Montando equações de fluxo (AC Polar com CTAP)...
4. Montando balanço nodal (Kirchhoff)...
5. Resolvendo...
Status=LOCALLY_SOLVED  solve_time=3.393174886703491
[variant_18] OK  barras=300  ramos=411  p_loss_total=5.935605720002343
