[variant_18] case=5busfrank_ctap.pwf  out=/Users/gabrielrufinomontenegro/pibic-opf-2025/powerflow/Codes/PF_Formulation/resultados_csv/18/5busfrank_ctap
1. Lendo arquivo PWF: /Users/gabrielrufinomontenegro/pibic-opf-2025/powerflow/Codes/data/5busfrank_ctap.pwf
[info | PWF]: Populating defaults
[warn | PWF]: DGER not found, setting pmin as 0.0 MW and pmax as 99999.0 MW
[warn | PWF]: DC line will not be parsed due to the absence of at least one those sections: DCBA, DCLI, DCNV, DCCV, DELO
[info | PowerModels]: updated generator 1 cost function with order 2 to a function of order 3: [0.0, 100.0, 0.0]
[info | PowerModels]: updated generator 2 cost function with order 2 to a function of order 3: [0.0, 100.0, 0.0]

******************************************************************************
This program contains Ipopt, a library for large-scale nonlinear optimization.
 Ipopt is released as open source code under the Eclipse Public License (EPL).
         For more information visit https://github.com/coin-or/Ipopt
******************************************************************************

This is Ipopt version 3.14.4, running with linear solver MUMPS 5.4.1.

Number of nonzeros in equality constraint Jacobian...:       71
Number of nonzeros in inequality constraint Jacobian.:        4
Number of nonzeros in Lagrangian Hessian.............:      192

Total number of variables............................:       24
                     variables with only lower bounds:        4
                variables with lower and upper bounds:        9
                     variables with only upper bounds:        0
Total number of equality constraints.................:       12
Total number of inequality constraints...............:        2
        inequality constraints with only lower bounds:        1
   inequality constraints with lower and upper bounds:        0
        inequality constraints with only upper bounds:        1

iter    objective    inf_pr   inf_du lg(mu)  ||d||  lg(rg) alpha_du alpha_pr  ls
   0  3.9999920e+02 3.00e-01 2.00e+04  -1.0 0.00e+00    -  0.00e+00 0.00e+00   0
   1  4.0195031e-02 3.51e-02 1.89e+02  -1.0 4.28e-01    -  9.84e-01 9.91e-01f  1
   2  9.1604319e-01 2.96e-04 7.58e-03  -1.0 6.79e-02    -  1.00e+00 1.00e+00h  1
   3  2.4937304e-01 2.32e-07 1.63e-04  -1.7 1.71e-03    -  1.00e+00 1.00e+00f  1
   4  6.5192103e-02 6.93e-08 2.15e-05  -2.5 6.92e-04    -  1.00e+00 1.00e+00f  1
   5  1.9248736e-02 2.92e-06 4.72e-08  -2.5 4.49e-03    -  1.00e+00 1.00e+00f  1
   6  4.9626251e-03 3.27e-11 6.33e-08  -3.8 3.58e-05    -  1.00e+00 1.00e+00f  1
   7  1.3952589e-03 3.28e-13 1.50e-09  -3.8 1.67e-05    -  1.00e+00 1.00e+00f  1
   8  3.5046745e-04 2.28e-12 8.36e-10  -5.7 9.75e-06    -  1.00e+00 1.00e+00f  1
   9  8.9376026e-05 5.47e-13 1.85e-11  -5.7 4.85e-06    -  1.00e+00 1.00e+00f  1
iter    objective    inf_pr   inf_du lg(mu)  ||d||  lg(rg) alpha_du alpha_pr  ls
  10  2.4175856e-05 1.29e-13 1.85e-11  -5.7 2.37e-06    -  1.00e+00 1.00e+00f  1
  11  6.9589059e-06 3.53e-14 9.09e-12  -6.0 1.19e-06    -  1.00e+00 1.00e+00f  1

Number of Iterations....: 11

                                   (scaled)                 (unscaled)
Objective...............:   6.9589058966213205e-06    6.9589058966213205e-06
Dual infeasibility......:   9.0909502148406318e-12    9.0909502148406318e-12
Constraint violation....:   3.5332847758695607e-14    3.5332847758695607e-14
Variable bound violation:   0.0000000000000000e+00    0.0000000000000000e+00
Complementarity.........:   3.5131073297701119e-06    3.5131073297701119e-06
Overall NLP error.......:   3.5131073297701119e-06    3.5131073297701119e-06


Number of objective function evaluations             = 12
Number of objective gradient evaluations             = 12
Number of equality constraint evaluations            = 12
Number of inequality constraint evaluations          = 12
Number of equality constraint Jacobian evaluations   = 12
Number of inequality constraint Jacobian evaluations = 12
Number of Lagrangian Hessian evaluations             = 11
Total seconds in IPOPT                               = 5.065

EXIT: Optimal Solution Found.
2. Criando variáveis...
3. Montando equações de fluxo (AC Polar com CTAP)...
4. Montando balanço nodal (Kirchhoff)...
5. Resolvendo...
Status=LOCALLY_SOLVED  solve_time=5.066781997680664
[variant_18] OK  barras=5  ramos=5  p_loss_total=0.04196498907561974
