[variant_19] case=3bus_corrections.pwf  out=/Users/gabrielrufinomontenegro/pibic-opf-2025/powerflow/Codes/PF_Formulation/resultados_csv/19/3bus_corrections
1. Lendo arquivo PWF: /Users/gabrielrufinomontenegro/pibic-opf-2025/powerflow/Codes/data/3bus_corrections.pwf
[info | PWF]: Populating defaults
[warn | PWF]: DGER not found, setting pmin as 0.0 MW and pmax as 99999.0 MW
[warn | PWF]: DC line will not be parsed due to the absence of at least one those sections: DCBA, DCLI, DCNV, DCCV, DELO
┌ Warning: [variant_19] OTHER_ERROR
│   exception =
│    ANAREDE: Active generator with QMIN < QMAX found in a PQ bus. Verify data from Bus 2.
│    Stacktrace:
│      [1] error(s::String)
│        @ Base ./error.jl:35
│      [2] _pwf2pm_corrections_PQ!(pm_data::Dict{String, Any}, software::ANAREDE)
│        @ PWF ~/.julia/dev/PWF/src/pwf2pm/correct/anarede.jl:74
│      [3] _pwf2pm_corrections!
│        @ ~/.julia/dev/PWF/src/pwf2pm/correct/correct.jl:50 [inlined]
│      [4] _parse_pwf_to_powermodels(pwf_data::Dict{String, Any}; validate::Bool, software::Type{ANAREDE}, add_control_data::Bool)
│        @ PWF ~/.julia/dev/PWF/src/pwf2pm/pwf2pm.jl:52
│      [5] #parse_pwf_to_powermodels#117
│        @ ~/.julia/dev/PWF/src/pwf2pm/pwf2pm.jl:73 [inlined]
│      [6] #parse_file#121
│        @ ~/.julia/dev/PWF/src/PWF.jl:41 [inlined]
│      [7] resolver_fluxo_controlado(caminho_arquivo::String)
│        @ Main ~/pibic-opf-2025/powerflow/Codes/PF_Formulation/runner/variant_19_DERA.jl:25
│      [8] top-level scope
│        @ ~/pibic-opf-2025/powerflow/Codes/PF_Formulation/runner/variant_19_DERA.jl:319
│      [9] include(mod::Module, _path::String)
│        @ Base ./Base.jl:419
│     [10] exec_options(opts::Base.JLOptions)
│        @ Base ./client.jl:303
│     [11] _start()
│        @ Base ./client.jl:522
└ @ Main ~/pibic-opf-2025/powerflow/Codes/PF_Formulation/runner/variant_19_DERA.jl:321
