[variant_19] case=300bus.pwf  out=/Users/gabrielrufinomontenegro/pibic-opf-2025/powerflow/Codes/PF_Formulation/resultados_csv/19/300bus
1. Lendo arquivo PWF: /Users/gabrielrufinomontenegro/pibic-opf-2025/powerflow/Codes/data/300bus.pwf
[info | PWF]: Populating defaults
[warn | PWF]: Only one limit voltage group definded, each bus will be considered as part of the group  A, regardless of its defined group
[warn | PWF]: Only one base voltage group definded, each bus will be considered as part of the group  A, regardless of its defined group
[warn | PowerModels]: this code only supports loss0 values which are consistent with the line flow bounds, changing the value on dcline 1 from 0.0 to 0.0
[info | PowerModels]: removing 3 cost terms from dcline 1: Float64[]
[info | PowerModels]: updated generator 32 cost function with order 2 to a function of order 3: [0.0, 100.0, 0.0]
[info | PowerModels]: updated generator 29 cost function with order 2 to a function of order 3: [0.0, 100.0, 0.0]
[info | PowerModels]: updated generator 1 cost function with order 2 to a function of order 3: [0.0, 100.0, 0.0]
[info | PowerModels]: updated generator 54 cost function with order 2 to a function of order 3: [0.0, 100.0, 0.0]
[info | PowerModels]: updated generator 2 cost function with order 2 to a function of order 3: [0.0, 100.0, 0.0]
[info | PowerModels]: updated generator 41 cost function with order 2 to a function of order 3: [0.0, 100.0, 0.0]
[info | PowerModels]: updated generator 65 cost function with order 2 to a function of order 3: [0.0, 100.0, 0.0]
[info | PowerModels]: updated generator 51 cost function with order 2 to a function of order 3: [0.0, 100.0, 0.0]
[info | PowerModels]: updated generator 53 cost function with order 2 to a function of order 3: [0.0, 100.0, 0.0]
[info | PowerModels]: updated generator 27 cost function with order 2 to a function of order 3: [0.0, 100.0, 0.0]
[info | PowerModels]: updated generator 42 cost function with order 2 to a function of order 3: [0.0, 100.0, 0.0]
[info | PowerModels]: updated generator 33 cost function with order 2 to a function of order 3: [0.0, 100.0, 0.0]
[info | PowerModels]: updated generator 28 cost function with order 2 to a function of order 3: [0.0, 100.0, 0.0]
[info | PowerModels]: updated generator 50 cost function with order 2 to a function of order 3: [0.0, 100.0, 0.0]
[info | PowerModels]: updated generator 52 cost function with order 2 to a function of order 3: [0.0, 100.0, 0.0]
[info | PowerModels]: updated generator 63 cost function with order 2 to a function of order 3: [0.0, 100.0, 0.0]
[info | PowerModels]: updated generator 26 cost function with order 2 to a function of order 3: [0.0, 100.0, 0.0]
[info | PowerModels]: updated generator 10 cost function with order 2 to a function of order 3: [0.0, 100.0, 0.0]
[info | PowerModels]: updated generator 24 cost function with order 2 to a function of order 3: [0.0, 100.0, 0.0]
[info | PowerModels]: updated generator 58 cost function with order 2 to a function of order 3: [0.0, 100.0, 0.0]
[info | PowerModels]: updated generator 25 cost function with order 2 to a function of order 3: [0.0, 100.0, 0.0]
[info | PowerModels]: updated generator 23 cost function with order 2 to a function of order 3: [0.0, 100.0, 0.0]
[info | PowerModels]: updated generator 49 cost function with order 2 to a function of order 3: [0.0, 100.0, 0.0]
[info | PowerModels]: updated generator 59 cost function with order 2 to a function of order 3: [0.0, 100.0, 0.0]
[info | PowerModels]: updated generator 5 cost function with order 2 to a function of order 3: [0.0, 100.0, 0.0]
[info | PowerModels]: updated generator 31 cost function with order 2 to a function of order 3: [0.0, 100.0, 0.0]
[info | PowerModels]: updated generator 62 cost function with order 2 to a function of order 3: [0.0, 100.0, 0.0]
[info | PowerModels]: updated generator 43 cost function with order 2 to a function of order 3: [0.0, 100.0, 0.0]
[info | PowerModels]: updated generator 39 cost function with order 2 to a function of order 3: [0.0, 100.0, 0.0]
[info | PowerModels]: updated generator 34 cost function with order 2 to a function of order 3: [0.0, 100.0, 0.0]
[info | PowerModels]: updated generator 44 cost function with order 2 to a function of order 3: [0.0, 100.0, 0.0]
[info | PowerModels]: updated generator 55 cost function with order 2 to a function of order 3: [0.0, 100.0, 0.0]
[info | PowerModels]: updated generator 17 cost function with order 2 to a function of order 3: [0.0, 100.0, 0.0]
[info | PowerModels]: updated generator 37 cost function with order 2 to a function of order 3: [0.0, 100.0, 0.0]
[info | PowerModels]: updated generator 47 cost function with order 2 to a function of order 3: [0.0, 100.0, 0.0]
[info | PowerModels]: updated generator 9 cost function with order 2 to a function of order 3: [0.0, 100.0, 0.0]
[info | PowerModels]: updated generator 12 cost function with order 2 to a function of order 3: [0.0, 100.0, 0.0]
[info | PowerModels]: updated generator 20 cost function with order 2 to a function of order 3: [0.0, 100.0, 0.0]
[info | PowerModels]: updated generator 6 cost function with order 2 to a function of order 3: [0.0, 100.0, 0.0]
[info | PowerModels]: updated generator 14 cost function with order 2 to a function of order 3: [0.0, 100.0, 0.0]
[info | PowerModels]: updated generator 7 cost function with order 2 to a function of order 3: [0.0, 100.0, 0.0]
[info | PowerModels]: updated generator 57 cost function with order 2 to a function of order 3: [0.0, 100.0, 0.0]
[info | PowerModels]: updated generator 8 cost function with order 2 to a function of order 3: [0.0, 100.0, 0.0]
[info | PowerModels]: updated generator 64 cost function with order 2 to a function of order 3: [0.0, 100.0, 0.0]
[info | PowerModels]: updated generator 19 cost function with order 2 to a function of order 3: [0.0, 100.0, 0.0]
[info | PowerModels]: updated generator 69 cost function with order 2 to a function of order 3: [0.0, 100.0, 0.0]
[info | PowerModels]: updated generator 60 cost function with order 2 to a function of order 3: [0.0, 100.0, 0.0]
[info | PowerModels]: updated generator 4 cost function with order 2 to a function of order 3: [0.0, 100.0, 0.0]
[info | PowerModels]: updated generator 22 cost function with order 2 to a function of order 3: [0.0, 100.0, 0.0]
[info | PowerModels]: updated generator 11 cost function with order 2 to a function of order 3: [0.0, 100.0, 0.0]
[info | PowerModels]: updated generator 35 cost function with order 2 to a function of order 3: [0.0, 100.0, 0.0]
[info | PowerModels]: updated generator 13 cost function with order 2 to a function of order 3: [0.0, 100.0, 0.0]
[info | PowerModels]: updated generator 15 cost function with order 2 to a function of order 3: [0.0, 100.0, 0.0]
[info | PowerModels]: updated generator 61 cost function with order 2 to a function of order 3: [0.0, 100.0, 0.0]
[info | PowerModels]: updated generator 67 cost function with order 2 to a function of order 3: [0.0, 100.0, 0.0]
[info | PowerModels]: updated generator 16 cost function with order 2 to a function of order 3: [0.0, 100.0, 0.0]
[info | PowerModels]: updated generator 40 cost function with order 2 to a function of order 3: [0.0, 100.0, 0.0]
[info | PowerModels]: updated generator 21 cost function with order 2 to a function of order 3: [0.0, 100.0, 0.0]
[info | PowerModels]: updated generator 38 cost function with order 2 to a function of order 3: [0.0, 100.0, 0.0]
[info | PowerModels]: updated generator 46 cost function with order 2 to a function of order 3: [0.0, 100.0, 0.0]
[info | PowerModels]: updated generator 45 cost function with order 2 to a function of order 3: [0.0, 100.0, 0.0]
[info | PowerModels]: updated generator 68 cost function with order 2 to a function of order 3: [0.0, 100.0, 0.0]
[info | PowerModels]: updated generator 56 cost function with order 2 to a function of order 3: [0.0, 100.0, 0.0]
[info | PowerModels]: updated generator 36 cost function with order 2 to a function of order 3: [0.0, 100.0, 0.0]
[info | PowerModels]: updated generator 66 cost function with order 2 to a function of order 3: [0.0, 100.0, 0.0]
[info | PowerModels]: updated generator 48 cost function with order 2 to a function of order 3: [0.0, 100.0, 0.0]
[info | PowerModels]: updated generator 18 cost function with order 2 to a function of order 3: [0.0, 100.0, 0.0]
[info | PowerModels]: updated generator 30 cost function with order 2 to a function of order 3: [0.0, 100.0, 0.0]
[info | PowerModels]: updated generator 3 cost function with order 2 to a function of order 3: [0.0, 100.0, 0.0]
[info | PowerModels]: updated dcline 1 cost function with order 0 to a function of order 3: [0.0, 0.0, 0.0]

******************************************************************************
This program contains Ipopt, a library for large-scale nonlinear optimization.
 Ipopt is released as open source code under the Eclipse Public License (EPL).
         For more information visit https://github.com/coin-or/Ipopt
******************************************************************************

This is Ipopt version 3.14.4, running with linear solver MUMPS 5.4.1.

Number of nonzeros in equality constraint Jacobian...:     5783
Number of nonzeros in inequality constraint Jacobian.:      268
Number of nonzeros in Lagrangian Hessian.............:    14920

Total number of variables............................:     1586
                     variables with only lower bounds:      138
                variables with lower and upper bounds:      615
                     variables with only upper bounds:        0
Total number of equality constraints.................:      803
Total number of inequality constraints...............:      134
        inequality constraints with only lower bounds:       67
   inequality constraints with lower and upper bounds:        0
        inequality constraints with only upper bounds:       67

iter    objective    inf_pr   inf_du lg(mu)  ||d||  lg(rg) alpha_du alpha_pr  ls
   0  5.4630458e+07 9.53e+00 1.00e+02  -1.0 0.00e+00    -  0.00e+00 0.00e+00   0
   1  5.4548585e+06 9.42e+00 6.56e+01  -1.0 8.53e+01    -  3.55e-01 1.10e-02f  1
   2  1.7210327e+07 3.02e+00 5.05e+01  -1.0 1.29e+01    -  2.31e-01 8.73e-01f  1
   3  9.9099277e+06 1.75e+00 3.28e+01  -1.0 9.05e-01    -  3.51e-01 8.82e-01h  1
   4  1.8133233e+07 1.71e-01 1.34e+00  -1.0 5.11e-01    -  9.64e-01 1.00e+00f  1
   5  1.6073899e+07 4.15e-02 1.62e-01  -1.0 1.51e+00    -  1.00e+00 1.00e+00f  1
   6  2.7784605e+06 7.03e-02 6.51e-01  -2.5 5.43e-01    -  8.66e-01 9.55e-01f  1
   7  8.6676775e+05 7.14e-02 4.26e-01  -2.5 5.57e-01    -  8.53e-01 1.00e+00f  1
   8  5.9789083e+05 2.38e-02 4.40e-02  -2.5 4.40e-02   0.0 1.00e+00 1.00e+00h  1
   9  4.7331464e+05 2.25e-02 1.15e-02  -2.5 3.45e-02  -0.5 1.00e+00 1.00e+00h  1
iter    objective    inf_pr   inf_du lg(mu)  ||d||  lg(rg) alpha_du alpha_pr  ls
  10  2.3027791e+05 5.30e-01 2.43e-01  -3.8 1.55e-01  -1.0 4.24e-01 5.83e-01f  1
  11  9.0251248e+04 2.04e-01 2.65e-01  -3.8 8.34e-01    -  6.33e-01 7.53e-01h  1
  12  4.6359700e+04 3.35e-01 2.99e-01  -3.8 6.39e-01    -  5.54e-01 7.71e-01h  1
  13  2.8911510e+04 2.08e-02 1.53e-01  -3.8 6.29e-01    -  7.51e-01 1.00e+00h  1
  14  2.7718907e+04 1.03e-01 5.53e-02  -3.8 3.94e+00    -  5.18e-01 3.60e-01H  1
  15  2.5724659e+04 2.30e-02 5.00e-04  -3.8 4.43e-01    -  1.00e+00 1.00e+00h  1
  16  2.5603513e+04 4.96e-03 9.69e-06  -3.8 2.75e-01    -  1.00e+00 1.00e+00h  1
  17  2.5602069e+04 3.09e-04 2.90e-07  -3.8 7.27e-02    -  1.00e+00 1.00e+00h  1
  18  7.4088018e+03 3.72e-02 1.07e-01  -5.7 2.03e+00    -  5.01e-01 8.21e-01f  1
  19  3.6568895e+03 1.03e-01 1.14e-01  -5.7 3.31e+00    -  3.85e-01 7.00e-01h  1
iter    objective    inf_pr   inf_du lg(mu)  ||d||  lg(rg) alpha_du alpha_pr  ls
  20  2.0685032e+03 4.40e-01 7.25e-02  -5.7 1.95e+00    -  4.79e-01 6.86e-01h  1
  21  1.3919528e+03 1.40e-01 2.86e-02  -5.7 6.26e-01    -  6.76e-01 7.43e-01h  1
  22  1.1422084e+03 5.86e-02 3.13e-02  -5.7 6.99e-01    -  2.87e-01 6.19e-01h  1
  23  9.7729139e+02 1.36e-02 1.50e-02  -5.7 2.74e-01    -  7.11e-01 1.00e+00h  1
  24  9.3895594e+02 3.25e-02 5.82e-03  -5.7 3.71e-01    -  6.30e-01 8.69e-01h  1
  25  9.1895820e+02 3.57e-02 1.35e-03  -5.7 4.19e-01    -  1.00e+00 6.85e-01f  1
  26  9.1725561e+02 4.68e-03 2.91e-06  -5.7 1.39e-01    -  1.00e+00 1.00e+00f  1
  27  9.1698245e+02 1.62e-04 2.27e-08  -5.7 2.30e-02    -  1.00e+00 1.00e+00h  1
  28  9.1698426e+02 8.84e-09 1.84e-11  -5.7 1.32e-04    -  1.00e+00 1.00e+00h  1
  29  7.6691224e+02 1.05e-02 1.28e-04  -8.6 3.21e-01    -  4.78e-01 4.85e-01f  1
iter    objective    inf_pr   inf_du lg(mu)  ||d||  lg(rg) alpha_du alpha_pr  ls
  30  6.4859549e+02 3.04e-02 4.00e-03  -8.6 2.24e-01    -  4.18e-01 7.18e-01h  1
  31  6.4369310e+02 2.93e-02 3.69e-03  -8.6 2.58e+00    -  3.33e-02 3.93e-02h  1
  32  6.4005168e+02 2.90e-02 3.50e-03  -8.6 6.07e+00    -  1.33e-02 1.50e-02h  1
  33  6.0200957e+02 1.24e-02 7.69e-03  -8.6 9.35e-02    -  1.98e-01 7.69e-01h  1
  34  5.9313773e+02 6.68e-03 4.92e-03  -8.6 9.09e-02    -  2.93e-01 4.22e-01h  1
  35  5.9008913e+02 5.38e-03 3.90e-03  -8.6 1.28e-01    -  4.31e-01 1.92e-01h  1
  36  5.8202554e+02 2.96e-03 1.60e-03  -8.6 6.24e-02    -  4.66e-01 6.65e-01h  1
  37  5.7810056e+02 1.49e-03 3.15e-04  -8.6 3.33e-02    -  7.36e-01 8.28e-01h  1
  38  5.7693216e+02 1.09e-04 6.82e-08  -8.6 1.26e-02    -  1.00e+00 1.00e+00f  1
  39  5.7672908e+02 1.13e-05 8.94e-09  -8.6 7.33e-03    -  1.00e+00 1.00e+00h  1
iter    objective    inf_pr   inf_du lg(mu)  ||d||  lg(rg) alpha_du alpha_pr  ls
  40  5.7669046e+02 1.29e-06 1.01e-09  -8.6 7.93e-04    -  1.00e+00 1.00e+00h  1
  41  5.7668749e+02 2.51e-08 1.97e-11  -8.6 6.00e-05    -  1.00e+00 1.00e+00h  1
  42  5.7668747e+02 1.07e-11 2.51e-14  -8.6 1.25e-06    -  1.00e+00 1.00e+00h  1
  43  5.7626202e+02 1.88e-06 1.03e-06 -10.7 3.12e-03    -  9.25e-01 9.04e-01h  1
  44  5.7620724e+02 5.01e-07 2.37e-06 -10.7 8.31e-04    -  1.00e+00 9.13e-01f  1
  45  5.7619730e+02 3.21e-08 2.53e-11 -10.7 6.76e-05    -  1.00e+00 1.00e+00f  1

Number of Iterations....: 45

                                   (scaled)                 (unscaled)
Objective...............:   1.1523946026922511e-03    5.7619730134612553e+02
Dual infeasibility......:   2.5254694909558986e-11    1.2627347454779493e-05
Constraint violation....:   3.2055123890372263e-08    3.2055123890372263e-08
Variable bound violation:   1.0878316691886880e-08    1.0878316691886880e-08
Complementarity.........:   6.2561059442718501e-11    3.1280529721359251e-05
Overall NLP error.......:   3.2055123890372263e-08    3.1280529721359251e-05


Number of objective function evaluations             = 47
Number of objective gradient evaluations             = 46
Number of equality constraint evaluations            = 47
Number of inequality constraint evaluations          = 47
Number of equality constraint Jacobian evaluations   = 46
Number of inequality constraint Jacobian evaluations = 46
Number of Lagrangian Hessian evaluations             = 45
Total seconds in IPOPT                               = 3.613

EXIT: Optimal Solution Found.
2. Criando variáveis...
Criando variáveis de Corte de Carga (DERA)...
3. Montando equações de fluxo (AC Polar com CTAP)...
4. Montando balanço nodal com DERA...
5. Resolvendo...
Status=LOCALLY_SOLVED  solve_time=3.614192008972168
[variant_19] OK  barras=300  ramos=411  p_loss_total=5.937973839115611
